CRITICAL - 2020-03-10 20:31:58 --> ini_set(): Headers already sent. You cannot change the session module's ini settings at this time
#0 [internal function]: CodeIgniter\Debug\Exceptions->errorHandler(2, 'ini_set(): Head...', 'C:\\wamp64\\www\\b...', 101, Array)
#1 C:\wamp64\www\burakwork\system\Session\Handlers\FileHandler.php(101): ini_set('session.save_pa...', 'C:\\wamp64\\www\\b...')
#2 C:\wamp64\www\burakwork\system\Config\Services.php(765): CodeIgniter\Session\Handlers\FileHandler->__construct(Object(Config\App), '::1')
#3 C:\wamp64\www\burakwork\system\Config\BaseService.php(123): CodeIgniter\Config\Services::session(Object(Config\App), false)
#4 C:\wamp64\www\burakwork\system\Config\Services.php(754): CodeIgniter\Config\BaseService::getSharedInstance('session', NULL)
#5 C:\wamp64\www\burakwork\system\Common.php(879): CodeIgniter\Config\Services::session()
#6 C:\wamp64\www\burakwork\app\Controllers\Panel.php(6): session()
#7 C:\wamp64\www\burakwork\system\CodeIgniter.php(882): App\Controllers\Panel->__construct()
#8 C:\wamp64\www\burakwork\system\CodeIgniter.php(393): CodeIgniter\CodeIgniter->createController()
#9 C:\wamp64\www\burakwork\system\CodeIgniter.php(306): CodeIgniter\CodeIgniter->handleRequest(NULL, Object(Config\Cache), false)
#10 C:\wamp64\www\burakwork\index.php(45): CodeIgniter\CodeIgniter->run()
#11 {main}
CRITICAL - 2020-03-10 20:31:58 --> Uncaught ErrorException: Cannot modify header information - headers already sent by (output started at C:\wamp64\www\burakwork\system\HTTP\IncomingRequest.php:201) in C:\wamp64\www\burakwork\system\Debug\Exceptions.php:161
Stack trace:
#0 [internal function]: CodeIgniter\Debug\Exceptions->errorHandler(2, 'Cannot modify h...', 'C:\\wamp64\\www\\b...', 161, Array)
#1 C:\wamp64\www\burakwork\system\Debug\Exceptions.php(161): header('HTTP/1.1 500 In...', true, 500)
#2 [internal function]: CodeIgniter\Debug\Exceptions->exceptionHandler(Object(ErrorException))
#3 {main}
  thrown
#0 [internal function]: CodeIgniter\Debug\Exceptions->shutdownHandler()
#1 {main}
CRITICAL - 2020-03-10 20:31:59 --> ini_set(): Headers already sent. You cannot change the session module's ini settings at this time
#0 [internal function]: CodeIgniter\Debug\Exceptions->errorHandler(2, 'ini_set(): Head...', 'C:\\wamp64\\www\\b...', 101, Array)
#1 C:\wamp64\www\burakwork\system\Session\Handlers\FileHandler.php(101): ini_set('session.save_pa...', 'C:\\wamp64\\www\\b...')
#2 C:\wamp64\www\burakwork\system\Config\Services.php(765): CodeIgniter\Session\Handlers\FileHandler->__construct(Object(Config\App), '::1')
#3 C:\wamp64\www\burakwork\system\Config\BaseService.php(123): CodeIgniter\Config\Services::session(Object(Config\App), false)
#4 C:\wamp64\www\burakwork\system\Config\Services.php(754): CodeIgniter\Config\BaseService::getSharedInstance('session', NULL)
#5 C:\wamp64\www\burakwork\system\Common.php(879): CodeIgniter\Config\Services::session()
#6 C:\wamp64\www\burakwork\app\Controllers\Panel.php(6): session()
#7 C:\wamp64\www\burakwork\system\CodeIgniter.php(882): App\Controllers\Panel->__construct()
#8 C:\wamp64\www\burakwork\system\CodeIgniter.php(393): CodeIgniter\CodeIgniter->createController()
#9 C:\wamp64\www\burakwork\system\CodeIgniter.php(306): CodeIgniter\CodeIgniter->handleRequest(NULL, Object(Config\Cache), false)
#10 C:\wamp64\www\burakwork\index.php(45): CodeIgniter\CodeIgniter->run()
#11 {main}
CRITICAL - 2020-03-10 20:31:59 --> Uncaught ErrorException: Cannot modify header information - headers already sent by (output started at C:\wamp64\www\burakwork\system\HTTP\IncomingRequest.php:201) in C:\wamp64\www\burakwork\system\Debug\Exceptions.php:161
Stack trace:
#0 [internal function]: CodeIgniter\Debug\Exceptions->errorHandler(2, 'Cannot modify h...', 'C:\\wamp64\\www\\b...', 161, Array)
#1 C:\wamp64\www\burakwork\system\Debug\Exceptions.php(161): header('HTTP/1.1 500 In...', true, 500)
#2 [internal function]: CodeIgniter\Debug\Exceptions->exceptionHandler(Object(ErrorException))
#3 {main}
  thrown
#0 [internal function]: CodeIgniter\Debug\Exceptions->shutdownHandler()
#1 {main}
