CRITICAL - 2020-03-03 10:40:21 --> Call to undefined method Config\View::item()
#0 C:\wamp64\www\burakwork\system\View\View.php(236): include()
#1 C:\wamp64\www\burakwork\system\Common.php(1071): CodeIgniter\View\View->render('header', Array, true)
#2 C:\wamp64\www\burakwork\app\Controllers\Home.php(8): view('header', Array)
#3 C:\wamp64\www\burakwork\system\CodeIgniter.php(910): App\Controllers\Home->index()
#4 C:\wamp64\www\burakwork\system\CodeIgniter.php(398): CodeIgniter\CodeIgniter->runController(Object(App\Controllers\Home))
#5 C:\wamp64\www\burakwork\system\CodeIgniter.php(306): CodeIgniter\CodeIgniter->handleRequest(NULL, Object(Config\Cache), false)
#6 C:\wamp64\www\burakwork\index.php(45): CodeIgniter\CodeIgniter->run()
#7 {main}
CRITICAL - 2020-03-03 10:40:22 --> Call to undefined method Config\View::item()
#0 C:\wamp64\www\burakwork\system\View\View.php(236): include()
#1 C:\wamp64\www\burakwork\system\Common.php(1071): CodeIgniter\View\View->render('header', Array, true)
#2 C:\wamp64\www\burakwork\app\Controllers\Home.php(8): view('header', Array)
#3 C:\wamp64\www\burakwork\system\CodeIgniter.php(910): App\Controllers\Home->index()
#4 C:\wamp64\www\burakwork\system\CodeIgniter.php(398): CodeIgniter\CodeIgniter->runController(Object(App\Controllers\Home))
#5 C:\wamp64\www\burakwork\system\CodeIgniter.php(306): CodeIgniter\CodeIgniter->handleRequest(NULL, Object(Config\Cache), false)
#6 C:\wamp64\www\burakwork\index.php(45): CodeIgniter\CodeIgniter->run()
#7 {main}
CRITICAL - 2020-03-03 10:40:22 --> Call to undefined method Config\View::item()
#0 C:\wamp64\www\burakwork\system\View\View.php(236): include()
#1 C:\wamp64\www\burakwork\system\Common.php(1071): CodeIgniter\View\View->render('header', Array, true)
#2 C:\wamp64\www\burakwork\app\Controllers\Home.php(8): view('header', Array)
#3 C:\wamp64\www\burakwork\system\CodeIgniter.php(910): App\Controllers\Home->index()
#4 C:\wamp64\www\burakwork\system\CodeIgniter.php(398): CodeIgniter\CodeIgniter->runController(Object(App\Controllers\Home))
#5 C:\wamp64\www\burakwork\system\CodeIgniter.php(306): CodeIgniter\CodeIgniter->handleRequest(NULL, Object(Config\Cache), false)
#6 C:\wamp64\www\burakwork\index.php(45): CodeIgniter\CodeIgniter->run()
#7 {main}
CRITICAL - 2020-03-03 10:40:23 --> Call to undefined method Config\View::item()
#0 C:\wamp64\www\burakwork\system\View\View.php(236): include()
#1 C:\wamp64\www\burakwork\system\Common.php(1071): CodeIgniter\View\View->render('header', Array, true)
#2 C:\wamp64\www\burakwork\app\Controllers\Home.php(8): view('header', Array)
#3 C:\wamp64\www\burakwork\system\CodeIgniter.php(910): App\Controllers\Home->index()
#4 C:\wamp64\www\burakwork\system\CodeIgniter.php(398): CodeIgniter\CodeIgniter->runController(Object(App\Controllers\Home))
#5 C:\wamp64\www\burakwork\system\CodeIgniter.php(306): CodeIgniter\CodeIgniter->handleRequest(NULL, Object(Config\Cache), false)
#6 C:\wamp64\www\burakwork\index.php(45): CodeIgniter\CodeIgniter->run()
#7 {main}
CRITICAL - 2020-03-03 10:42:49 --> Call to undefined method Config\View::item()
#0 C:\wamp64\www\burakwork\system\View\View.php(236): include()
#1 C:\wamp64\www\burakwork\system\Common.php(1071): CodeIgniter\View\View->render('header', Array, true)
#2 C:\wamp64\www\burakwork\app\Controllers\Home.php(8): view('header', Array)
#3 C:\wamp64\www\burakwork\system\CodeIgniter.php(910): App\Controllers\Home->index()
#4 C:\wamp64\www\burakwork\system\CodeIgniter.php(398): CodeIgniter\CodeIgniter->runController(Object(App\Controllers\Home))
#5 C:\wamp64\www\burakwork\system\CodeIgniter.php(306): CodeIgniter\CodeIgniter->handleRequest(NULL, Object(Config\Cache), false)
#6 C:\wamp64\www\burakwork\index.php(45): CodeIgniter\CodeIgniter->run()
#7 {main}
CRITICAL - 2020-03-03 10:43:02 --> Too few arguments to function config(), 0 passed in C:\wamp64\www\burakwork\app\Views\header.php on line 1 and at least 1 expected
#0 C:\wamp64\www\burakwork\app\Views\header.php(1): config()
#1 C:\wamp64\www\burakwork\system\View\View.php(236): include('C:\\wamp64\\www\\b...')
#2 C:\wamp64\www\burakwork\system\Common.php(1071): CodeIgniter\View\View->render('header', Array, true)
#3 C:\wamp64\www\burakwork\app\Controllers\Home.php(8): view('header', Array)
#4 C:\wamp64\www\burakwork\system\CodeIgniter.php(910): App\Controllers\Home->index()
#5 C:\wamp64\www\burakwork\system\CodeIgniter.php(398): CodeIgniter\CodeIgniter->runController(Object(App\Controllers\Home))
#6 C:\wamp64\www\burakwork\system\CodeIgniter.php(306): CodeIgniter\CodeIgniter->handleRequest(NULL, Object(Config\Cache), false)
#7 C:\wamp64\www\burakwork\index.php(45): CodeIgniter\CodeIgniter->run()
#8 {main}
CRITICAL - 2020-03-03 10:43:02 --> Too few arguments to function config(), 0 passed in C:\wamp64\www\burakwork\app\Views\header.php on line 1 and at least 1 expected
#0 C:\wamp64\www\burakwork\app\Views\header.php(1): config()
#1 C:\wamp64\www\burakwork\system\View\View.php(236): include('C:\\wamp64\\www\\b...')
#2 C:\wamp64\www\burakwork\system\Common.php(1071): CodeIgniter\View\View->render('header', Array, true)
#3 C:\wamp64\www\burakwork\app\Controllers\Home.php(8): view('header', Array)
#4 C:\wamp64\www\burakwork\system\CodeIgniter.php(910): App\Controllers\Home->index()
#5 C:\wamp64\www\burakwork\system\CodeIgniter.php(398): CodeIgniter\CodeIgniter->runController(Object(App\Controllers\Home))
#6 C:\wamp64\www\burakwork\system\CodeIgniter.php(306): CodeIgniter\CodeIgniter->handleRequest(NULL, Object(Config\Cache), false)
#7 C:\wamp64\www\burakwork\index.php(45): CodeIgniter\CodeIgniter->run()
#8 {main}
