CRITICAL - 2020-03-06 08:23:20 --> Call to undefined method CodeIgniter\Database\MySQLi\Connection::where()
#0 C:\wamp64\www\burakwork\app\Views\login.php(3): App\Models\AuthModel->check_user('maillundmark@gm...', '1123456')
#1 C:\wamp64\www\burakwork\system\View\View.php(236): include('C:\\wamp64\\www\\b...')
#2 C:\wamp64\www\burakwork\system\Common.php(1071): CodeIgniter\View\View->render('login', Array, true)
#3 C:\wamp64\www\burakwork\app\Controllers\Auth.php(16): view('login')
#4 C:\wamp64\www\burakwork\system\CodeIgniter.php(910): App\Controllers\Auth->login()
#5 C:\wamp64\www\burakwork\system\CodeIgniter.php(398): CodeIgniter\CodeIgniter->runController(Object(App\Controllers\Auth))
#6 C:\wamp64\www\burakwork\system\CodeIgniter.php(306): CodeIgniter\CodeIgniter->handleRequest(NULL, Object(Config\Cache), false)
#7 C:\wamp64\www\burakwork\index.php(45): CodeIgniter\CodeIgniter->run()
#8 {main}
CRITICAL - 2020-03-06 08:23:21 --> Call to undefined method CodeIgniter\Database\MySQLi\Connection::where()
#0 C:\wamp64\www\burakwork\app\Views\login.php(3): App\Models\AuthModel->check_user('maillundmark@gm...', '1123456')
#1 C:\wamp64\www\burakwork\system\View\View.php(236): include('C:\\wamp64\\www\\b...')
#2 C:\wamp64\www\burakwork\system\Common.php(1071): CodeIgniter\View\View->render('login', Array, true)
#3 C:\wamp64\www\burakwork\app\Controllers\Auth.php(16): view('login')
#4 C:\wamp64\www\burakwork\system\CodeIgniter.php(910): App\Controllers\Auth->login()
#5 C:\wamp64\www\burakwork\system\CodeIgniter.php(398): CodeIgniter\CodeIgniter->runController(Object(App\Controllers\Auth))
#6 C:\wamp64\www\burakwork\system\CodeIgniter.php(306): CodeIgniter\CodeIgniter->handleRequest(NULL, Object(Config\Cache), false)
#7 C:\wamp64\www\burakwork\index.php(45): CodeIgniter\CodeIgniter->run()
#8 {main}
CRITICAL - 2020-03-06 10:46:58 --> Call to undefined method CodeIgniter\Database\MySQLi\Connection::where()
#0 C:\wamp64\www\burakwork\app\Views\login.php(3): App\Models\AuthModel->check_user('maillundmark@gm...', '1123456')
#1 C:\wamp64\www\burakwork\system\View\View.php(236): include('C:\\wamp64\\www\\b...')
#2 C:\wamp64\www\burakwork\system\Common.php(1071): CodeIgniter\View\View->render('login', Array, true)
#3 C:\wamp64\www\burakwork\app\Controllers\Auth.php(16): view('login')
#4 C:\wamp64\www\burakwork\system\CodeIgniter.php(910): App\Controllers\Auth->login()
#5 C:\wamp64\www\burakwork\system\CodeIgniter.php(398): CodeIgniter\CodeIgniter->runController(Object(App\Controllers\Auth))
#6 C:\wamp64\www\burakwork\system\CodeIgniter.php(306): CodeIgniter\CodeIgniter->handleRequest(NULL, Object(Config\Cache), false)
#7 C:\wamp64\www\burakwork\index.php(45): CodeIgniter\CodeIgniter->run()
#8 {main}
CRITICAL - 2020-03-06 10:46:59 --> Call to undefined method CodeIgniter\Database\MySQLi\Connection::where()
#0 C:\wamp64\www\burakwork\app\Views\login.php(3): App\Models\AuthModel->check_user('maillundmark@gm...', '1123456')
#1 C:\wamp64\www\burakwork\system\View\View.php(236): include('C:\\wamp64\\www\\b...')
#2 C:\wamp64\www\burakwork\system\Common.php(1071): CodeIgniter\View\View->render('login', Array, true)
#3 C:\wamp64\www\burakwork\app\Controllers\Auth.php(16): view('login')
#4 C:\wamp64\www\burakwork\system\CodeIgniter.php(910): App\Controllers\Auth->login()
#5 C:\wamp64\www\burakwork\system\CodeIgniter.php(398): CodeIgniter\CodeIgniter->runController(Object(App\Controllers\Auth))
#6 C:\wamp64\www\burakwork\system\CodeIgniter.php(306): CodeIgniter\CodeIgniter->handleRequest(NULL, Object(Config\Cache), false)
#7 C:\wamp64\www\burakwork\index.php(45): CodeIgniter\CodeIgniter->run()
#8 {main}
CRITICAL - 2020-03-06 10:48:10 --> Undefined variable: table
#0 C:\wamp64\www\burakwork\app\Models\AuthModel.php(14): CodeIgniter\Debug\Exceptions->errorHandler(8, 'Undefined varia...', 'C:\\wamp64\\www\\b...', 14, Array)
#1 C:\wamp64\www\burakwork\app\Views\login.php(3): App\Models\AuthModel->check_user('maillundmark@gm...', '1123456')
#2 C:\wamp64\www\burakwork\system\View\View.php(236): include('C:\\wamp64\\www\\b...')
#3 C:\wamp64\www\burakwork\system\Common.php(1071): CodeIgniter\View\View->render('login', Array, true)
#4 C:\wamp64\www\burakwork\app\Controllers\Auth.php(16): view('login')
#5 C:\wamp64\www\burakwork\system\CodeIgniter.php(910): App\Controllers\Auth->login()
#6 C:\wamp64\www\burakwork\system\CodeIgniter.php(398): CodeIgniter\CodeIgniter->runController(Object(App\Controllers\Auth))
#7 C:\wamp64\www\burakwork\system\CodeIgniter.php(306): CodeIgniter\CodeIgniter->handleRequest(NULL, Object(Config\Cache), false)
#8 C:\wamp64\www\burakwork\index.php(45): CodeIgniter\CodeIgniter->run()
#9 {main}
CRITICAL - 2020-03-06 10:48:11 --> Undefined variable: table
#0 C:\wamp64\www\burakwork\app\Models\AuthModel.php(14): CodeIgniter\Debug\Exceptions->errorHandler(8, 'Undefined varia...', 'C:\\wamp64\\www\\b...', 14, Array)
#1 C:\wamp64\www\burakwork\app\Views\login.php(3): App\Models\AuthModel->check_user('maillundmark@gm...', '1123456')
#2 C:\wamp64\www\burakwork\system\View\View.php(236): include('C:\\wamp64\\www\\b...')
#3 C:\wamp64\www\burakwork\system\Common.php(1071): CodeIgniter\View\View->render('login', Array, true)
#4 C:\wamp64\www\burakwork\app\Controllers\Auth.php(16): view('login')
#5 C:\wamp64\www\burakwork\system\CodeIgniter.php(910): App\Controllers\Auth->login()
#6 C:\wamp64\www\burakwork\system\CodeIgniter.php(398): CodeIgniter\CodeIgniter->runController(Object(App\Controllers\Auth))
#7 C:\wamp64\www\burakwork\system\CodeIgniter.php(306): CodeIgniter\CodeIgniter->handleRequest(NULL, Object(Config\Cache), false)
#8 C:\wamp64\www\burakwork\index.php(45): CodeIgniter\CodeIgniter->run()
#9 {main}
CRITICAL - 2020-03-06 10:48:42 --> Object of class CodeIgniter\Database\MySQLi\Builder could not be converted to string
#0 C:\wamp64\www\burakwork\app\Views\login.php(3): CodeIgniter\Debug\Exceptions->errorHandler(4096, 'Object of class...', 'C:\\wamp64\\www\\b...', 3, Array)
#1 C:\wamp64\www\burakwork\system\View\View.php(236): include('C:\\wamp64\\www\\b...')
#2 C:\wamp64\www\burakwork\system\Common.php(1071): CodeIgniter\View\View->render('login', Array, true)
#3 C:\wamp64\www\burakwork\app\Controllers\Auth.php(16): view('login')
#4 C:\wamp64\www\burakwork\system\CodeIgniter.php(910): App\Controllers\Auth->login()
#5 C:\wamp64\www\burakwork\system\CodeIgniter.php(398): CodeIgniter\CodeIgniter->runController(Object(App\Controllers\Auth))
#6 C:\wamp64\www\burakwork\system\CodeIgniter.php(306): CodeIgniter\CodeIgniter->handleRequest(NULL, Object(Config\Cache), false)
#7 C:\wamp64\www\burakwork\index.php(45): CodeIgniter\CodeIgniter->run()
#8 {main}
CRITICAL - 2020-03-06 10:49:00 --> Object of class CodeIgniter\Database\MySQLi\Builder could not be converted to int
#0 C:\wamp64\www\burakwork\app\Models\AuthModel.php(14): CodeIgniter\Debug\Exceptions->errorHandler(8, 'Object of class...', 'C:\\wamp64\\www\\b...', 14, Array)
#1 C:\wamp64\www\burakwork\app\Views\login.php(3): App\Models\AuthModel->check_user('maillundmark@gm...', '11213456')
#2 C:\wamp64\www\burakwork\system\View\View.php(236): include('C:\\wamp64\\www\\b...')
#3 C:\wamp64\www\burakwork\system\Common.php(1071): CodeIgniter\View\View->render('login', Array, true)
#4 C:\wamp64\www\burakwork\app\Controllers\Auth.php(16): view('login')
#5 C:\wamp64\www\burakwork\system\CodeIgniter.php(910): App\Controllers\Auth->login()
#6 C:\wamp64\www\burakwork\system\CodeIgniter.php(398): CodeIgniter\CodeIgniter->runController(Object(App\Controllers\Auth))
#7 C:\wamp64\www\burakwork\system\CodeIgniter.php(306): CodeIgniter\CodeIgniter->handleRequest(NULL, Object(Config\Cache), false)
#8 C:\wamp64\www\burakwork\index.php(45): CodeIgniter\CodeIgniter->run()
#9 {main}
CRITICAL - 2020-03-06 10:49:00 --> Object of class CodeIgniter\Database\MySQLi\Builder could not be converted to int
#0 C:\wamp64\www\burakwork\app\Models\AuthModel.php(14): CodeIgniter\Debug\Exceptions->errorHandler(8, 'Object of class...', 'C:\\wamp64\\www\\b...', 14, Array)
#1 C:\wamp64\www\burakwork\app\Views\login.php(3): App\Models\AuthModel->check_user('maillundmark@gm...', '11213456')
#2 C:\wamp64\www\burakwork\system\View\View.php(236): include('C:\\wamp64\\www\\b...')
#3 C:\wamp64\www\burakwork\system\Common.php(1071): CodeIgniter\View\View->render('login', Array, true)
#4 C:\wamp64\www\burakwork\app\Controllers\Auth.php(16): view('login')
#5 C:\wamp64\www\burakwork\system\CodeIgniter.php(910): App\Controllers\Auth->login()
#6 C:\wamp64\www\burakwork\system\CodeIgniter.php(398): CodeIgniter\CodeIgniter->runController(Object(App\Controllers\Auth))
#7 C:\wamp64\www\burakwork\system\CodeIgniter.php(306): CodeIgniter\CodeIgniter->handleRequest(NULL, Object(Config\Cache), false)
#8 C:\wamp64\www\burakwork\index.php(45): CodeIgniter\CodeIgniter->run()
#9 {main}
CRITICAL - 2020-03-06 10:49:00 --> Object of class CodeIgniter\Database\MySQLi\Builder could not be converted to int
#0 C:\wamp64\www\burakwork\app\Models\AuthModel.php(14): CodeIgniter\Debug\Exceptions->errorHandler(8, 'Object of class...', 'C:\\wamp64\\www\\b...', 14, Array)
#1 C:\wamp64\www\burakwork\app\Views\login.php(3): App\Models\AuthModel->check_user('maillundmark@gm...', '11213456')
#2 C:\wamp64\www\burakwork\system\View\View.php(236): include('C:\\wamp64\\www\\b...')
#3 C:\wamp64\www\burakwork\system\Common.php(1071): CodeIgniter\View\View->render('login', Array, true)
#4 C:\wamp64\www\burakwork\app\Controllers\Auth.php(16): view('login')
#5 C:\wamp64\www\burakwork\system\CodeIgniter.php(910): App\Controllers\Auth->login()
#6 C:\wamp64\www\burakwork\system\CodeIgniter.php(398): CodeIgniter\CodeIgniter->runController(Object(App\Controllers\Auth))
#7 C:\wamp64\www\burakwork\system\CodeIgniter.php(306): CodeIgniter\CodeIgniter->handleRequest(NULL, Object(Config\Cache), false)
#8 C:\wamp64\www\burakwork\index.php(45): CodeIgniter\CodeIgniter->run()
#9 {main}
CRITICAL - 2020-03-06 10:49:01 --> Object of class CodeIgniter\Database\MySQLi\Builder could not be converted to int
#0 C:\wamp64\www\burakwork\app\Models\AuthModel.php(14): CodeIgniter\Debug\Exceptions->errorHandler(8, 'Object of class...', 'C:\\wamp64\\www\\b...', 14, Array)
#1 C:\wamp64\www\burakwork\app\Views\login.php(3): App\Models\AuthModel->check_user('maillundmark@gm...', '11213456')
#2 C:\wamp64\www\burakwork\system\View\View.php(236): include('C:\\wamp64\\www\\b...')
#3 C:\wamp64\www\burakwork\system\Common.php(1071): CodeIgniter\View\View->render('login', Array, true)
#4 C:\wamp64\www\burakwork\app\Controllers\Auth.php(16): view('login')
#5 C:\wamp64\www\burakwork\system\CodeIgniter.php(910): App\Controllers\Auth->login()
#6 C:\wamp64\www\burakwork\system\CodeIgniter.php(398): CodeIgniter\CodeIgniter->runController(Object(App\Controllers\Auth))
#7 C:\wamp64\www\burakwork\system\CodeIgniter.php(306): CodeIgniter\CodeIgniter->handleRequest(NULL, Object(Config\Cache), false)
#8 C:\wamp64\www\burakwork\index.php(45): CodeIgniter\CodeIgniter->run()
#9 {main}
CRITICAL - 2020-03-06 10:49:10 --> Object of class CodeIgniter\Database\MySQLi\Result could not be converted to int
#0 C:\wamp64\www\burakwork\app\Models\AuthModel.php(14): CodeIgniter\Debug\Exceptions->errorHandler(8, 'Object of class...', 'C:\\wamp64\\www\\b...', 14, Array)
#1 C:\wamp64\www\burakwork\app\Views\login.php(3): App\Models\AuthModel->check_user('maillundmark@gm...', '11213456')
#2 C:\wamp64\www\burakwork\system\View\View.php(236): include('C:\\wamp64\\www\\b...')
#3 C:\wamp64\www\burakwork\system\Common.php(1071): CodeIgniter\View\View->render('login', Array, true)
#4 C:\wamp64\www\burakwork\app\Controllers\Auth.php(16): view('login')
#5 C:\wamp64\www\burakwork\system\CodeIgniter.php(910): App\Controllers\Auth->login()
#6 C:\wamp64\www\burakwork\system\CodeIgniter.php(398): CodeIgniter\CodeIgniter->runController(Object(App\Controllers\Auth))
#7 C:\wamp64\www\burakwork\system\CodeIgniter.php(306): CodeIgniter\CodeIgniter->handleRequest(NULL, Object(Config\Cache), false)
#8 C:\wamp64\www\burakwork\index.php(45): CodeIgniter\CodeIgniter->run()
#9 {main}
CRITICAL - 2020-03-06 10:49:10 --> Object of class CodeIgniter\Database\MySQLi\Result could not be converted to int
#0 C:\wamp64\www\burakwork\app\Models\AuthModel.php(14): CodeIgniter\Debug\Exceptions->errorHandler(8, 'Object of class...', 'C:\\wamp64\\www\\b...', 14, Array)
#1 C:\wamp64\www\burakwork\app\Views\login.php(3): App\Models\AuthModel->check_user('maillundmark@gm...', '11213456')
#2 C:\wamp64\www\burakwork\system\View\View.php(236): include('C:\\wamp64\\www\\b...')
#3 C:\wamp64\www\burakwork\system\Common.php(1071): CodeIgniter\View\View->render('login', Array, true)
#4 C:\wamp64\www\burakwork\app\Controllers\Auth.php(16): view('login')
#5 C:\wamp64\www\burakwork\system\CodeIgniter.php(910): App\Controllers\Auth->login()
#6 C:\wamp64\www\burakwork\system\CodeIgniter.php(398): CodeIgniter\CodeIgniter->runController(Object(App\Controllers\Auth))
#7 C:\wamp64\www\burakwork\system\CodeIgniter.php(306): CodeIgniter\CodeIgniter->handleRequest(NULL, Object(Config\Cache), false)
#8 C:\wamp64\www\burakwork\index.php(45): CodeIgniter\CodeIgniter->run()
#9 {main}
CRITICAL - 2020-03-06 10:49:11 --> Object of class CodeIgniter\Database\MySQLi\Result could not be converted to int
#0 C:\wamp64\www\burakwork\app\Models\AuthModel.php(14): CodeIgniter\Debug\Exceptions->errorHandler(8, 'Object of class...', 'C:\\wamp64\\www\\b...', 14, Array)
#1 C:\wamp64\www\burakwork\app\Views\login.php(3): App\Models\AuthModel->check_user('maillundmark@gm...', '11213456')
#2 C:\wamp64\www\burakwork\system\View\View.php(236): include('C:\\wamp64\\www\\b...')
#3 C:\wamp64\www\burakwork\system\Common.php(1071): CodeIgniter\View\View->render('login', Array, true)
#4 C:\wamp64\www\burakwork\app\Controllers\Auth.php(16): view('login')
#5 C:\wamp64\www\burakwork\system\CodeIgniter.php(910): App\Controllers\Auth->login()
#6 C:\wamp64\www\burakwork\system\CodeIgniter.php(398): CodeIgniter\CodeIgniter->runController(Object(App\Controllers\Auth))
#7 C:\wamp64\www\burakwork\system\CodeIgniter.php(306): CodeIgniter\CodeIgniter->handleRequest(NULL, Object(Config\Cache), false)
#8 C:\wamp64\www\burakwork\index.php(45): CodeIgniter\CodeIgniter->run()
#9 {main}
CRITICAL - 2020-03-06 10:49:11 --> Object of class CodeIgniter\Database\MySQLi\Result could not be converted to int
#0 C:\wamp64\www\burakwork\app\Models\AuthModel.php(14): CodeIgniter\Debug\Exceptions->errorHandler(8, 'Object of class...', 'C:\\wamp64\\www\\b...', 14, Array)
#1 C:\wamp64\www\burakwork\app\Views\login.php(3): App\Models\AuthModel->check_user('maillundmark@gm...', '11213456')
#2 C:\wamp64\www\burakwork\system\View\View.php(236): include('C:\\wamp64\\www\\b...')
#3 C:\wamp64\www\burakwork\system\Common.php(1071): CodeIgniter\View\View->render('login', Array, true)
#4 C:\wamp64\www\burakwork\app\Controllers\Auth.php(16): view('login')
#5 C:\wamp64\www\burakwork\system\CodeIgniter.php(910): App\Controllers\Auth->login()
#6 C:\wamp64\www\burakwork\system\CodeIgniter.php(398): CodeIgniter\CodeIgniter->runController(Object(App\Controllers\Auth))
#7 C:\wamp64\www\burakwork\system\CodeIgniter.php(306): CodeIgniter\CodeIgniter->handleRequest(NULL, Object(Config\Cache), false)
#8 C:\wamp64\www\burakwork\index.php(45): CodeIgniter\CodeIgniter->run()
#9 {main}
CRITICAL - 2020-03-06 10:49:35 --> Cannot use object of type CodeIgniter\Database\MySQLi\Result as array
#0 C:\wamp64\www\burakwork\app\Views\login.php(3): App\Models\AuthModel->check_user('maillundmark@gm...', '11213456')
#1 C:\wamp64\www\burakwork\system\View\View.php(236): include('C:\\wamp64\\www\\b...')
#2 C:\wamp64\www\burakwork\system\Common.php(1071): CodeIgniter\View\View->render('login', Array, true)
#3 C:\wamp64\www\burakwork\app\Controllers\Auth.php(16): view('login')
#4 C:\wamp64\www\burakwork\system\CodeIgniter.php(910): App\Controllers\Auth->login()
#5 C:\wamp64\www\burakwork\system\CodeIgniter.php(398): CodeIgniter\CodeIgniter->runController(Object(App\Controllers\Auth))
#6 C:\wamp64\www\burakwork\system\CodeIgniter.php(306): CodeIgniter\CodeIgniter->handleRequest(NULL, Object(Config\Cache), false)
#7 C:\wamp64\www\burakwork\index.php(45): CodeIgniter\CodeIgniter->run()
#8 {main}
CRITICAL - 2020-03-06 10:49:36 --> Cannot use object of type CodeIgniter\Database\MySQLi\Result as array
#0 C:\wamp64\www\burakwork\app\Views\login.php(3): App\Models\AuthModel->check_user('maillundmark@gm...', '11213456')
#1 C:\wamp64\www\burakwork\system\View\View.php(236): include('C:\\wamp64\\www\\b...')
#2 C:\wamp64\www\burakwork\system\Common.php(1071): CodeIgniter\View\View->render('login', Array, true)
#3 C:\wamp64\www\burakwork\app\Controllers\Auth.php(16): view('login')
#4 C:\wamp64\www\burakwork\system\CodeIgniter.php(910): App\Controllers\Auth->login()
#5 C:\wamp64\www\burakwork\system\CodeIgniter.php(398): CodeIgniter\CodeIgniter->runController(Object(App\Controllers\Auth))
#6 C:\wamp64\www\burakwork\system\CodeIgniter.php(306): CodeIgniter\CodeIgniter->handleRequest(NULL, Object(Config\Cache), false)
#7 C:\wamp64\www\burakwork\index.php(45): CodeIgniter\CodeIgniter->run()
#8 {main}
CRITICAL - 2020-03-06 10:50:12 --> Call to undefined method CodeIgniter\Database\MySQLi\Result::COUNT()
#0 C:\wamp64\www\burakwork\app\Views\login.php(3): App\Models\AuthModel->check_user('maillundmark@gm...', '11213456')
#1 C:\wamp64\www\burakwork\system\View\View.php(236): include('C:\\wamp64\\www\\b...')
#2 C:\wamp64\www\burakwork\system\Common.php(1071): CodeIgniter\View\View->render('login', Array, true)
#3 C:\wamp64\www\burakwork\app\Controllers\Auth.php(16): view('login')
#4 C:\wamp64\www\burakwork\system\CodeIgniter.php(910): App\Controllers\Auth->login()
#5 C:\wamp64\www\burakwork\system\CodeIgniter.php(398): CodeIgniter\CodeIgniter->runController(Object(App\Controllers\Auth))
#6 C:\wamp64\www\burakwork\system\CodeIgniter.php(306): CodeIgniter\CodeIgniter->handleRequest(NULL, Object(Config\Cache), false)
#7 C:\wamp64\www\burakwork\index.php(45): CodeIgniter\CodeIgniter->run()
#8 {main}
CRITICAL - 2020-03-06 10:50:12 --> Call to undefined method CodeIgniter\Database\MySQLi\Result::COUNT()
#0 C:\wamp64\www\burakwork\app\Views\login.php(3): App\Models\AuthModel->check_user('maillundmark@gm...', '11213456')
#1 C:\wamp64\www\burakwork\system\View\View.php(236): include('C:\\wamp64\\www\\b...')
#2 C:\wamp64\www\burakwork\system\Common.php(1071): CodeIgniter\View\View->render('login', Array, true)
#3 C:\wamp64\www\burakwork\app\Controllers\Auth.php(16): view('login')
#4 C:\wamp64\www\burakwork\system\CodeIgniter.php(910): App\Controllers\Auth->login()
#5 C:\wamp64\www\burakwork\system\CodeIgniter.php(398): CodeIgniter\CodeIgniter->runController(Object(App\Controllers\Auth))
#6 C:\wamp64\www\burakwork\system\CodeIgniter.php(306): CodeIgniter\CodeIgniter->handleRequest(NULL, Object(Config\Cache), false)
#7 C:\wamp64\www\burakwork\index.php(45): CodeIgniter\CodeIgniter->run()
#8 {main}
CRITICAL - 2020-03-06 10:50:50 --> Cannot use object of type CodeIgniter\Database\MySQLi\Result as array
#0 C:\wamp64\www\burakwork\app\Views\login.php(3): App\Models\AuthModel->check_user('maillundmark@gm...', '11213456')
#1 C:\wamp64\www\burakwork\system\View\View.php(236): include('C:\\wamp64\\www\\b...')
#2 C:\wamp64\www\burakwork\system\Common.php(1071): CodeIgniter\View\View->render('login', Array, true)
#3 C:\wamp64\www\burakwork\app\Controllers\Auth.php(16): view('login')
#4 C:\wamp64\www\burakwork\system\CodeIgniter.php(910): App\Controllers\Auth->login()
#5 C:\wamp64\www\burakwork\system\CodeIgniter.php(398): CodeIgniter\CodeIgniter->runController(Object(App\Controllers\Auth))
#6 C:\wamp64\www\burakwork\system\CodeIgniter.php(306): CodeIgniter\CodeIgniter->handleRequest(NULL, Object(Config\Cache), false)
#7 C:\wamp64\www\burakwork\index.php(45): CodeIgniter\CodeIgniter->run()
#8 {main}
CRITICAL - 2020-03-06 10:50:50 --> Cannot use object of type CodeIgniter\Database\MySQLi\Result as array
#0 C:\wamp64\www\burakwork\app\Views\login.php(3): App\Models\AuthModel->check_user('maillundmark@gm...', '11213456')
#1 C:\wamp64\www\burakwork\system\View\View.php(236): include('C:\\wamp64\\www\\b...')
#2 C:\wamp64\www\burakwork\system\Common.php(1071): CodeIgniter\View\View->render('login', Array, true)
#3 C:\wamp64\www\burakwork\app\Controllers\Auth.php(16): view('login')
#4 C:\wamp64\www\burakwork\system\CodeIgniter.php(910): App\Controllers\Auth->login()
#5 C:\wamp64\www\burakwork\system\CodeIgniter.php(398): CodeIgniter\CodeIgniter->runController(Object(App\Controllers\Auth))
#6 C:\wamp64\www\burakwork\system\CodeIgniter.php(306): CodeIgniter\CodeIgniter->handleRequest(NULL, Object(Config\Cache), false)
#7 C:\wamp64\www\burakwork\index.php(45): CodeIgniter\CodeIgniter->run()
#8 {main}
CRITICAL - 2020-03-06 10:50:50 --> Cannot use object of type CodeIgniter\Database\MySQLi\Result as array
#0 C:\wamp64\www\burakwork\app\Views\login.php(3): App\Models\AuthModel->check_user('maillundmark@gm...', '11213456')
#1 C:\wamp64\www\burakwork\system\View\View.php(236): include('C:\\wamp64\\www\\b...')
#2 C:\wamp64\www\burakwork\system\Common.php(1071): CodeIgniter\View\View->render('login', Array, true)
#3 C:\wamp64\www\burakwork\app\Controllers\Auth.php(16): view('login')
#4 C:\wamp64\www\burakwork\system\CodeIgniter.php(910): App\Controllers\Auth->login()
#5 C:\wamp64\www\burakwork\system\CodeIgniter.php(398): CodeIgniter\CodeIgniter->runController(Object(App\Controllers\Auth))
#6 C:\wamp64\www\burakwork\system\CodeIgniter.php(306): CodeIgniter\CodeIgniter->handleRequest(NULL, Object(Config\Cache), false)
#7 C:\wamp64\www\burakwork\index.php(45): CodeIgniter\CodeIgniter->run()
#8 {main}
CRITICAL - 2020-03-06 10:51:07 --> Call to undefined method CodeIgniter\Database\MySQLi\Result::result_array()
#0 C:\wamp64\www\burakwork\app\Views\login.php(3): App\Models\AuthModel->check_user('maillundmark@gm...', '11213456')
#1 C:\wamp64\www\burakwork\system\View\View.php(236): include('C:\\wamp64\\www\\b...')
#2 C:\wamp64\www\burakwork\system\Common.php(1071): CodeIgniter\View\View->render('login', Array, true)
#3 C:\wamp64\www\burakwork\app\Controllers\Auth.php(16): view('login')
#4 C:\wamp64\www\burakwork\system\CodeIgniter.php(910): App\Controllers\Auth->login()
#5 C:\wamp64\www\burakwork\system\CodeIgniter.php(398): CodeIgniter\CodeIgniter->runController(Object(App\Controllers\Auth))
#6 C:\wamp64\www\burakwork\system\CodeIgniter.php(306): CodeIgniter\CodeIgniter->handleRequest(NULL, Object(Config\Cache), false)
#7 C:\wamp64\www\burakwork\index.php(45): CodeIgniter\CodeIgniter->run()
#8 {main}
CRITICAL - 2020-03-06 10:51:08 --> Call to undefined method CodeIgniter\Database\MySQLi\Result::result_array()
#0 C:\wamp64\www\burakwork\app\Views\login.php(3): App\Models\AuthModel->check_user('maillundmark@gm...', '11213456')
#1 C:\wamp64\www\burakwork\system\View\View.php(236): include('C:\\wamp64\\www\\b...')
#2 C:\wamp64\www\burakwork\system\Common.php(1071): CodeIgniter\View\View->render('login', Array, true)
#3 C:\wamp64\www\burakwork\app\Controllers\Auth.php(16): view('login')
#4 C:\wamp64\www\burakwork\system\CodeIgniter.php(910): App\Controllers\Auth->login()
#5 C:\wamp64\www\burakwork\system\CodeIgniter.php(398): CodeIgniter\CodeIgniter->runController(Object(App\Controllers\Auth))
#6 C:\wamp64\www\burakwork\system\CodeIgniter.php(306): CodeIgniter\CodeIgniter->handleRequest(NULL, Object(Config\Cache), false)
#7 C:\wamp64\www\burakwork\index.php(45): CodeIgniter\CodeIgniter->run()
#8 {main}
CRITICAL - 2020-03-06 10:51:08 --> Call to undefined method CodeIgniter\Database\MySQLi\Result::result_array()
#0 C:\wamp64\www\burakwork\app\Views\login.php(3): App\Models\AuthModel->check_user('maillundmark@gm...', '11213456')
#1 C:\wamp64\www\burakwork\system\View\View.php(236): include('C:\\wamp64\\www\\b...')
#2 C:\wamp64\www\burakwork\system\Common.php(1071): CodeIgniter\View\View->render('login', Array, true)
#3 C:\wamp64\www\burakwork\app\Controllers\Auth.php(16): view('login')
#4 C:\wamp64\www\burakwork\system\CodeIgniter.php(910): App\Controllers\Auth->login()
#5 C:\wamp64\www\burakwork\system\CodeIgniter.php(398): CodeIgniter\CodeIgniter->runController(Object(App\Controllers\Auth))
#6 C:\wamp64\www\burakwork\system\CodeIgniter.php(306): CodeIgniter\CodeIgniter->handleRequest(NULL, Object(Config\Cache), false)
#7 C:\wamp64\www\burakwork\index.php(45): CodeIgniter\CodeIgniter->run()
#8 {main}
CRITICAL - 2020-03-06 10:51:08 --> Call to undefined method CodeIgniter\Database\MySQLi\Result::result_array()
#0 C:\wamp64\www\burakwork\app\Views\login.php(3): App\Models\AuthModel->check_user('maillundmark@gm...', '11213456')
#1 C:\wamp64\www\burakwork\system\View\View.php(236): include('C:\\wamp64\\www\\b...')
#2 C:\wamp64\www\burakwork\system\Common.php(1071): CodeIgniter\View\View->render('login', Array, true)
#3 C:\wamp64\www\burakwork\app\Controllers\Auth.php(16): view('login')
#4 C:\wamp64\www\burakwork\system\CodeIgniter.php(910): App\Controllers\Auth->login()
#5 C:\wamp64\www\burakwork\system\CodeIgniter.php(398): CodeIgniter\CodeIgniter->runController(Object(App\Controllers\Auth))
#6 C:\wamp64\www\burakwork\system\CodeIgniter.php(306): CodeIgniter\CodeIgniter->handleRequest(NULL, Object(Config\Cache), false)
#7 C:\wamp64\www\burakwork\index.php(45): CodeIgniter\CodeIgniter->run()
#8 {main}
CRITICAL - 2020-03-06 10:52:55 --> Call to a member function where() on integer
#0 C:\wamp64\www\burakwork\app\Views\login.php(3): App\Models\AuthModel->check_user('maillundmark@gm...', '11213456')
#1 C:\wamp64\www\burakwork\system\View\View.php(236): include('C:\\wamp64\\www\\b...')
#2 C:\wamp64\www\burakwork\system\Common.php(1071): CodeIgniter\View\View->render('login', Array, true)
#3 C:\wamp64\www\burakwork\app\Controllers\Auth.php(16): view('login')
#4 C:\wamp64\www\burakwork\system\CodeIgniter.php(910): App\Controllers\Auth->login()
#5 C:\wamp64\www\burakwork\system\CodeIgniter.php(398): CodeIgniter\CodeIgniter->runController(Object(App\Controllers\Auth))
#6 C:\wamp64\www\burakwork\system\CodeIgniter.php(306): CodeIgniter\CodeIgniter->handleRequest(NULL, Object(Config\Cache), false)
#7 C:\wamp64\www\burakwork\index.php(45): CodeIgniter\CodeIgniter->run()
#8 {main}
CRITICAL - 2020-03-06 10:52:55 --> Call to a member function where() on integer
#0 C:\wamp64\www\burakwork\app\Views\login.php(3): App\Models\AuthModel->check_user('maillundmark@gm...', '11213456')
#1 C:\wamp64\www\burakwork\system\View\View.php(236): include('C:\\wamp64\\www\\b...')
#2 C:\wamp64\www\burakwork\system\Common.php(1071): CodeIgniter\View\View->render('login', Array, true)
#3 C:\wamp64\www\burakwork\app\Controllers\Auth.php(16): view('login')
#4 C:\wamp64\www\burakwork\system\CodeIgniter.php(910): App\Controllers\Auth->login()
#5 C:\wamp64\www\burakwork\system\CodeIgniter.php(398): CodeIgniter\CodeIgniter->runController(Object(App\Controllers\Auth))
#6 C:\wamp64\www\burakwork\system\CodeIgniter.php(306): CodeIgniter\CodeIgniter->handleRequest(NULL, Object(Config\Cache), false)
#7 C:\wamp64\www\burakwork\index.php(45): CodeIgniter\CodeIgniter->run()
#8 {main}
CRITICAL - 2020-03-06 10:52:56 --> Call to a member function where() on integer
#0 C:\wamp64\www\burakwork\app\Views\login.php(3): App\Models\AuthModel->check_user('maillundmark@gm...', '11213456')
#1 C:\wamp64\www\burakwork\system\View\View.php(236): include('C:\\wamp64\\www\\b...')
#2 C:\wamp64\www\burakwork\system\Common.php(1071): CodeIgniter\View\View->render('login', Array, true)
#3 C:\wamp64\www\burakwork\app\Controllers\Auth.php(16): view('login')
#4 C:\wamp64\www\burakwork\system\CodeIgniter.php(910): App\Controllers\Auth->login()
#5 C:\wamp64\www\burakwork\system\CodeIgniter.php(398): CodeIgniter\CodeIgniter->runController(Object(App\Controllers\Auth))
#6 C:\wamp64\www\burakwork\system\CodeIgniter.php(306): CodeIgniter\CodeIgniter->handleRequest(NULL, Object(Config\Cache), false)
#7 C:\wamp64\www\burakwork\index.php(45): CodeIgniter\CodeIgniter->run()
#8 {main}
CRITICAL - 2020-03-06 10:52:56 --> Call to a member function where() on integer
#0 C:\wamp64\www\burakwork\app\Views\login.php(3): App\Models\AuthModel->check_user('maillundmark@gm...', '11213456')
#1 C:\wamp64\www\burakwork\system\View\View.php(236): include('C:\\wamp64\\www\\b...')
#2 C:\wamp64\www\burakwork\system\Common.php(1071): CodeIgniter\View\View->render('login', Array, true)
#3 C:\wamp64\www\burakwork\app\Controllers\Auth.php(16): view('login')
#4 C:\wamp64\www\burakwork\system\CodeIgniter.php(910): App\Controllers\Auth->login()
#5 C:\wamp64\www\burakwork\system\CodeIgniter.php(398): CodeIgniter\CodeIgniter->runController(Object(App\Controllers\Auth))
#6 C:\wamp64\www\burakwork\system\CodeIgniter.php(306): CodeIgniter\CodeIgniter->handleRequest(NULL, Object(Config\Cache), false)
#7 C:\wamp64\www\burakwork\index.php(45): CodeIgniter\CodeIgniter->run()
#8 {main}
CRITICAL - 2020-03-06 10:53:33 --> Empty statement is given for the field `Select`
#0 C:\wamp64\www\burakwork\system\Database\BaseBuilder.php(484): CodeIgniter\Database\Exceptions\DataException::forEmptyInputGiven('Select')
#1 C:\wamp64\www\burakwork\system\Database\BaseBuilder.php(459): CodeIgniter\Database\BaseBuilder->maxMinAvgSum('', '', 'COUNT')
#2 C:\wamp64\www\burakwork\app\Models\AuthModel.php(16): CodeIgniter\Database\BaseBuilder->selectCount()
#3 C:\wamp64\www\burakwork\app\Views\login.php(3): App\Models\AuthModel->check_user('maillundmark@gm...', '11213456')
#4 C:\wamp64\www\burakwork\system\View\View.php(236): include('C:\\wamp64\\www\\b...')
#5 C:\wamp64\www\burakwork\system\Common.php(1071): CodeIgniter\View\View->render('login', Array, true)
#6 C:\wamp64\www\burakwork\app\Controllers\Auth.php(16): view('login')
#7 C:\wamp64\www\burakwork\system\CodeIgniter.php(910): App\Controllers\Auth->login()
#8 C:\wamp64\www\burakwork\system\CodeIgniter.php(398): CodeIgniter\CodeIgniter->runController(Object(App\Controllers\Auth))
#9 C:\wamp64\www\burakwork\system\CodeIgniter.php(306): CodeIgniter\CodeIgniter->handleRequest(NULL, Object(Config\Cache), false)
#10 C:\wamp64\www\burakwork\index.php(45): CodeIgniter\CodeIgniter->run()
#11 {main}
CRITICAL - 2020-03-06 10:53:34 --> Empty statement is given for the field `Select`
#0 C:\wamp64\www\burakwork\system\Database\BaseBuilder.php(484): CodeIgniter\Database\Exceptions\DataException::forEmptyInputGiven('Select')
#1 C:\wamp64\www\burakwork\system\Database\BaseBuilder.php(459): CodeIgniter\Database\BaseBuilder->maxMinAvgSum('', '', 'COUNT')
#2 C:\wamp64\www\burakwork\app\Models\AuthModel.php(16): CodeIgniter\Database\BaseBuilder->selectCount()
#3 C:\wamp64\www\burakwork\app\Views\login.php(3): App\Models\AuthModel->check_user('maillundmark@gm...', '11213456')
#4 C:\wamp64\www\burakwork\system\View\View.php(236): include('C:\\wamp64\\www\\b...')
#5 C:\wamp64\www\burakwork\system\Common.php(1071): CodeIgniter\View\View->render('login', Array, true)
#6 C:\wamp64\www\burakwork\app\Controllers\Auth.php(16): view('login')
#7 C:\wamp64\www\burakwork\system\CodeIgniter.php(910): App\Controllers\Auth->login()
#8 C:\wamp64\www\burakwork\system\CodeIgniter.php(398): CodeIgniter\CodeIgniter->runController(Object(App\Controllers\Auth))
#9 C:\wamp64\www\burakwork\system\CodeIgniter.php(306): CodeIgniter\CodeIgniter->handleRequest(NULL, Object(Config\Cache), false)
#10 C:\wamp64\www\burakwork\index.php(45): CodeIgniter\CodeIgniter->run()
#11 {main}
CRITICAL - 2020-03-06 10:53:34 --> Empty statement is given for the field `Select`
#0 C:\wamp64\www\burakwork\system\Database\BaseBuilder.php(484): CodeIgniter\Database\Exceptions\DataException::forEmptyInputGiven('Select')
#1 C:\wamp64\www\burakwork\system\Database\BaseBuilder.php(459): CodeIgniter\Database\BaseBuilder->maxMinAvgSum('', '', 'COUNT')
#2 C:\wamp64\www\burakwork\app\Models\AuthModel.php(16): CodeIgniter\Database\BaseBuilder->selectCount()
#3 C:\wamp64\www\burakwork\app\Views\login.php(3): App\Models\AuthModel->check_user('maillundmark@gm...', '11213456')
#4 C:\wamp64\www\burakwork\system\View\View.php(236): include('C:\\wamp64\\www\\b...')
#5 C:\wamp64\www\burakwork\system\Common.php(1071): CodeIgniter\View\View->render('login', Array, true)
#6 C:\wamp64\www\burakwork\app\Controllers\Auth.php(16): view('login')
#7 C:\wamp64\www\burakwork\system\CodeIgniter.php(910): App\Controllers\Auth->login()
#8 C:\wamp64\www\burakwork\system\CodeIgniter.php(398): CodeIgniter\CodeIgniter->runController(Object(App\Controllers\Auth))
#9 C:\wamp64\www\burakwork\system\CodeIgniter.php(306): CodeIgniter\CodeIgniter->handleRequest(NULL, Object(Config\Cache), false)
#10 C:\wamp64\www\burakwork\index.php(45): CodeIgniter\CodeIgniter->run()
#11 {main}
CRITICAL - 2020-03-06 10:53:42 --> Empty statement is given for the field `Select`
#0 C:\wamp64\www\burakwork\system\Database\BaseBuilder.php(484): CodeIgniter\Database\Exceptions\DataException::forEmptyInputGiven('Select')
#1 C:\wamp64\www\burakwork\system\Database\BaseBuilder.php(459): CodeIgniter\Database\BaseBuilder->maxMinAvgSum('', '', 'COUNT')
#2 C:\wamp64\www\burakwork\app\Models\AuthModel.php(16): CodeIgniter\Database\BaseBuilder->selectCount()
#3 C:\wamp64\www\burakwork\app\Views\login.php(3): App\Models\AuthModel->check_user('maillundmark@gm...', '11213456')
#4 C:\wamp64\www\burakwork\system\View\View.php(236): include('C:\\wamp64\\www\\b...')
#5 C:\wamp64\www\burakwork\system\Common.php(1071): CodeIgniter\View\View->render('login', Array, true)
#6 C:\wamp64\www\burakwork\app\Controllers\Auth.php(16): view('login')
#7 C:\wamp64\www\burakwork\system\CodeIgniter.php(910): App\Controllers\Auth->login()
#8 C:\wamp64\www\burakwork\system\CodeIgniter.php(398): CodeIgniter\CodeIgniter->runController(Object(App\Controllers\Auth))
#9 C:\wamp64\www\burakwork\system\CodeIgniter.php(306): CodeIgniter\CodeIgniter->handleRequest(NULL, Object(Config\Cache), false)
#10 C:\wamp64\www\burakwork\index.php(45): CodeIgniter\CodeIgniter->run()
#11 {main}
CRITICAL - 2020-03-06 10:53:43 --> Empty statement is given for the field `Select`
#0 C:\wamp64\www\burakwork\system\Database\BaseBuilder.php(484): CodeIgniter\Database\Exceptions\DataException::forEmptyInputGiven('Select')
#1 C:\wamp64\www\burakwork\system\Database\BaseBuilder.php(459): CodeIgniter\Database\BaseBuilder->maxMinAvgSum('', '', 'COUNT')
#2 C:\wamp64\www\burakwork\app\Models\AuthModel.php(16): CodeIgniter\Database\BaseBuilder->selectCount()
#3 C:\wamp64\www\burakwork\app\Views\login.php(3): App\Models\AuthModel->check_user('maillundmark@gm...', '11213456')
#4 C:\wamp64\www\burakwork\system\View\View.php(236): include('C:\\wamp64\\www\\b...')
#5 C:\wamp64\www\burakwork\system\Common.php(1071): CodeIgniter\View\View->render('login', Array, true)
#6 C:\wamp64\www\burakwork\app\Controllers\Auth.php(16): view('login')
#7 C:\wamp64\www\burakwork\system\CodeIgniter.php(910): App\Controllers\Auth->login()
#8 C:\wamp64\www\burakwork\system\CodeIgniter.php(398): CodeIgniter\CodeIgniter->runController(Object(App\Controllers\Auth))
#9 C:\wamp64\www\burakwork\system\CodeIgniter.php(306): CodeIgniter\CodeIgniter->handleRequest(NULL, Object(Config\Cache), false)
#10 C:\wamp64\www\burakwork\index.php(45): CodeIgniter\CodeIgniter->run()
#11 {main}
CRITICAL - 2020-03-06 11:38:20 --> Call to undefined function App\Controllers\library()
#0 C:\wamp64\www\burakwork\system\CodeIgniter.php(910): App\Controllers\Auth->login_process()
#1 C:\wamp64\www\burakwork\system\CodeIgniter.php(398): CodeIgniter\CodeIgniter->runController(Object(App\Controllers\Auth))
#2 C:\wamp64\www\burakwork\system\CodeIgniter.php(306): CodeIgniter\CodeIgniter->handleRequest(NULL, Object(Config\Cache), false)
#3 C:\wamp64\www\burakwork\index.php(45): CodeIgniter\CodeIgniter->run()
#4 {main}
CRITICAL - 2020-03-06 11:41:14 --> syntax error, unexpected '}'
#0 C:\wamp64\www\burakwork\system\Autoloader\Autoloader.php(296): CodeIgniter\Autoloader\Autoloader->requireFile('C:\\wamp64\\www\\b...')
#1 C:\wamp64\www\burakwork\system\Autoloader\Autoloader.php(258): CodeIgniter\Autoloader\Autoloader->loadInNamespace('App\\Controllers...')
#2 [internal function]: CodeIgniter\Autoloader\Autoloader->loadClass('App\\Controllers...')
#3 [internal function]: spl_autoload_call('App\\Controllers...')
#4 C:\wamp64\www\burakwork\system\CodeIgniter.php(861): class_exists('\\App\\Controller...', true)
#5 C:\wamp64\www\burakwork\system\CodeIgniter.php(388): CodeIgniter\CodeIgniter->startController()
#6 C:\wamp64\www\burakwork\system\CodeIgniter.php(306): CodeIgniter\CodeIgniter->handleRequest(NULL, Object(Config\Cache), false)
#7 C:\wamp64\www\burakwork\index.php(45): CodeIgniter\CodeIgniter->run()
#8 {main}
CRITICAL - 2020-03-06 11:42:32 --> Undefined property: App\Controllers\Auth::$input
#0 C:\wamp64\www\burakwork\app\Controllers\Auth.php(18): CodeIgniter\Debug\Exceptions->errorHandler(8, 'Undefined prope...', 'C:\\wamp64\\www\\b...', 18, Array)
#1 C:\wamp64\www\burakwork\system\CodeIgniter.php(910): App\Controllers\Auth->login_process()
#2 C:\wamp64\www\burakwork\system\CodeIgniter.php(398): CodeIgniter\CodeIgniter->runController(Object(App\Controllers\Auth))
#3 C:\wamp64\www\burakwork\system\CodeIgniter.php(306): CodeIgniter\CodeIgniter->handleRequest(NULL, Object(Config\Cache), false)
#4 C:\wamp64\www\burakwork\index.php(45): CodeIgniter\CodeIgniter->run()
#5 {main}
CRITICAL - 2020-03-06 11:46:07 --> Undefined variable: request
#0 C:\wamp64\www\burakwork\app\Controllers\Auth.php(18): CodeIgniter\Debug\Exceptions->errorHandler(8, 'Undefined varia...', 'C:\\wamp64\\www\\b...', 18, Array)
#1 C:\wamp64\www\burakwork\system\CodeIgniter.php(910): App\Controllers\Auth->login_process()
#2 C:\wamp64\www\burakwork\system\CodeIgniter.php(398): CodeIgniter\CodeIgniter->runController(Object(App\Controllers\Auth))
#3 C:\wamp64\www\burakwork\system\CodeIgniter.php(306): CodeIgniter\CodeIgniter->handleRequest(NULL, Object(Config\Cache), false)
#4 C:\wamp64\www\burakwork\index.php(45): CodeIgniter\CodeIgniter->run()
#5 {main}
CRITICAL - 2020-03-06 11:46:20 --> Undefined variable: userModel
#0 C:\wamp64\www\burakwork\app\Controllers\Auth.php(19): CodeIgniter\Debug\Exceptions->errorHandler(8, 'Undefined varia...', 'C:\\wamp64\\www\\b...', 19, Array)
#1 C:\wamp64\www\burakwork\system\CodeIgniter.php(910): App\Controllers\Auth->login_process()
#2 C:\wamp64\www\burakwork\system\CodeIgniter.php(398): CodeIgniter\CodeIgniter->runController(Object(App\Controllers\Auth))
#3 C:\wamp64\www\burakwork\system\CodeIgniter.php(306): CodeIgniter\CodeIgniter->handleRequest(NULL, Object(Config\Cache), false)
#4 C:\wamp64\www\burakwork\index.php(45): CodeIgniter\CodeIgniter->run()
#5 {main}
CRITICAL - 2020-03-06 11:46:40 --> Undefined variable: userModel
#0 C:\wamp64\www\burakwork\app\Controllers\Auth.php(20): CodeIgniter\Debug\Exceptions->errorHandler(8, 'Undefined varia...', 'C:\\wamp64\\www\\b...', 20, Array)
#1 C:\wamp64\www\burakwork\system\CodeIgniter.php(910): App\Controllers\Auth->login_process()
#2 C:\wamp64\www\burakwork\system\CodeIgniter.php(398): CodeIgniter\CodeIgniter->runController(Object(App\Controllers\Auth))
#3 C:\wamp64\www\burakwork\system\CodeIgniter.php(306): CodeIgniter\CodeIgniter->handleRequest(NULL, Object(Config\Cache), false)
#4 C:\wamp64\www\burakwork\index.php(45): CodeIgniter\CodeIgniter->run()
#5 {main}
CRITICAL - 2020-03-06 11:46:42 --> Undefined variable: userModel
#0 C:\wamp64\www\burakwork\app\Controllers\Auth.php(20): CodeIgniter\Debug\Exceptions->errorHandler(8, 'Undefined varia...', 'C:\\wamp64\\www\\b...', 20, Array)
#1 C:\wamp64\www\burakwork\system\CodeIgniter.php(910): App\Controllers\Auth->login_process()
#2 C:\wamp64\www\burakwork\system\CodeIgniter.php(398): CodeIgniter\CodeIgniter->runController(Object(App\Controllers\Auth))
#3 C:\wamp64\www\burakwork\system\CodeIgniter.php(306): CodeIgniter\CodeIgniter->handleRequest(NULL, Object(Config\Cache), false)
#4 C:\wamp64\www\burakwork\index.php(45): CodeIgniter\CodeIgniter->run()
#5 {main}
CRITICAL - 2020-03-06 11:46:53 --> Too few arguments to function App\Models\UserModel::check_user(), 0 passed in C:\wamp64\www\burakwork\app\Controllers\Auth.php on line 19 and exactly 2 expected
#0 C:\wamp64\www\burakwork\app\Controllers\Auth.php(19): App\Models\UserModel->check_user()
#1 C:\wamp64\www\burakwork\system\CodeIgniter.php(910): App\Controllers\Auth->login_process()
#2 C:\wamp64\www\burakwork\system\CodeIgniter.php(398): CodeIgniter\CodeIgniter->runController(Object(App\Controllers\Auth))
#3 C:\wamp64\www\burakwork\system\CodeIgniter.php(306): CodeIgniter\CodeIgniter->handleRequest(NULL, Object(Config\Cache), false)
#4 C:\wamp64\www\burakwork\index.php(45): CodeIgniter\CodeIgniter->run()
#5 {main}
CRITICAL - 2020-03-06 11:47:10 --> Too few arguments to function App\Models\UserModel::check_user(), 0 passed in C:\wamp64\www\burakwork\app\Controllers\Auth.php on line 19 and exactly 2 expected
#0 C:\wamp64\www\burakwork\app\Controllers\Auth.php(19): App\Models\UserModel->check_user()
#1 C:\wamp64\www\burakwork\system\CodeIgniter.php(910): App\Controllers\Auth->login_process()
#2 C:\wamp64\www\burakwork\system\CodeIgniter.php(398): CodeIgniter\CodeIgniter->runController(Object(App\Controllers\Auth))
#3 C:\wamp64\www\burakwork\system\CodeIgniter.php(306): CodeIgniter\CodeIgniter->handleRequest(NULL, Object(Config\Cache), false)
#4 C:\wamp64\www\burakwork\index.php(45): CodeIgniter\CodeIgniter->run()
#5 {main}
CRITICAL - 2020-03-06 11:47:55 --> Call to undefined function App\Models\where()
#0 C:\wamp64\www\burakwork\app\Controllers\Auth.php(19): App\Models\UserModel->check_user('gds@fd.com', 'gsfd')
#1 C:\wamp64\www\burakwork\system\CodeIgniter.php(910): App\Controllers\Auth->login_process()
#2 C:\wamp64\www\burakwork\system\CodeIgniter.php(398): CodeIgniter\CodeIgniter->runController(Object(App\Controllers\Auth))
#3 C:\wamp64\www\burakwork\system\CodeIgniter.php(306): CodeIgniter\CodeIgniter->handleRequest(NULL, Object(Config\Cache), false)
#4 C:\wamp64\www\burakwork\index.php(45): CodeIgniter\CodeIgniter->run()
#5 {main}
CRITICAL - 2020-03-06 11:51:11 --> Undefined property: App\Controllers\Auth::$output
#0 C:\wamp64\www\burakwork\app\Controllers\Auth.php(22): CodeIgniter\Debug\Exceptions->errorHandler(8, 'Undefined prope...', 'C:\\wamp64\\www\\b...', 22, Array)
#1 C:\wamp64\www\burakwork\system\CodeIgniter.php(910): App\Controllers\Auth->login_process()
#2 C:\wamp64\www\burakwork\system\CodeIgniter.php(398): CodeIgniter\CodeIgniter->runController(Object(App\Controllers\Auth))
#3 C:\wamp64\www\burakwork\system\CodeIgniter.php(306): CodeIgniter\CodeIgniter->handleRequest(NULL, Object(Config\Cache), false)
#4 C:\wamp64\www\burakwork\index.php(45): CodeIgniter\CodeIgniter->run()
#5 {main}
CRITICAL - 2020-03-06 11:51:45 --> Call to undefined method CodeIgniter\HTTP\Response::set_content_type()
#0 C:\wamp64\www\burakwork\system\CodeIgniter.php(910): App\Controllers\Auth->login_process()
#1 C:\wamp64\www\burakwork\system\CodeIgniter.php(398): CodeIgniter\CodeIgniter->runController(Object(App\Controllers\Auth))
#2 C:\wamp64\www\burakwork\system\CodeIgniter.php(306): CodeIgniter\CodeIgniter->handleRequest(NULL, Object(Config\Cache), false)
#3 C:\wamp64\www\burakwork\index.php(45): CodeIgniter\CodeIgniter->run()
#4 {main}
CRITICAL - 2020-03-06 11:52:16 --> Undefined variable: data
#0 C:\wamp64\www\burakwork\app\Controllers\Auth.php(24): CodeIgniter\Debug\Exceptions->errorHandler(8, 'Undefined varia...', 'C:\\wamp64\\www\\b...', 24, Array)
#1 C:\wamp64\www\burakwork\system\CodeIgniter.php(910): App\Controllers\Auth->login_process()
#2 C:\wamp64\www\burakwork\system\CodeIgniter.php(398): CodeIgniter\CodeIgniter->runController(Object(App\Controllers\Auth))
#3 C:\wamp64\www\burakwork\system\CodeIgniter.php(306): CodeIgniter\CodeIgniter->handleRequest(NULL, Object(Config\Cache), false)
#4 C:\wamp64\www\burakwork\index.php(45): CodeIgniter\CodeIgniter->run()
#5 {main}
CRITICAL - 2020-03-06 12:21:48 --> Undefined property: App\Controllers\Auth::$userModel
#0 C:\wamp64\www\burakwork\app\Controllers\Auth.php(19): CodeIgniter\Debug\Exceptions->errorHandler(8, 'Undefined prope...', 'C:\\wamp64\\www\\b...', 19, Array)
#1 C:\wamp64\www\burakwork\system\CodeIgniter.php(910): App\Controllers\Auth->login_process()
#2 C:\wamp64\www\burakwork\system\CodeIgniter.php(398): CodeIgniter\CodeIgniter->runController(Object(App\Controllers\Auth))
#3 C:\wamp64\www\burakwork\system\CodeIgniter.php(306): CodeIgniter\CodeIgniter->handleRequest(NULL, Object(Config\Cache), false)
#4 C:\wamp64\www\burakwork\index.php(45): CodeIgniter\CodeIgniter->run()
#5 {main}
CRITICAL - 2020-03-06 12:25:05 --> Trying to get property 'email' of non-object
#0 C:\wamp64\www\burakwork\app\Views\header.php(133): CodeIgniter\Debug\Exceptions->errorHandler(8, 'Trying to get p...', 'C:\\wamp64\\www\\b...', 133, Array)
#1 C:\wamp64\www\burakwork\system\View\View.php(236): include('C:\\wamp64\\www\\b...')
#2 C:\wamp64\www\burakwork\system\Common.php(1071): CodeIgniter\View\View->render('header', Array, true)
#3 C:\wamp64\www\burakwork\app\Controllers\Panel.php(22): view('header', Array)
#4 C:\wamp64\www\burakwork\system\CodeIgniter.php(910): App\Controllers\Panel->dashboard()
#5 C:\wamp64\www\burakwork\system\CodeIgniter.php(398): CodeIgniter\CodeIgniter->runController(Object(App\Controllers\Panel))
#6 C:\wamp64\www\burakwork\system\CodeIgniter.php(306): CodeIgniter\CodeIgniter->handleRequest(NULL, Object(Config\Cache), false)
#7 C:\wamp64\www\burakwork\index.php(45): CodeIgniter\CodeIgniter->run()
#8 {main}
CRITICAL - 2020-03-06 12:25:06 --> Trying to get property 'email' of non-object
#0 C:\wamp64\www\burakwork\app\Views\header.php(133): CodeIgniter\Debug\Exceptions->errorHandler(8, 'Trying to get p...', 'C:\\wamp64\\www\\b...', 133, Array)
#1 C:\wamp64\www\burakwork\system\View\View.php(236): include('C:\\wamp64\\www\\b...')
#2 C:\wamp64\www\burakwork\system\Common.php(1071): CodeIgniter\View\View->render('header', Array, true)
#3 C:\wamp64\www\burakwork\app\Controllers\Panel.php(22): view('header', Array)
#4 C:\wamp64\www\burakwork\system\CodeIgniter.php(910): App\Controllers\Panel->dashboard()
#5 C:\wamp64\www\burakwork\system\CodeIgniter.php(398): CodeIgniter\CodeIgniter->runController(Object(App\Controllers\Panel))
#6 C:\wamp64\www\burakwork\system\CodeIgniter.php(306): CodeIgniter\CodeIgniter->handleRequest(NULL, Object(Config\Cache), false)
#7 C:\wamp64\www\burakwork\index.php(45): CodeIgniter\CodeIgniter->run()
#8 {main}
CRITICAL - 2020-03-06 12:25:14 --> Undefined index: email
#0 C:\wamp64\www\burakwork\app\Views\header.php(133): CodeIgniter\Debug\Exceptions->errorHandler(8, 'Undefined index...', 'C:\\wamp64\\www\\b...', 133, Array)
#1 C:\wamp64\www\burakwork\system\View\View.php(236): include('C:\\wamp64\\www\\b...')
#2 C:\wamp64\www\burakwork\system\Common.php(1071): CodeIgniter\View\View->render('header', Array, true)
#3 C:\wamp64\www\burakwork\app\Controllers\Panel.php(22): view('header', Array)
#4 C:\wamp64\www\burakwork\system\CodeIgniter.php(910): App\Controllers\Panel->dashboard()
#5 C:\wamp64\www\burakwork\system\CodeIgniter.php(398): CodeIgniter\CodeIgniter->runController(Object(App\Controllers\Panel))
#6 C:\wamp64\www\burakwork\system\CodeIgniter.php(306): CodeIgniter\CodeIgniter->handleRequest(NULL, Object(Config\Cache), false)
#7 C:\wamp64\www\burakwork\index.php(45): CodeIgniter\CodeIgniter->run()
#8 {main}
CRITICAL - 2020-03-06 12:25:14 --> Undefined index: email
#0 C:\wamp64\www\burakwork\app\Views\header.php(133): CodeIgniter\Debug\Exceptions->errorHandler(8, 'Undefined index...', 'C:\\wamp64\\www\\b...', 133, Array)
#1 C:\wamp64\www\burakwork\system\View\View.php(236): include('C:\\wamp64\\www\\b...')
#2 C:\wamp64\www\burakwork\system\Common.php(1071): CodeIgniter\View\View->render('header', Array, true)
#3 C:\wamp64\www\burakwork\app\Controllers\Panel.php(22): view('header', Array)
#4 C:\wamp64\www\burakwork\system\CodeIgniter.php(910): App\Controllers\Panel->dashboard()
#5 C:\wamp64\www\burakwork\system\CodeIgniter.php(398): CodeIgniter\CodeIgniter->runController(Object(App\Controllers\Panel))
#6 C:\wamp64\www\burakwork\system\CodeIgniter.php(306): CodeIgniter\CodeIgniter->handleRequest(NULL, Object(Config\Cache), false)
#7 C:\wamp64\www\burakwork\index.php(45): CodeIgniter\CodeIgniter->run()
#8 {main}
CRITICAL - 2020-03-06 12:25:32 --> Undefined index: email
#0 C:\wamp64\www\burakwork\app\Views\header.php(133): CodeIgniter\Debug\Exceptions->errorHandler(8, 'Undefined index...', 'C:\\wamp64\\www\\b...', 133, Array)
#1 C:\wamp64\www\burakwork\system\View\View.php(236): include('C:\\wamp64\\www\\b...')
#2 C:\wamp64\www\burakwork\system\Common.php(1071): CodeIgniter\View\View->render('header', Array, true)
#3 C:\wamp64\www\burakwork\app\Controllers\Panel.php(22): view('header', Array)
#4 C:\wamp64\www\burakwork\system\CodeIgniter.php(910): App\Controllers\Panel->dashboard()
#5 C:\wamp64\www\burakwork\system\CodeIgniter.php(398): CodeIgniter\CodeIgniter->runController(Object(App\Controllers\Panel))
#6 C:\wamp64\www\burakwork\system\CodeIgniter.php(306): CodeIgniter\CodeIgniter->handleRequest(NULL, Object(Config\Cache), false)
#7 C:\wamp64\www\burakwork\index.php(45): CodeIgniter\CodeIgniter->run()
#8 {main}
CRITICAL - 2020-03-06 12:25:32 --> Undefined index: email
#0 C:\wamp64\www\burakwork\app\Views\header.php(133): CodeIgniter\Debug\Exceptions->errorHandler(8, 'Undefined index...', 'C:\\wamp64\\www\\b...', 133, Array)
#1 C:\wamp64\www\burakwork\system\View\View.php(236): include('C:\\wamp64\\www\\b...')
#2 C:\wamp64\www\burakwork\system\Common.php(1071): CodeIgniter\View\View->render('header', Array, true)
#3 C:\wamp64\www\burakwork\app\Controllers\Panel.php(22): view('header', Array)
#4 C:\wamp64\www\burakwork\system\CodeIgniter.php(910): App\Controllers\Panel->dashboard()
#5 C:\wamp64\www\burakwork\system\CodeIgniter.php(398): CodeIgniter\CodeIgniter->runController(Object(App\Controllers\Panel))
#6 C:\wamp64\www\burakwork\system\CodeIgniter.php(306): CodeIgniter\CodeIgniter->handleRequest(NULL, Object(Config\Cache), false)
#7 C:\wamp64\www\burakwork\index.php(45): CodeIgniter\CodeIgniter->run()
#8 {main}
CRITICAL - 2020-03-06 12:25:32 --> Undefined index: email
#0 C:\wamp64\www\burakwork\app\Views\header.php(133): CodeIgniter\Debug\Exceptions->errorHandler(8, 'Undefined index...', 'C:\\wamp64\\www\\b...', 133, Array)
#1 C:\wamp64\www\burakwork\system\View\View.php(236): include('C:\\wamp64\\www\\b...')
#2 C:\wamp64\www\burakwork\system\Common.php(1071): CodeIgniter\View\View->render('header', Array, true)
#3 C:\wamp64\www\burakwork\app\Controllers\Panel.php(22): view('header', Array)
#4 C:\wamp64\www\burakwork\system\CodeIgniter.php(910): App\Controllers\Panel->dashboard()
#5 C:\wamp64\www\burakwork\system\CodeIgniter.php(398): CodeIgniter\CodeIgniter->runController(Object(App\Controllers\Panel))
#6 C:\wamp64\www\burakwork\system\CodeIgniter.php(306): CodeIgniter\CodeIgniter->handleRequest(NULL, Object(Config\Cache), false)
#7 C:\wamp64\www\burakwork\index.php(45): CodeIgniter\CodeIgniter->run()
#8 {main}
CRITICAL - 2020-03-06 12:25:33 --> Undefined index: email
#0 C:\wamp64\www\burakwork\app\Views\header.php(133): CodeIgniter\Debug\Exceptions->errorHandler(8, 'Undefined index...', 'C:\\wamp64\\www\\b...', 133, Array)
#1 C:\wamp64\www\burakwork\system\View\View.php(236): include('C:\\wamp64\\www\\b...')
#2 C:\wamp64\www\burakwork\system\Common.php(1071): CodeIgniter\View\View->render('header', Array, true)
#3 C:\wamp64\www\burakwork\app\Controllers\Panel.php(22): view('header', Array)
#4 C:\wamp64\www\burakwork\system\CodeIgniter.php(910): App\Controllers\Panel->dashboard()
#5 C:\wamp64\www\burakwork\system\CodeIgniter.php(398): CodeIgniter\CodeIgniter->runController(Object(App\Controllers\Panel))
#6 C:\wamp64\www\burakwork\system\CodeIgniter.php(306): CodeIgniter\CodeIgniter->handleRequest(NULL, Object(Config\Cache), false)
#7 C:\wamp64\www\burakwork\index.php(45): CodeIgniter\CodeIgniter->run()
#8 {main}
CRITICAL - 2020-03-06 12:25:33 --> Undefined index: email
#0 C:\wamp64\www\burakwork\app\Views\header.php(133): CodeIgniter\Debug\Exceptions->errorHandler(8, 'Undefined index...', 'C:\\wamp64\\www\\b...', 133, Array)
#1 C:\wamp64\www\burakwork\system\View\View.php(236): include('C:\\wamp64\\www\\b...')
#2 C:\wamp64\www\burakwork\system\Common.php(1071): CodeIgniter\View\View->render('header', Array, true)
#3 C:\wamp64\www\burakwork\app\Controllers\Panel.php(22): view('header', Array)
#4 C:\wamp64\www\burakwork\system\CodeIgniter.php(910): App\Controllers\Panel->dashboard()
#5 C:\wamp64\www\burakwork\system\CodeIgniter.php(398): CodeIgniter\CodeIgniter->runController(Object(App\Controllers\Panel))
#6 C:\wamp64\www\burakwork\system\CodeIgniter.php(306): CodeIgniter\CodeIgniter->handleRequest(NULL, Object(Config\Cache), false)
#7 C:\wamp64\www\burakwork\index.php(45): CodeIgniter\CodeIgniter->run()
#8 {main}
CRITICAL - 2020-03-06 12:25:40 --> trim() expects parameter 1 to be string, array given
#0 [internal function]: CodeIgniter\Debug\Exceptions->errorHandler(2, 'trim() expects ...', 'C:\\wamp64\\www\\b...', 133, Array)
#1 C:\wamp64\www\burakwork\app\Views\header.php(133): trim(Array)
#2 C:\wamp64\www\burakwork\system\View\View.php(236): include('C:\\wamp64\\www\\b...')
#3 C:\wamp64\www\burakwork\system\Common.php(1071): CodeIgniter\View\View->render('header', Array, true)
#4 C:\wamp64\www\burakwork\app\Controllers\Panel.php(22): view('header', Array)
#5 C:\wamp64\www\burakwork\system\CodeIgniter.php(910): App\Controllers\Panel->dashboard()
#6 C:\wamp64\www\burakwork\system\CodeIgniter.php(398): CodeIgniter\CodeIgniter->runController(Object(App\Controllers\Panel))
#7 C:\wamp64\www\burakwork\system\CodeIgniter.php(306): CodeIgniter\CodeIgniter->handleRequest(NULL, Object(Config\Cache), false)
#8 C:\wamp64\www\burakwork\index.php(45): CodeIgniter\CodeIgniter->run()
#9 {main}
CRITICAL - 2020-03-06 13:44:08 --> Not unique table/alias: 'users'
#0 C:\wamp64\www\burakwork\system\Database\MySQLi\Connection.php(330): mysqli->query('SELECT COUNT(*)...')
#1 C:\wamp64\www\burakwork\system\Database\BaseConnection.php(738): CodeIgniter\Database\MySQLi\Connection->execute('SELECT COUNT(*)...')
#2 C:\wamp64\www\burakwork\system\Database\BaseConnection.php(666): CodeIgniter\Database\BaseConnection->simpleQuery('SELECT COUNT(*)...')
#3 C:\wamp64\www\burakwork\system\Database\BaseBuilder.php(1911): CodeIgniter\Database\BaseConnection->query('SELECT COUNT(*)...', Array, false)
#4 C:\wamp64\www\burakwork\system\Model.php(1582): CodeIgniter\Database\BaseBuilder->countAllResults(true, false)
#5 C:\wamp64\www\burakwork\app\Models\UserModel.php(14): CodeIgniter\Model->countAllResults()
#6 C:\wamp64\www\burakwork\app\Controllers\Panel.php(21): App\Models\UserModel->get_total_user_count()
#7 C:\wamp64\www\burakwork\system\CodeIgniter.php(910): App\Controllers\Panel->dashboard()
#8 C:\wamp64\www\burakwork\system\CodeIgniter.php(398): CodeIgniter\CodeIgniter->runController(Object(App\Controllers\Panel))
#9 C:\wamp64\www\burakwork\system\CodeIgniter.php(306): CodeIgniter\CodeIgniter->handleRequest(NULL, Object(Config\Cache), false)
#10 C:\wamp64\www\burakwork\index.php(45): CodeIgniter\CodeIgniter->run()
#11 {main}
CRITICAL - 2020-03-06 13:44:08 --> Not unique table/alias: 'users'
#0 C:\wamp64\www\burakwork\system\Database\MySQLi\Connection.php(330): mysqli->query('SELECT COUNT(*)...')
#1 C:\wamp64\www\burakwork\system\Database\BaseConnection.php(738): CodeIgniter\Database\MySQLi\Connection->execute('SELECT COUNT(*)...')
#2 C:\wamp64\www\burakwork\system\Database\BaseConnection.php(666): CodeIgniter\Database\BaseConnection->simpleQuery('SELECT COUNT(*)...')
#3 C:\wamp64\www\burakwork\system\Database\BaseBuilder.php(1911): CodeIgniter\Database\BaseConnection->query('SELECT COUNT(*)...', Array, false)
#4 C:\wamp64\www\burakwork\system\Model.php(1582): CodeIgniter\Database\BaseBuilder->countAllResults(true, false)
#5 C:\wamp64\www\burakwork\app\Models\UserModel.php(14): CodeIgniter\Model->countAllResults()
#6 C:\wamp64\www\burakwork\app\Controllers\Panel.php(21): App\Models\UserModel->get_total_user_count()
#7 C:\wamp64\www\burakwork\system\CodeIgniter.php(910): App\Controllers\Panel->dashboard()
#8 C:\wamp64\www\burakwork\system\CodeIgniter.php(398): CodeIgniter\CodeIgniter->runController(Object(App\Controllers\Panel))
#9 C:\wamp64\www\burakwork\system\CodeIgniter.php(306): CodeIgniter\CodeIgniter->handleRequest(NULL, Object(Config\Cache), false)
#10 C:\wamp64\www\burakwork\index.php(45): CodeIgniter\CodeIgniter->run()
#11 {main}
CRITICAL - 2020-03-06 13:57:27 --> Call to undefined method CodeIgniter\Session\Session::sess_destroy()
#0 C:\wamp64\www\burakwork\system\CodeIgniter.php(910): App\Controllers\Panel->logout()
#1 C:\wamp64\www\burakwork\system\CodeIgniter.php(398): CodeIgniter\CodeIgniter->runController(Object(App\Controllers\Panel))
#2 C:\wamp64\www\burakwork\system\CodeIgniter.php(306): CodeIgniter\CodeIgniter->handleRequest(NULL, Object(Config\Cache), false)
#3 C:\wamp64\www\burakwork\index.php(45): CodeIgniter\CodeIgniter->run()
#4 {main}
