CRITICAL - 2020-03-08 11:43:23 --> Call to undefined method CodeIgniter\Database\MySQLi\Connection::select()
#0 C:\wamp64\www\burakwork\system\CodeIgniter.php(910): App\Controllers\Panel->licenses()
#1 C:\wamp64\www\burakwork\system\CodeIgniter.php(398): CodeIgniter\CodeIgniter->runController(Object(App\Controllers\Panel))
#2 C:\wamp64\www\burakwork\system\CodeIgniter.php(306): CodeIgniter\CodeIgniter->handleRequest(NULL, Object(Config\Cache), false)
#3 C:\wamp64\www\burakwork\index.php(45): CodeIgniter\CodeIgniter->run()
#4 {main}
CRITICAL - 2020-03-08 11:43:23 --> Call to undefined method CodeIgniter\Database\MySQLi\Connection::select()
#0 C:\wamp64\www\burakwork\system\CodeIgniter.php(910): App\Controllers\Panel->licenses()
#1 C:\wamp64\www\burakwork\system\CodeIgniter.php(398): CodeIgniter\CodeIgniter->runController(Object(App\Controllers\Panel))
#2 C:\wamp64\www\burakwork\system\CodeIgniter.php(306): CodeIgniter\CodeIgniter->handleRequest(NULL, Object(Config\Cache), false)
#3 C:\wamp64\www\burakwork\index.php(45): CodeIgniter\CodeIgniter->run()
#4 {main}
CRITICAL - 2020-03-08 11:43:30 --> Not unique table/alias: 'licenses'
#0 C:\wamp64\www\burakwork\system\Database\MySQLi\Connection.php(330): mysqli->query('SELECT `license...')
#1 C:\wamp64\www\burakwork\system\Database\BaseConnection.php(738): CodeIgniter\Database\MySQLi\Connection->execute('SELECT `license...')
#2 C:\wamp64\www\burakwork\system\Database\BaseConnection.php(666): CodeIgniter\Database\BaseConnection->simpleQuery('SELECT `license...')
#3 C:\wamp64\www\burakwork\system\Database\BaseBuilder.php(1819): CodeIgniter\Database\BaseConnection->query('SELECT `license...', Array, false)
#4 C:\wamp64\www\burakwork\system\Model.php(445): CodeIgniter\Database\BaseBuilder->get()
#5 C:\wamp64\www\burakwork\app\Controllers\Panel.php(36): CodeIgniter\Model->findAll()
#6 C:\wamp64\www\burakwork\system\CodeIgniter.php(910): App\Controllers\Panel->licenses()
#7 C:\wamp64\www\burakwork\system\CodeIgniter.php(398): CodeIgniter\CodeIgniter->runController(Object(App\Controllers\Panel))
#8 C:\wamp64\www\burakwork\system\CodeIgniter.php(306): CodeIgniter\CodeIgniter->handleRequest(NULL, Object(Config\Cache), false)
#9 C:\wamp64\www\burakwork\index.php(45): CodeIgniter\CodeIgniter->run()
#10 {main}
CRITICAL - 2020-03-08 11:43:30 --> Not unique table/alias: 'licenses'
#0 C:\wamp64\www\burakwork\system\Database\MySQLi\Connection.php(330): mysqli->query('SELECT `license...')
#1 C:\wamp64\www\burakwork\system\Database\BaseConnection.php(738): CodeIgniter\Database\MySQLi\Connection->execute('SELECT `license...')
#2 C:\wamp64\www\burakwork\system\Database\BaseConnection.php(666): CodeIgniter\Database\BaseConnection->simpleQuery('SELECT `license...')
#3 C:\wamp64\www\burakwork\system\Database\BaseBuilder.php(1819): CodeIgniter\Database\BaseConnection->query('SELECT `license...', Array, false)
#4 C:\wamp64\www\burakwork\system\Model.php(445): CodeIgniter\Database\BaseBuilder->get()
#5 C:\wamp64\www\burakwork\app\Controllers\Panel.php(36): CodeIgniter\Model->findAll()
#6 C:\wamp64\www\burakwork\system\CodeIgniter.php(910): App\Controllers\Panel->licenses()
#7 C:\wamp64\www\burakwork\system\CodeIgniter.php(398): CodeIgniter\CodeIgniter->runController(Object(App\Controllers\Panel))
#8 C:\wamp64\www\burakwork\system\CodeIgniter.php(306): CodeIgniter\CodeIgniter->handleRequest(NULL, Object(Config\Cache), false)
#9 C:\wamp64\www\burakwork\index.php(45): CodeIgniter\CodeIgniter->run()
#10 {main}
CRITICAL - 2020-03-08 11:43:37 --> Call to undefined method CodeIgniter\Database\MySQLi\Connection::select()
#0 C:\wamp64\www\burakwork\system\CodeIgniter.php(910): App\Controllers\Panel->licenses()
#1 C:\wamp64\www\burakwork\system\CodeIgniter.php(398): CodeIgniter\CodeIgniter->runController(Object(App\Controllers\Panel))
#2 C:\wamp64\www\burakwork\system\CodeIgniter.php(306): CodeIgniter\CodeIgniter->handleRequest(NULL, Object(Config\Cache), false)
#3 C:\wamp64\www\burakwork\index.php(45): CodeIgniter\CodeIgniter->run()
#4 {main}
CRITICAL - 2020-03-08 11:43:37 --> Call to undefined method CodeIgniter\Database\MySQLi\Connection::select()
#0 C:\wamp64\www\burakwork\system\CodeIgniter.php(910): App\Controllers\Panel->licenses()
#1 C:\wamp64\www\burakwork\system\CodeIgniter.php(398): CodeIgniter\CodeIgniter->runController(Object(App\Controllers\Panel))
#2 C:\wamp64\www\burakwork\system\CodeIgniter.php(306): CodeIgniter\CodeIgniter->handleRequest(NULL, Object(Config\Cache), false)
#3 C:\wamp64\www\burakwork\index.php(45): CodeIgniter\CodeIgniter->run()
#4 {main}
CRITICAL - 2020-03-08 11:43:37 --> Call to undefined method CodeIgniter\Database\MySQLi\Connection::select()
#0 C:\wamp64\www\burakwork\system\CodeIgniter.php(910): App\Controllers\Panel->licenses()
#1 C:\wamp64\www\burakwork\system\CodeIgniter.php(398): CodeIgniter\CodeIgniter->runController(Object(App\Controllers\Panel))
#2 C:\wamp64\www\burakwork\system\CodeIgniter.php(306): CodeIgniter\CodeIgniter->handleRequest(NULL, Object(Config\Cache), false)
#3 C:\wamp64\www\burakwork\index.php(45): CodeIgniter\CodeIgniter->run()
#4 {main}
CRITICAL - 2020-03-08 11:43:38 --> Call to undefined method CodeIgniter\Database\MySQLi\Connection::select()
#0 C:\wamp64\www\burakwork\system\CodeIgniter.php(910): App\Controllers\Panel->licenses()
#1 C:\wamp64\www\burakwork\system\CodeIgniter.php(398): CodeIgniter\CodeIgniter->runController(Object(App\Controllers\Panel))
#2 C:\wamp64\www\burakwork\system\CodeIgniter.php(306): CodeIgniter\CodeIgniter->handleRequest(NULL, Object(Config\Cache), false)
#3 C:\wamp64\www\burakwork\index.php(45): CodeIgniter\CodeIgniter->run()
#4 {main}
CRITICAL - 2020-03-08 11:43:38 --> Call to undefined method CodeIgniter\Database\MySQLi\Connection::select()
#0 C:\wamp64\www\burakwork\system\CodeIgniter.php(910): App\Controllers\Panel->licenses()
#1 C:\wamp64\www\burakwork\system\CodeIgniter.php(398): CodeIgniter\CodeIgniter->runController(Object(App\Controllers\Panel))
#2 C:\wamp64\www\burakwork\system\CodeIgniter.php(306): CodeIgniter\CodeIgniter->handleRequest(NULL, Object(Config\Cache), false)
#3 C:\wamp64\www\burakwork\index.php(45): CodeIgniter\CodeIgniter->run()
#4 {main}
CRITICAL - 2020-03-08 11:43:38 --> Call to undefined method CodeIgniter\Database\MySQLi\Connection::select()
#0 C:\wamp64\www\burakwork\system\CodeIgniter.php(910): App\Controllers\Panel->licenses()
#1 C:\wamp64\www\burakwork\system\CodeIgniter.php(398): CodeIgniter\CodeIgniter->runController(Object(App\Controllers\Panel))
#2 C:\wamp64\www\burakwork\system\CodeIgniter.php(306): CodeIgniter\CodeIgniter->handleRequest(NULL, Object(Config\Cache), false)
#3 C:\wamp64\www\burakwork\index.php(45): CodeIgniter\CodeIgniter->run()
#4 {main}
CRITICAL - 2020-03-08 12:13:15 --> Call to undefined method CodeIgniter\Database\MySQLi\Connection::select()
#0 C:\wamp64\www\burakwork\system\CodeIgniter.php(910): App\Controllers\Panel->licenses()
#1 C:\wamp64\www\burakwork\system\CodeIgniter.php(398): CodeIgniter\CodeIgniter->runController(Object(App\Controllers\Panel))
#2 C:\wamp64\www\burakwork\system\CodeIgniter.php(306): CodeIgniter\CodeIgniter->handleRequest(NULL, Object(Config\Cache), false)
#3 C:\wamp64\www\burakwork\index.php(45): CodeIgniter\CodeIgniter->run()
#4 {main}
CRITICAL - 2020-03-08 12:13:40 --> Call to undefined method CodeIgniter\Database\MySQLi\Connection::select()
#0 C:\wamp64\www\burakwork\system\CodeIgniter.php(910): App\Controllers\Panel->licenses()
#1 C:\wamp64\www\burakwork\system\CodeIgniter.php(398): CodeIgniter\CodeIgniter->runController(Object(App\Controllers\Panel))
#2 C:\wamp64\www\burakwork\system\CodeIgniter.php(306): CodeIgniter\CodeIgniter->handleRequest(NULL, Object(Config\Cache), false)
#3 C:\wamp64\www\burakwork\index.php(45): CodeIgniter\CodeIgniter->run()
#4 {main}
CRITICAL - 2020-03-08 12:15:37 --> Call to undefined method CodeIgniter\Database\MySQLi\Connection::select()
#0 C:\wamp64\www\burakwork\system\CodeIgniter.php(910): App\Controllers\Panel->licenses()
#1 C:\wamp64\www\burakwork\system\CodeIgniter.php(398): CodeIgniter\CodeIgniter->runController(Object(App\Controllers\Panel))
#2 C:\wamp64\www\burakwork\system\CodeIgniter.php(306): CodeIgniter\CodeIgniter->handleRequest(NULL, Object(Config\Cache), false)
#3 C:\wamp64\www\burakwork\index.php(45): CodeIgniter\CodeIgniter->run()
#4 {main}
CRITICAL - 2020-03-08 12:16:25 --> Undefined index: id
#0 C:\wamp64\www\burakwork\app\Views\licenses.php(27): CodeIgniter\Debug\Exceptions->errorHandler(8, 'Undefined index...', 'C:\\wamp64\\www\\b...', 27, Array)
#1 C:\wamp64\www\burakwork\system\View\View.php(236): include('C:\\wamp64\\www\\b...')
#2 C:\wamp64\www\burakwork\system\Common.php(1071): CodeIgniter\View\View->render('licenses', Array, true)
#3 C:\wamp64\www\burakwork\app\Controllers\Panel.php(38): view('licenses')
#4 C:\wamp64\www\burakwork\system\CodeIgniter.php(910): App\Controllers\Panel->licenses()
#5 C:\wamp64\www\burakwork\system\CodeIgniter.php(398): CodeIgniter\CodeIgniter->runController(Object(App\Controllers\Panel))
#6 C:\wamp64\www\burakwork\system\CodeIgniter.php(306): CodeIgniter\CodeIgniter->handleRequest(NULL, Object(Config\Cache), false)
#7 C:\wamp64\www\burakwork\index.php(45): CodeIgniter\CodeIgniter->run()
#8 {main}
CRITICAL - 2020-03-08 12:16:26 --> Undefined index: id
#0 C:\wamp64\www\burakwork\app\Views\licenses.php(27): CodeIgniter\Debug\Exceptions->errorHandler(8, 'Undefined index...', 'C:\\wamp64\\www\\b...', 27, Array)
#1 C:\wamp64\www\burakwork\system\View\View.php(236): include('C:\\wamp64\\www\\b...')
#2 C:\wamp64\www\burakwork\system\Common.php(1071): CodeIgniter\View\View->render('licenses', Array, true)
#3 C:\wamp64\www\burakwork\app\Controllers\Panel.php(38): view('licenses')
#4 C:\wamp64\www\burakwork\system\CodeIgniter.php(910): App\Controllers\Panel->licenses()
#5 C:\wamp64\www\burakwork\system\CodeIgniter.php(398): CodeIgniter\CodeIgniter->runController(Object(App\Controllers\Panel))
#6 C:\wamp64\www\burakwork\system\CodeIgniter.php(306): CodeIgniter\CodeIgniter->handleRequest(NULL, Object(Config\Cache), false)
#7 C:\wamp64\www\burakwork\index.php(45): CodeIgniter\CodeIgniter->run()
#8 {main}
CRITICAL - 2020-03-08 12:16:26 --> Undefined index: id
#0 C:\wamp64\www\burakwork\app\Views\licenses.php(27): CodeIgniter\Debug\Exceptions->errorHandler(8, 'Undefined index...', 'C:\\wamp64\\www\\b...', 27, Array)
#1 C:\wamp64\www\burakwork\system\View\View.php(236): include('C:\\wamp64\\www\\b...')
#2 C:\wamp64\www\burakwork\system\Common.php(1071): CodeIgniter\View\View->render('licenses', Array, true)
#3 C:\wamp64\www\burakwork\app\Controllers\Panel.php(38): view('licenses')
#4 C:\wamp64\www\burakwork\system\CodeIgniter.php(910): App\Controllers\Panel->licenses()
#5 C:\wamp64\www\burakwork\system\CodeIgniter.php(398): CodeIgniter\CodeIgniter->runController(Object(App\Controllers\Panel))
#6 C:\wamp64\www\burakwork\system\CodeIgniter.php(306): CodeIgniter\CodeIgniter->handleRequest(NULL, Object(Config\Cache), false)
#7 C:\wamp64\www\burakwork\index.php(45): CodeIgniter\CodeIgniter->run()
#8 {main}
CRITICAL - 2020-03-08 12:16:34 --> Table 'lisans_script.products' doesn't exist
#0 C:\wamp64\www\burakwork\system\Database\MySQLi\Connection.php(330): mysqli->query('SELECT `license...')
#1 C:\wamp64\www\burakwork\system\Database\BaseConnection.php(738): CodeIgniter\Database\MySQLi\Connection->execute('SELECT `license...')
#2 C:\wamp64\www\burakwork\system\Database\BaseConnection.php(666): CodeIgniter\Database\BaseConnection->simpleQuery('SELECT `license...')
#3 C:\wamp64\www\burakwork\system\Database\BaseBuilder.php(1819): CodeIgniter\Database\BaseConnection->query('SELECT `license...', Array, false)
#4 C:\wamp64\www\burakwork\app\Controllers\Panel.php(36): CodeIgniter\Database\BaseBuilder->get()
#5 C:\wamp64\www\burakwork\system\CodeIgniter.php(910): App\Controllers\Panel->licenses()
#6 C:\wamp64\www\burakwork\system\CodeIgniter.php(398): CodeIgniter\CodeIgniter->runController(Object(App\Controllers\Panel))
#7 C:\wamp64\www\burakwork\system\CodeIgniter.php(306): CodeIgniter\CodeIgniter->handleRequest(NULL, Object(Config\Cache), false)
#8 C:\wamp64\www\burakwork\index.php(45): CodeIgniter\CodeIgniter->run()
#9 {main}
CRITICAL - 2020-03-08 12:16:35 --> Table 'lisans_script.products' doesn't exist
#0 C:\wamp64\www\burakwork\system\Database\MySQLi\Connection.php(330): mysqli->query('SELECT `license...')
#1 C:\wamp64\www\burakwork\system\Database\BaseConnection.php(738): CodeIgniter\Database\MySQLi\Connection->execute('SELECT `license...')
#2 C:\wamp64\www\burakwork\system\Database\BaseConnection.php(666): CodeIgniter\Database\BaseConnection->simpleQuery('SELECT `license...')
#3 C:\wamp64\www\burakwork\system\Database\BaseBuilder.php(1819): CodeIgniter\Database\BaseConnection->query('SELECT `license...', Array, false)
#4 C:\wamp64\www\burakwork\app\Controllers\Panel.php(36): CodeIgniter\Database\BaseBuilder->get()
#5 C:\wamp64\www\burakwork\system\CodeIgniter.php(910): App\Controllers\Panel->licenses()
#6 C:\wamp64\www\burakwork\system\CodeIgniter.php(398): CodeIgniter\CodeIgniter->runController(Object(App\Controllers\Panel))
#7 C:\wamp64\www\burakwork\system\CodeIgniter.php(306): CodeIgniter\CodeIgniter->handleRequest(NULL, Object(Config\Cache), false)
#8 C:\wamp64\www\burakwork\index.php(45): CodeIgniter\CodeIgniter->run()
#9 {main}
CRITICAL - 2020-03-08 12:16:35 --> Table 'lisans_script.products' doesn't exist
#0 C:\wamp64\www\burakwork\system\Database\MySQLi\Connection.php(330): mysqli->query('SELECT `license...')
#1 C:\wamp64\www\burakwork\system\Database\BaseConnection.php(738): CodeIgniter\Database\MySQLi\Connection->execute('SELECT `license...')
#2 C:\wamp64\www\burakwork\system\Database\BaseConnection.php(666): CodeIgniter\Database\BaseConnection->simpleQuery('SELECT `license...')
#3 C:\wamp64\www\burakwork\system\Database\BaseBuilder.php(1819): CodeIgniter\Database\BaseConnection->query('SELECT `license...', Array, false)
#4 C:\wamp64\www\burakwork\app\Controllers\Panel.php(36): CodeIgniter\Database\BaseBuilder->get()
#5 C:\wamp64\www\burakwork\system\CodeIgniter.php(910): App\Controllers\Panel->licenses()
#6 C:\wamp64\www\burakwork\system\CodeIgniter.php(398): CodeIgniter\CodeIgniter->runController(Object(App\Controllers\Panel))
#7 C:\wamp64\www\burakwork\system\CodeIgniter.php(306): CodeIgniter\CodeIgniter->handleRequest(NULL, Object(Config\Cache), false)
#8 C:\wamp64\www\burakwork\index.php(45): CodeIgniter\CodeIgniter->run()
#9 {main}
CRITICAL - 2020-03-08 12:17:20 --> Cannot use object of type mysqli as array
#0 C:\wamp64\www\burakwork\system\View\View.php(236): include()
#1 C:\wamp64\www\burakwork\system\Common.php(1071): CodeIgniter\View\View->render('licenses', Array, true)
#2 C:\wamp64\www\burakwork\app\Controllers\Panel.php(38): view('licenses')
#3 C:\wamp64\www\burakwork\system\CodeIgniter.php(910): App\Controllers\Panel->licenses()
#4 C:\wamp64\www\burakwork\system\CodeIgniter.php(398): CodeIgniter\CodeIgniter->runController(Object(App\Controllers\Panel))
#5 C:\wamp64\www\burakwork\system\CodeIgniter.php(306): CodeIgniter\CodeIgniter->handleRequest(NULL, Object(Config\Cache), false)
#6 C:\wamp64\www\burakwork\index.php(45): CodeIgniter\CodeIgniter->run()
#7 {main}
CRITICAL - 2020-03-08 12:18:46 --> Column 'id' in order clause is ambiguous
#0 C:\wamp64\www\burakwork\system\Database\MySQLi\Connection.php(330): mysqli->query('SELECT *\nFROM `...')
#1 C:\wamp64\www\burakwork\system\Database\BaseConnection.php(738): CodeIgniter\Database\MySQLi\Connection->execute('SELECT *\nFROM `...')
#2 C:\wamp64\www\burakwork\system\Database\BaseConnection.php(666): CodeIgniter\Database\BaseConnection->simpleQuery('SELECT *\nFROM `...')
#3 C:\wamp64\www\burakwork\system\Database\BaseBuilder.php(1819): CodeIgniter\Database\BaseConnection->query('SELECT *\nFROM `...', Array, false)
#4 C:\wamp64\www\burakwork\app\Controllers\Panel.php(36): CodeIgniter\Database\BaseBuilder->get()
#5 C:\wamp64\www\burakwork\system\CodeIgniter.php(910): App\Controllers\Panel->licenses()
#6 C:\wamp64\www\burakwork\system\CodeIgniter.php(398): CodeIgniter\CodeIgniter->runController(Object(App\Controllers\Panel))
#7 C:\wamp64\www\burakwork\system\CodeIgniter.php(306): CodeIgniter\CodeIgniter->handleRequest(NULL, Object(Config\Cache), false)
#8 C:\wamp64\www\burakwork\index.php(45): CodeIgniter\CodeIgniter->run()
#9 {main}
CRITICAL - 2020-03-08 12:18:47 --> Column 'id' in order clause is ambiguous
#0 C:\wamp64\www\burakwork\system\Database\MySQLi\Connection.php(330): mysqli->query('SELECT *\nFROM `...')
#1 C:\wamp64\www\burakwork\system\Database\BaseConnection.php(738): CodeIgniter\Database\MySQLi\Connection->execute('SELECT *\nFROM `...')
#2 C:\wamp64\www\burakwork\system\Database\BaseConnection.php(666): CodeIgniter\Database\BaseConnection->simpleQuery('SELECT *\nFROM `...')
#3 C:\wamp64\www\burakwork\system\Database\BaseBuilder.php(1819): CodeIgniter\Database\BaseConnection->query('SELECT *\nFROM `...', Array, false)
#4 C:\wamp64\www\burakwork\app\Controllers\Panel.php(36): CodeIgniter\Database\BaseBuilder->get()
#5 C:\wamp64\www\burakwork\system\CodeIgniter.php(910): App\Controllers\Panel->licenses()
#6 C:\wamp64\www\burakwork\system\CodeIgniter.php(398): CodeIgniter\CodeIgniter->runController(Object(App\Controllers\Panel))
#7 C:\wamp64\www\burakwork\system\CodeIgniter.php(306): CodeIgniter\CodeIgniter->handleRequest(NULL, Object(Config\Cache), false)
#8 C:\wamp64\www\burakwork\index.php(45): CodeIgniter\CodeIgniter->run()
#9 {main}
CRITICAL - 2020-03-08 12:19:32 --> Cannot use object of type mysqli as array
#0 C:\wamp64\www\burakwork\system\View\View.php(236): include()
#1 C:\wamp64\www\burakwork\system\Common.php(1071): CodeIgniter\View\View->render('licenses', Array, true)
#2 C:\wamp64\www\burakwork\app\Controllers\Panel.php(39): view('licenses')
#3 C:\wamp64\www\burakwork\system\CodeIgniter.php(910): App\Controllers\Panel->licenses()
#4 C:\wamp64\www\burakwork\system\CodeIgniter.php(398): CodeIgniter\CodeIgniter->runController(Object(App\Controllers\Panel))
#5 C:\wamp64\www\burakwork\system\CodeIgniter.php(306): CodeIgniter\CodeIgniter->handleRequest(NULL, Object(Config\Cache), false)
#6 C:\wamp64\www\burakwork\index.php(45): CodeIgniter\CodeIgniter->run()
#7 {main}
CRITICAL - 2020-03-08 12:19:32 --> Cannot use object of type mysqli as array
#0 C:\wamp64\www\burakwork\system\View\View.php(236): include()
#1 C:\wamp64\www\burakwork\system\Common.php(1071): CodeIgniter\View\View->render('licenses', Array, true)
#2 C:\wamp64\www\burakwork\app\Controllers\Panel.php(39): view('licenses')
#3 C:\wamp64\www\burakwork\system\CodeIgniter.php(910): App\Controllers\Panel->licenses()
#4 C:\wamp64\www\burakwork\system\CodeIgniter.php(398): CodeIgniter\CodeIgniter->runController(Object(App\Controllers\Panel))
#5 C:\wamp64\www\burakwork\system\CodeIgniter.php(306): CodeIgniter\CodeIgniter->handleRequest(NULL, Object(Config\Cache), false)
#6 C:\wamp64\www\burakwork\index.php(45): CodeIgniter\CodeIgniter->run()
#7 {main}
CRITICAL - 2020-03-08 12:19:33 --> Cannot use object of type mysqli as array
#0 C:\wamp64\www\burakwork\system\View\View.php(236): include()
#1 C:\wamp64\www\burakwork\system\Common.php(1071): CodeIgniter\View\View->render('licenses', Array, true)
#2 C:\wamp64\www\burakwork\app\Controllers\Panel.php(39): view('licenses')
#3 C:\wamp64\www\burakwork\system\CodeIgniter.php(910): App\Controllers\Panel->licenses()
#4 C:\wamp64\www\burakwork\system\CodeIgniter.php(398): CodeIgniter\CodeIgniter->runController(Object(App\Controllers\Panel))
#5 C:\wamp64\www\burakwork\system\CodeIgniter.php(306): CodeIgniter\CodeIgniter->handleRequest(NULL, Object(Config\Cache), false)
#6 C:\wamp64\www\burakwork\index.php(45): CodeIgniter\CodeIgniter->run()
#7 {main}
CRITICAL - 2020-03-08 12:19:36 --> Cannot use object of type mysqli as array
#0 C:\wamp64\www\burakwork\system\View\View.php(236): include()
#1 C:\wamp64\www\burakwork\system\Common.php(1071): CodeIgniter\View\View->render('licenses', Array, true)
#2 C:\wamp64\www\burakwork\app\Controllers\Panel.php(39): view('licenses')
#3 C:\wamp64\www\burakwork\system\CodeIgniter.php(910): App\Controllers\Panel->licenses()
#4 C:\wamp64\www\burakwork\system\CodeIgniter.php(398): CodeIgniter\CodeIgniter->runController(Object(App\Controllers\Panel))
#5 C:\wamp64\www\burakwork\system\CodeIgniter.php(306): CodeIgniter\CodeIgniter->handleRequest(NULL, Object(Config\Cache), false)
#6 C:\wamp64\www\burakwork\index.php(45): CodeIgniter\CodeIgniter->run()
#7 {main}
CRITICAL - 2020-03-08 12:41:39 --> Undefined property: App\Controllers\Panel::$productModel
#0 C:\wamp64\www\burakwork\app\Controllers\Panel.php(36): CodeIgniter\Debug\Exceptions->errorHandler(8, 'Undefined prope...', 'C:\\wamp64\\www\\b...', 36, Array)
#1 C:\wamp64\www\burakwork\system\CodeIgniter.php(910): App\Controllers\Panel->products()
#2 C:\wamp64\www\burakwork\system\CodeIgniter.php(398): CodeIgniter\CodeIgniter->runController(Object(App\Controllers\Panel))
#3 C:\wamp64\www\burakwork\system\CodeIgniter.php(306): CodeIgniter\CodeIgniter->handleRequest(NULL, Object(Config\Cache), false)
#4 C:\wamp64\www\burakwork\index.php(45): CodeIgniter\CodeIgniter->run()
#5 {main}
CRITICAL - 2020-03-08 12:42:16 --> Undefined property: App\Controllers\Panel::$productModel
#0 C:\wamp64\www\burakwork\app\Controllers\Panel.php(36): CodeIgniter\Debug\Exceptions->errorHandler(8, 'Undefined prope...', 'C:\\wamp64\\www\\b...', 36, Array)
#1 C:\wamp64\www\burakwork\system\CodeIgniter.php(910): App\Controllers\Panel->products()
#2 C:\wamp64\www\burakwork\system\CodeIgniter.php(398): CodeIgniter\CodeIgniter->runController(Object(App\Controllers\Panel))
#3 C:\wamp64\www\burakwork\system\CodeIgniter.php(306): CodeIgniter\CodeIgniter->handleRequest(NULL, Object(Config\Cache), false)
#4 C:\wamp64\www\burakwork\index.php(45): CodeIgniter\CodeIgniter->run()
#5 {main}
CRITICAL - 2020-03-08 12:42:41 --> Undefined variable: licenses
#0 C:\wamp64\www\burakwork\app\Views\products.php(25): CodeIgniter\Debug\Exceptions->errorHandler(8, 'Undefined varia...', 'C:\\wamp64\\www\\b...', 25, Array)
#1 C:\wamp64\www\burakwork\system\View\View.php(236): include('C:\\wamp64\\www\\b...')
#2 C:\wamp64\www\burakwork\system\Common.php(1071): CodeIgniter\View\View->render('products', Array, true)
#3 C:\wamp64\www\burakwork\app\Controllers\Panel.php(39): view('products')
#4 C:\wamp64\www\burakwork\system\CodeIgniter.php(910): App\Controllers\Panel->products()
#5 C:\wamp64\www\burakwork\system\CodeIgniter.php(398): CodeIgniter\CodeIgniter->runController(Object(App\Controllers\Panel))
#6 C:\wamp64\www\burakwork\system\CodeIgniter.php(306): CodeIgniter\CodeIgniter->handleRequest(NULL, Object(Config\Cache), false)
#7 C:\wamp64\www\burakwork\index.php(45): CodeIgniter\CodeIgniter->run()
#8 {main}
CRITICAL - 2020-03-08 12:42:41 --> Undefined variable: licenses
#0 C:\wamp64\www\burakwork\app\Views\products.php(25): CodeIgniter\Debug\Exceptions->errorHandler(8, 'Undefined varia...', 'C:\\wamp64\\www\\b...', 25, Array)
#1 C:\wamp64\www\burakwork\system\View\View.php(236): include('C:\\wamp64\\www\\b...')
#2 C:\wamp64\www\burakwork\system\Common.php(1071): CodeIgniter\View\View->render('products', Array, true)
#3 C:\wamp64\www\burakwork\app\Controllers\Panel.php(39): view('products')
#4 C:\wamp64\www\burakwork\system\CodeIgniter.php(910): App\Controllers\Panel->products()
#5 C:\wamp64\www\burakwork\system\CodeIgniter.php(398): CodeIgniter\CodeIgniter->runController(Object(App\Controllers\Panel))
#6 C:\wamp64\www\burakwork\system\CodeIgniter.php(306): CodeIgniter\CodeIgniter->handleRequest(NULL, Object(Config\Cache), false)
#7 C:\wamp64\www\burakwork\index.php(45): CodeIgniter\CodeIgniter->run()
#8 {main}
CRITICAL - 2020-03-08 12:42:42 --> Undefined variable: licenses
#0 C:\wamp64\www\burakwork\app\Views\products.php(25): CodeIgniter\Debug\Exceptions->errorHandler(8, 'Undefined varia...', 'C:\\wamp64\\www\\b...', 25, Array)
#1 C:\wamp64\www\burakwork\system\View\View.php(236): include('C:\\wamp64\\www\\b...')
#2 C:\wamp64\www\burakwork\system\Common.php(1071): CodeIgniter\View\View->render('products', Array, true)
#3 C:\wamp64\www\burakwork\app\Controllers\Panel.php(39): view('products')
#4 C:\wamp64\www\burakwork\system\CodeIgniter.php(910): App\Controllers\Panel->products()
#5 C:\wamp64\www\burakwork\system\CodeIgniter.php(398): CodeIgniter\CodeIgniter->runController(Object(App\Controllers\Panel))
#6 C:\wamp64\www\burakwork\system\CodeIgniter.php(306): CodeIgniter\CodeIgniter->handleRequest(NULL, Object(Config\Cache), false)
#7 C:\wamp64\www\burakwork\index.php(45): CodeIgniter\CodeIgniter->run()
#8 {main}
CRITICAL - 2020-03-08 12:42:42 --> Undefined variable: licenses
#0 C:\wamp64\www\burakwork\app\Views\products.php(25): CodeIgniter\Debug\Exceptions->errorHandler(8, 'Undefined varia...', 'C:\\wamp64\\www\\b...', 25, Array)
#1 C:\wamp64\www\burakwork\system\View\View.php(236): include('C:\\wamp64\\www\\b...')
#2 C:\wamp64\www\burakwork\system\Common.php(1071): CodeIgniter\View\View->render('products', Array, true)
#3 C:\wamp64\www\burakwork\app\Controllers\Panel.php(39): view('products')
#4 C:\wamp64\www\burakwork\system\CodeIgniter.php(910): App\Controllers\Panel->products()
#5 C:\wamp64\www\burakwork\system\CodeIgniter.php(398): CodeIgniter\CodeIgniter->runController(Object(App\Controllers\Panel))
#6 C:\wamp64\www\burakwork\system\CodeIgniter.php(306): CodeIgniter\CodeIgniter->handleRequest(NULL, Object(Config\Cache), false)
#7 C:\wamp64\www\burakwork\index.php(45): CodeIgniter\CodeIgniter->run()
#8 {main}
CRITICAL - 2020-03-08 12:45:19 --> Undefined variable: license
#0 C:\wamp64\www\burakwork\app\Views\products.php(35): CodeIgniter\Debug\Exceptions->errorHandler(8, 'Undefined varia...', 'C:\\wamp64\\www\\b...', 35, Array)
#1 C:\wamp64\www\burakwork\system\View\View.php(236): include('C:\\wamp64\\www\\b...')
#2 C:\wamp64\www\burakwork\system\Common.php(1071): CodeIgniter\View\View->render('products', Array, true)
#3 C:\wamp64\www\burakwork\app\Controllers\Panel.php(39): view('products')
#4 C:\wamp64\www\burakwork\system\CodeIgniter.php(910): App\Controllers\Panel->products()
#5 C:\wamp64\www\burakwork\system\CodeIgniter.php(398): CodeIgniter\CodeIgniter->runController(Object(App\Controllers\Panel))
#6 C:\wamp64\www\burakwork\system\CodeIgniter.php(306): CodeIgniter\CodeIgniter->handleRequest(NULL, Object(Config\Cache), false)
#7 C:\wamp64\www\burakwork\index.php(45): CodeIgniter\CodeIgniter->run()
#8 {main}
CRITICAL - 2020-03-08 12:45:45 --> Undefined variable: license
#0 C:\wamp64\www\burakwork\app\Views\products.php(35): CodeIgniter\Debug\Exceptions->errorHandler(8, 'Undefined varia...', 'C:\\wamp64\\www\\b...', 35, Array)
#1 C:\wamp64\www\burakwork\system\View\View.php(236): include('C:\\wamp64\\www\\b...')
#2 C:\wamp64\www\burakwork\system\Common.php(1071): CodeIgniter\View\View->render('products', Array, true)
#3 C:\wamp64\www\burakwork\app\Controllers\Panel.php(39): view('products')
#4 C:\wamp64\www\burakwork\system\CodeIgniter.php(910): App\Controllers\Panel->products()
#5 C:\wamp64\www\burakwork\system\CodeIgniter.php(398): CodeIgniter\CodeIgniter->runController(Object(App\Controllers\Panel))
#6 C:\wamp64\www\burakwork\system\CodeIgniter.php(306): CodeIgniter\CodeIgniter->handleRequest(NULL, Object(Config\Cache), false)
#7 C:\wamp64\www\burakwork\index.php(45): CodeIgniter\CodeIgniter->run()
#8 {main}
CRITICAL - 2020-03-08 12:46:33 --> Undefined variable: license
#0 C:\wamp64\www\burakwork\app\Views\products.php(35): CodeIgniter\Debug\Exceptions->errorHandler(8, 'Undefined varia...', 'C:\\wamp64\\www\\b...', 35, Array)
#1 C:\wamp64\www\burakwork\system\View\View.php(236): include('C:\\wamp64\\www\\b...')
#2 C:\wamp64\www\burakwork\system\Common.php(1071): CodeIgniter\View\View->render('products', Array, true)
#3 C:\wamp64\www\burakwork\app\Controllers\Panel.php(39): view('products')
#4 C:\wamp64\www\burakwork\system\CodeIgniter.php(910): App\Controllers\Panel->products()
#5 C:\wamp64\www\burakwork\system\CodeIgniter.php(398): CodeIgniter\CodeIgniter->runController(Object(App\Controllers\Panel))
#6 C:\wamp64\www\burakwork\system\CodeIgniter.php(306): CodeIgniter\CodeIgniter->handleRequest(NULL, Object(Config\Cache), false)
#7 C:\wamp64\www\burakwork\index.php(45): CodeIgniter\CodeIgniter->run()
#8 {main}
CRITICAL - 2020-03-08 12:46:33 --> Undefined variable: license
#0 C:\wamp64\www\burakwork\app\Views\products.php(35): CodeIgniter\Debug\Exceptions->errorHandler(8, 'Undefined varia...', 'C:\\wamp64\\www\\b...', 35, Array)
#1 C:\wamp64\www\burakwork\system\View\View.php(236): include('C:\\wamp64\\www\\b...')
#2 C:\wamp64\www\burakwork\system\Common.php(1071): CodeIgniter\View\View->render('products', Array, true)
#3 C:\wamp64\www\burakwork\app\Controllers\Panel.php(39): view('products')
#4 C:\wamp64\www\burakwork\system\CodeIgniter.php(910): App\Controllers\Panel->products()
#5 C:\wamp64\www\burakwork\system\CodeIgniter.php(398): CodeIgniter\CodeIgniter->runController(Object(App\Controllers\Panel))
#6 C:\wamp64\www\burakwork\system\CodeIgniter.php(306): CodeIgniter\CodeIgniter->handleRequest(NULL, Object(Config\Cache), false)
#7 C:\wamp64\www\burakwork\index.php(45): CodeIgniter\CodeIgniter->run()
#8 {main}
CRITICAL - 2020-03-08 12:54:25 --> Invalid file: add_product.php
#0 C:\wamp64\www\burakwork\system\View\View.php(224): CodeIgniter\Exceptions\FrameworkException::forInvalidFile('add_product.php')
#1 C:\wamp64\www\burakwork\system\Common.php(1071): CodeIgniter\View\View->render('add_product', Array, true)
#2 C:\wamp64\www\burakwork\app\Controllers\Panel.php(47): view('add_product')
#3 C:\wamp64\www\burakwork\system\CodeIgniter.php(910): App\Controllers\Panel->add_product()
#4 C:\wamp64\www\burakwork\system\CodeIgniter.php(398): CodeIgniter\CodeIgniter->runController(Object(App\Controllers\Panel))
#5 C:\wamp64\www\burakwork\system\CodeIgniter.php(306): CodeIgniter\CodeIgniter->handleRequest(NULL, Object(Config\Cache), false)
#6 C:\wamp64\www\burakwork\index.php(45): CodeIgniter\CodeIgniter->run()
#7 {main}
CRITICAL - 2020-03-08 13:22:53 --> Allowed fields must be specified for model: App\Models\ProductModel
#0 C:\wamp64\www\burakwork\system\Model.php(1218): CodeIgniter\Database\Exceptions\DataException::forInvalidAllowedFields('App\\Models\\Prod...')
#1 C:\wamp64\www\burakwork\system\Model.php(702): CodeIgniter\Model->doProtectFields(Array)
#2 C:\wamp64\www\burakwork\app\Controllers\Panel.php(70): CodeIgniter\Model->insert(Array)
#3 C:\wamp64\www\burakwork\system\CodeIgniter.php(910): App\Controllers\Panel->ajax_add_product()
#4 C:\wamp64\www\burakwork\system\CodeIgniter.php(398): CodeIgniter\CodeIgniter->runController(Object(App\Controllers\Panel))
#5 C:\wamp64\www\burakwork\system\CodeIgniter.php(306): CodeIgniter\CodeIgniter->handleRequest(NULL, Object(Config\Cache), false)
#6 C:\wamp64\www\burakwork\index.php(45): CodeIgniter\CodeIgniter->run()
#7 {main}
CRITICAL - 2020-03-08 13:24:21 --> Allowed fields must be specified for model: App\Models\ProductModel
#0 C:\wamp64\www\burakwork\system\Model.php(1218): CodeIgniter\Database\Exceptions\DataException::forInvalidAllowedFields('App\\Models\\Prod...')
#1 C:\wamp64\www\burakwork\system\Model.php(702): CodeIgniter\Model->doProtectFields(Array)
#2 C:\wamp64\www\burakwork\app\Controllers\Panel.php(71): CodeIgniter\Model->insert(Array)
#3 C:\wamp64\www\burakwork\system\CodeIgniter.php(910): App\Controllers\Panel->ajax_add_product()
#4 C:\wamp64\www\burakwork\system\CodeIgniter.php(398): CodeIgniter\CodeIgniter->runController(Object(App\Controllers\Panel))
#5 C:\wamp64\www\burakwork\system\CodeIgniter.php(306): CodeIgniter\CodeIgniter->handleRequest(NULL, Object(Config\Cache), false)
#6 C:\wamp64\www\burakwork\index.php(45): CodeIgniter\CodeIgniter->run()
#7 {main}
CRITICAL - 2020-03-08 19:02:00 --> Undefined variable: products_count
#0 C:\wamp64\www\burakwork\app\Views\dashboard.php(45): CodeIgniter\Debug\Exceptions->errorHandler(8, 'Undefined varia...', 'C:\\wamp64\\www\\b...', 45, Array)
#1 C:\wamp64\www\burakwork\system\View\View.php(236): include('C:\\wamp64\\www\\b...')
#2 C:\wamp64\www\burakwork\system\Common.php(1071): CodeIgniter\View\View->render('dashboard', Array, true)
#3 C:\wamp64\www\burakwork\app\Controllers\Panel.php(30): view('dashboard')
#4 C:\wamp64\www\burakwork\system\CodeIgniter.php(910): App\Controllers\Panel->dashboard()
#5 C:\wamp64\www\burakwork\system\CodeIgniter.php(398): CodeIgniter\CodeIgniter->runController(Object(App\Controllers\Panel))
#6 C:\wamp64\www\burakwork\system\CodeIgniter.php(306): CodeIgniter\CodeIgniter->handleRequest(NULL, Object(Config\Cache), false)
#7 C:\wamp64\www\burakwork\index.php(45): CodeIgniter\CodeIgniter->run()
#8 {main}
CRITICAL - 2020-03-08 19:02:00 --> Undefined variable: products_count
#0 C:\wamp64\www\burakwork\app\Views\dashboard.php(45): CodeIgniter\Debug\Exceptions->errorHandler(8, 'Undefined varia...', 'C:\\wamp64\\www\\b...', 45, Array)
#1 C:\wamp64\www\burakwork\system\View\View.php(236): include('C:\\wamp64\\www\\b...')
#2 C:\wamp64\www\burakwork\system\Common.php(1071): CodeIgniter\View\View->render('dashboard', Array, true)
#3 C:\wamp64\www\burakwork\app\Controllers\Panel.php(30): view('dashboard')
#4 C:\wamp64\www\burakwork\system\CodeIgniter.php(910): App\Controllers\Panel->dashboard()
#5 C:\wamp64\www\burakwork\system\CodeIgniter.php(398): CodeIgniter\CodeIgniter->runController(Object(App\Controllers\Panel))
#6 C:\wamp64\www\burakwork\system\CodeIgniter.php(306): CodeIgniter\CodeIgniter->handleRequest(NULL, Object(Config\Cache), false)
#7 C:\wamp64\www\burakwork\index.php(45): CodeIgniter\CodeIgniter->run()
#8 {main}
CRITICAL - 2020-03-08 19:17:29 --> Undefined variable: product
#0 C:\wamp64\www\burakwork\app\Views\edit_product.php(13): CodeIgniter\Debug\Exceptions->errorHandler(8, 'Undefined varia...', 'C:\\wamp64\\www\\b...', 13, Array)
#1 C:\wamp64\www\burakwork\system\View\View.php(236): include('C:\\wamp64\\www\\b...')
#2 C:\wamp64\www\burakwork\system\Common.php(1071): CodeIgniter\View\View->render('edit_product', Array, true)
#3 C:\wamp64\www\burakwork\app\Controllers\Panel.php(56): view('edit_product')
#4 C:\wamp64\www\burakwork\system\CodeIgniter.php(910): App\Controllers\Panel->edit_product()
#5 C:\wamp64\www\burakwork\system\CodeIgniter.php(398): CodeIgniter\CodeIgniter->runController(Object(App\Controllers\Panel))
#6 C:\wamp64\www\burakwork\system\CodeIgniter.php(306): CodeIgniter\CodeIgniter->handleRequest(NULL, Object(Config\Cache), false)
#7 C:\wamp64\www\burakwork\index.php(45): CodeIgniter\CodeIgniter->run()
#8 {main}
CRITICAL - 2020-03-08 19:18:42 --> Too few arguments to function App\Controllers\Panel::edit_product(), 0 passed in C:\wamp64\www\burakwork\system\CodeIgniter.php on line 910 and exactly 1 expected
#0 C:\wamp64\www\burakwork\system\CodeIgniter.php(910): App\Controllers\Panel->edit_product()
#1 C:\wamp64\www\burakwork\system\CodeIgniter.php(398): CodeIgniter\CodeIgniter->runController(Object(App\Controllers\Panel))
#2 C:\wamp64\www\burakwork\system\CodeIgniter.php(306): CodeIgniter\CodeIgniter->handleRequest(NULL, Object(Config\Cache), false)
#3 C:\wamp64\www\burakwork\index.php(45): CodeIgniter\CodeIgniter->run()
#4 {main}
CRITICAL - 2020-03-08 19:18:50 --> 
#0 C:\wamp64\www\burakwork\system\HTTP\RedirectResponse.php(92): CodeIgniter\HTTP\Exceptions\HTTPException::forInvalidRedirectRoute('')
#1 C:\wamp64\www\burakwork\system\Common.php(798): CodeIgniter\HTTP\RedirectResponse->route(false)
#2 C:\wamp64\www\burakwork\app\Controllers\Panel.php(61): redirect('http://burakwor...')
#3 C:\wamp64\www\burakwork\system\CodeIgniter.php(910): App\Controllers\Panel->edit_product('1')
#4 C:\wamp64\www\burakwork\system\CodeIgniter.php(398): CodeIgniter\CodeIgniter->runController(Object(App\Controllers\Panel))
#5 C:\wamp64\www\burakwork\system\CodeIgniter.php(306): CodeIgniter\CodeIgniter->handleRequest(NULL, Object(Config\Cache), false)
#6 C:\wamp64\www\burakwork\index.php(45): CodeIgniter\CodeIgniter->run()
#7 {main}
CRITICAL - 2020-03-08 19:19:43 --> 
#0 C:\wamp64\www\burakwork\system\HTTP\RedirectResponse.php(92): CodeIgniter\HTTP\Exceptions\HTTPException::forInvalidRedirectRoute('')
#1 C:\wamp64\www\burakwork\system\Common.php(798): CodeIgniter\HTTP\RedirectResponse->route(false)
#2 C:\wamp64\www\burakwork\app\Controllers\Panel.php(61): redirect('http://burakwor...')
#3 C:\wamp64\www\burakwork\system\CodeIgniter.php(910): App\Controllers\Panel->edit_product('1')
#4 C:\wamp64\www\burakwork\system\CodeIgniter.php(398): CodeIgniter\CodeIgniter->runController(Object(App\Controllers\Panel))
#5 C:\wamp64\www\burakwork\system\CodeIgniter.php(306): CodeIgniter\CodeIgniter->handleRequest(NULL, Object(Config\Cache), false)
#6 C:\wamp64\www\burakwork\index.php(45): CodeIgniter\CodeIgniter->run()
#7 {main}
CRITICAL - 2020-03-08 19:19:43 --> 
#0 C:\wamp64\www\burakwork\system\HTTP\RedirectResponse.php(92): CodeIgniter\HTTP\Exceptions\HTTPException::forInvalidRedirectRoute('')
#1 C:\wamp64\www\burakwork\system\Common.php(798): CodeIgniter\HTTP\RedirectResponse->route(false)
#2 C:\wamp64\www\burakwork\app\Controllers\Panel.php(61): redirect('http://burakwor...')
#3 C:\wamp64\www\burakwork\system\CodeIgniter.php(910): App\Controllers\Panel->edit_product('1')
#4 C:\wamp64\www\burakwork\system\CodeIgniter.php(398): CodeIgniter\CodeIgniter->runController(Object(App\Controllers\Panel))
#5 C:\wamp64\www\burakwork\system\CodeIgniter.php(306): CodeIgniter\CodeIgniter->handleRequest(NULL, Object(Config\Cache), false)
#6 C:\wamp64\www\burakwork\index.php(45): CodeIgniter\CodeIgniter->run()
#7 {main}
CRITICAL - 2020-03-08 19:20:15 --> 
#0 C:\wamp64\www\burakwork\system\HTTP\RedirectResponse.php(92): CodeIgniter\HTTP\Exceptions\HTTPException::forInvalidRedirectRoute('')
#1 C:\wamp64\www\burakwork\system\Common.php(798): CodeIgniter\HTTP\RedirectResponse->route(false)
#2 C:\wamp64\www\burakwork\app\Controllers\Panel.php(61): redirect('http://burakwor...')
#3 C:\wamp64\www\burakwork\system\CodeIgniter.php(910): App\Controllers\Panel->edit_product('1')
#4 C:\wamp64\www\burakwork\system\CodeIgniter.php(398): CodeIgniter\CodeIgniter->runController(Object(App\Controllers\Panel))
#5 C:\wamp64\www\burakwork\system\CodeIgniter.php(306): CodeIgniter\CodeIgniter->handleRequest(NULL, Object(Config\Cache), false)
#6 C:\wamp64\www\burakwork\index.php(45): CodeIgniter\CodeIgniter->run()
#7 {main}
CRITICAL - 2020-03-08 19:21:42 --> 
#0 C:\wamp64\www\burakwork\system\HTTP\RedirectResponse.php(92): CodeIgniter\HTTP\Exceptions\HTTPException::forInvalidRedirectRoute('')
#1 C:\wamp64\www\burakwork\system\Common.php(798): CodeIgniter\HTTP\RedirectResponse->route(false)
#2 C:\wamp64\www\burakwork\app\Controllers\Panel.php(61): redirect('http://burakwor...')
#3 C:\wamp64\www\burakwork\system\CodeIgniter.php(910): App\Controllers\Panel->edit_product('1')
#4 C:\wamp64\www\burakwork\system\CodeIgniter.php(398): CodeIgniter\CodeIgniter->runController(Object(App\Controllers\Panel))
#5 C:\wamp64\www\burakwork\system\CodeIgniter.php(306): CodeIgniter\CodeIgniter->handleRequest(NULL, Object(Config\Cache), false)
#6 C:\wamp64\www\burakwork\index.php(45): CodeIgniter\CodeIgniter->run()
#7 {main}
CRITICAL - 2020-03-08 19:21:54 --> Too few arguments to function App\Controllers\Panel::edit_product(), 0 passed in C:\wamp64\www\burakwork\system\CodeIgniter.php on line 910 and exactly 1 expected
#0 C:\wamp64\www\burakwork\system\CodeIgniter.php(910): App\Controllers\Panel->edit_product()
#1 C:\wamp64\www\burakwork\system\CodeIgniter.php(398): CodeIgniter\CodeIgniter->runController(Object(App\Controllers\Panel))
#2 C:\wamp64\www\burakwork\system\CodeIgniter.php(306): CodeIgniter\CodeIgniter->handleRequest(NULL, Object(Config\Cache), false)
#3 C:\wamp64\www\burakwork\index.php(45): CodeIgniter\CodeIgniter->run()
#4 {main}
CRITICAL - 2020-03-08 19:22:07 --> 
#0 C:\wamp64\www\burakwork\system\HTTP\RedirectResponse.php(92): CodeIgniter\HTTP\Exceptions\HTTPException::forInvalidRedirectRoute('')
#1 C:\wamp64\www\burakwork\system\Common.php(798): CodeIgniter\HTTP\RedirectResponse->route(false)
#2 C:\wamp64\www\burakwork\app\Controllers\Panel.php(61): redirect('http://burakwor...')
#3 C:\wamp64\www\burakwork\system\CodeIgniter.php(910): App\Controllers\Panel->edit_product('1')
#4 C:\wamp64\www\burakwork\system\CodeIgniter.php(398): CodeIgniter\CodeIgniter->runController(Object(App\Controllers\Panel))
#5 C:\wamp64\www\burakwork\system\CodeIgniter.php(306): CodeIgniter\CodeIgniter->handleRequest(NULL, Object(Config\Cache), false)
#6 C:\wamp64\www\burakwork\index.php(45): CodeIgniter\CodeIgniter->run()
#7 {main}
CRITICAL - 2020-03-08 19:22:08 --> 
#0 C:\wamp64\www\burakwork\system\HTTP\RedirectResponse.php(92): CodeIgniter\HTTP\Exceptions\HTTPException::forInvalidRedirectRoute('')
#1 C:\wamp64\www\burakwork\system\Common.php(798): CodeIgniter\HTTP\RedirectResponse->route(false)
#2 C:\wamp64\www\burakwork\app\Controllers\Panel.php(61): redirect('http://burakwor...')
#3 C:\wamp64\www\burakwork\system\CodeIgniter.php(910): App\Controllers\Panel->edit_product('1')
#4 C:\wamp64\www\burakwork\system\CodeIgniter.php(398): CodeIgniter\CodeIgniter->runController(Object(App\Controllers\Panel))
#5 C:\wamp64\www\burakwork\system\CodeIgniter.php(306): CodeIgniter\CodeIgniter->handleRequest(NULL, Object(Config\Cache), false)
#6 C:\wamp64\www\burakwork\index.php(45): CodeIgniter\CodeIgniter->run()
#7 {main}
CRITICAL - 2020-03-08 19:22:08 --> 
#0 C:\wamp64\www\burakwork\system\HTTP\RedirectResponse.php(92): CodeIgniter\HTTP\Exceptions\HTTPException::forInvalidRedirectRoute('')
#1 C:\wamp64\www\burakwork\system\Common.php(798): CodeIgniter\HTTP\RedirectResponse->route(false)
#2 C:\wamp64\www\burakwork\app\Controllers\Panel.php(61): redirect('http://burakwor...')
#3 C:\wamp64\www\burakwork\system\CodeIgniter.php(910): App\Controllers\Panel->edit_product('1')
#4 C:\wamp64\www\burakwork\system\CodeIgniter.php(398): CodeIgniter\CodeIgniter->runController(Object(App\Controllers\Panel))
#5 C:\wamp64\www\burakwork\system\CodeIgniter.php(306): CodeIgniter\CodeIgniter->handleRequest(NULL, Object(Config\Cache), false)
#6 C:\wamp64\www\burakwork\index.php(45): CodeIgniter\CodeIgniter->run()
#7 {main}
CRITICAL - 2020-03-08 19:22:11 --> 
#0 C:\wamp64\www\burakwork\system\HTTP\RedirectResponse.php(92): CodeIgniter\HTTP\Exceptions\HTTPException::forInvalidRedirectRoute('')
#1 C:\wamp64\www\burakwork\system\Common.php(798): CodeIgniter\HTTP\RedirectResponse->route(false)
#2 C:\wamp64\www\burakwork\app\Controllers\Panel.php(61): redirect('http://burakwor...')
#3 C:\wamp64\www\burakwork\system\CodeIgniter.php(910): App\Controllers\Panel->edit_product('1')
#4 C:\wamp64\www\burakwork\system\CodeIgniter.php(398): CodeIgniter\CodeIgniter->runController(Object(App\Controllers\Panel))
#5 C:\wamp64\www\burakwork\system\CodeIgniter.php(306): CodeIgniter\CodeIgniter->handleRequest(NULL, Object(Config\Cache), false)
#6 C:\wamp64\www\burakwork\index.php(45): CodeIgniter\CodeIgniter->run()
#7 {main}
CRITICAL - 2020-03-08 19:22:12 --> 
#0 C:\wamp64\www\burakwork\system\HTTP\RedirectResponse.php(92): CodeIgniter\HTTP\Exceptions\HTTPException::forInvalidRedirectRoute('')
#1 C:\wamp64\www\burakwork\system\Common.php(798): CodeIgniter\HTTP\RedirectResponse->route(false)
#2 C:\wamp64\www\burakwork\app\Controllers\Panel.php(61): redirect('http://burakwor...')
#3 C:\wamp64\www\burakwork\system\CodeIgniter.php(910): App\Controllers\Panel->edit_product('1')
#4 C:\wamp64\www\burakwork\system\CodeIgniter.php(398): CodeIgniter\CodeIgniter->runController(Object(App\Controllers\Panel))
#5 C:\wamp64\www\burakwork\system\CodeIgniter.php(306): CodeIgniter\CodeIgniter->handleRequest(NULL, Object(Config\Cache), false)
#6 C:\wamp64\www\burakwork\index.php(45): CodeIgniter\CodeIgniter->run()
#7 {main}
CRITICAL - 2020-03-08 19:22:12 --> 
#0 C:\wamp64\www\burakwork\system\HTTP\RedirectResponse.php(92): CodeIgniter\HTTP\Exceptions\HTTPException::forInvalidRedirectRoute('')
#1 C:\wamp64\www\burakwork\system\Common.php(798): CodeIgniter\HTTP\RedirectResponse->route(false)
#2 C:\wamp64\www\burakwork\app\Controllers\Panel.php(61): redirect('http://burakwor...')
#3 C:\wamp64\www\burakwork\system\CodeIgniter.php(910): App\Controllers\Panel->edit_product('1')
#4 C:\wamp64\www\burakwork\system\CodeIgniter.php(398): CodeIgniter\CodeIgniter->runController(Object(App\Controllers\Panel))
#5 C:\wamp64\www\burakwork\system\CodeIgniter.php(306): CodeIgniter\CodeIgniter->handleRequest(NULL, Object(Config\Cache), false)
#6 C:\wamp64\www\burakwork\index.php(45): CodeIgniter\CodeIgniter->run()
#7 {main}
CRITICAL - 2020-03-08 19:22:12 --> 
#0 C:\wamp64\www\burakwork\system\HTTP\RedirectResponse.php(92): CodeIgniter\HTTP\Exceptions\HTTPException::forInvalidRedirectRoute('')
#1 C:\wamp64\www\burakwork\system\Common.php(798): CodeIgniter\HTTP\RedirectResponse->route(false)
#2 C:\wamp64\www\burakwork\app\Controllers\Panel.php(61): redirect('http://burakwor...')
#3 C:\wamp64\www\burakwork\system\CodeIgniter.php(910): App\Controllers\Panel->edit_product('1')
#4 C:\wamp64\www\burakwork\system\CodeIgniter.php(398): CodeIgniter\CodeIgniter->runController(Object(App\Controllers\Panel))
#5 C:\wamp64\www\burakwork\system\CodeIgniter.php(306): CodeIgniter\CodeIgniter->handleRequest(NULL, Object(Config\Cache), false)
#6 C:\wamp64\www\burakwork\index.php(45): CodeIgniter\CodeIgniter->run()
#7 {main}
CRITICAL - 2020-03-08 19:22:13 --> 
#0 C:\wamp64\www\burakwork\system\HTTP\RedirectResponse.php(92): CodeIgniter\HTTP\Exceptions\HTTPException::forInvalidRedirectRoute('')
#1 C:\wamp64\www\burakwork\system\Common.php(798): CodeIgniter\HTTP\RedirectResponse->route(false)
#2 C:\wamp64\www\burakwork\app\Controllers\Panel.php(61): redirect('http://burakwor...')
#3 C:\wamp64\www\burakwork\system\CodeIgniter.php(910): App\Controllers\Panel->edit_product('1')
#4 C:\wamp64\www\burakwork\system\CodeIgniter.php(398): CodeIgniter\CodeIgniter->runController(Object(App\Controllers\Panel))
#5 C:\wamp64\www\burakwork\system\CodeIgniter.php(306): CodeIgniter\CodeIgniter->handleRequest(NULL, Object(Config\Cache), false)
#6 C:\wamp64\www\burakwork\index.php(45): CodeIgniter\CodeIgniter->run()
#7 {main}
CRITICAL - 2020-03-08 19:22:48 --> 
#0 C:\wamp64\www\burakwork\system\HTTP\RedirectResponse.php(92): CodeIgniter\HTTP\Exceptions\HTTPException::forInvalidRedirectRoute('')
#1 C:\wamp64\www\burakwork\system\Common.php(798): CodeIgniter\HTTP\RedirectResponse->route(false)
#2 C:\wamp64\www\burakwork\app\Controllers\Panel.php(61): redirect('http://burakwor...')
#3 C:\wamp64\www\burakwork\system\CodeIgniter.php(910): App\Controllers\Panel->edit_product('1')
#4 C:\wamp64\www\burakwork\system\CodeIgniter.php(398): CodeIgniter\CodeIgniter->runController(Object(App\Controllers\Panel))
#5 C:\wamp64\www\burakwork\system\CodeIgniter.php(306): CodeIgniter\CodeIgniter->handleRequest(NULL, Object(Config\Cache), false)
#6 C:\wamp64\www\burakwork\index.php(45): CodeIgniter\CodeIgniter->run()
#7 {main}
CRITICAL - 2020-03-08 19:23:01 --> 
#0 C:\wamp64\www\burakwork\system\HTTP\RedirectResponse.php(92): CodeIgniter\HTTP\Exceptions\HTTPException::forInvalidRedirectRoute('')
#1 C:\wamp64\www\burakwork\system\Common.php(798): CodeIgniter\HTTP\RedirectResponse->route(false)
#2 C:\wamp64\www\burakwork\app\Controllers\Panel.php(61): redirect('http://burakwor...')
#3 C:\wamp64\www\burakwork\system\CodeIgniter.php(910): App\Controllers\Panel->edit_product('22')
#4 C:\wamp64\www\burakwork\system\CodeIgniter.php(398): CodeIgniter\CodeIgniter->runController(Object(App\Controllers\Panel))
#5 C:\wamp64\www\burakwork\system\CodeIgniter.php(306): CodeIgniter\CodeIgniter->handleRequest(NULL, Object(Config\Cache), false)
#6 C:\wamp64\www\burakwork\index.php(45): CodeIgniter\CodeIgniter->run()
#7 {main}
CRITICAL - 2020-03-08 19:23:03 --> 
#0 C:\wamp64\www\burakwork\system\HTTP\RedirectResponse.php(92): CodeIgniter\HTTP\Exceptions\HTTPException::forInvalidRedirectRoute('')
#1 C:\wamp64\www\burakwork\system\Common.php(798): CodeIgniter\HTTP\RedirectResponse->route(false)
#2 C:\wamp64\www\burakwork\app\Controllers\Panel.php(61): redirect('http://burakwor...')
#3 C:\wamp64\www\burakwork\system\CodeIgniter.php(910): App\Controllers\Panel->edit_product('1')
#4 C:\wamp64\www\burakwork\system\CodeIgniter.php(398): CodeIgniter\CodeIgniter->runController(Object(App\Controllers\Panel))
#5 C:\wamp64\www\burakwork\system\CodeIgniter.php(306): CodeIgniter\CodeIgniter->handleRequest(NULL, Object(Config\Cache), false)
#6 C:\wamp64\www\burakwork\index.php(45): CodeIgniter\CodeIgniter->run()
#7 {main}
CRITICAL - 2020-03-08 19:23:23 --> Too few arguments to function App\Controllers\Panel::edit_product(), 0 passed in C:\wamp64\www\burakwork\system\CodeIgniter.php on line 910 and exactly 1 expected
#0 C:\wamp64\www\burakwork\system\CodeIgniter.php(910): App\Controllers\Panel->edit_product()
#1 C:\wamp64\www\burakwork\system\CodeIgniter.php(398): CodeIgniter\CodeIgniter->runController(Object(App\Controllers\Panel))
#2 C:\wamp64\www\burakwork\system\CodeIgniter.php(306): CodeIgniter\CodeIgniter->handleRequest(NULL, Object(Config\Cache), false)
#3 C:\wamp64\www\burakwork\index.php(45): CodeIgniter\CodeIgniter->run()
#4 {main}
CRITICAL - 2020-03-08 19:23:24 --> Too few arguments to function App\Controllers\Panel::edit_product(), 0 passed in C:\wamp64\www\burakwork\system\CodeIgniter.php on line 910 and exactly 1 expected
#0 C:\wamp64\www\burakwork\system\CodeIgniter.php(910): App\Controllers\Panel->edit_product()
#1 C:\wamp64\www\burakwork\system\CodeIgniter.php(398): CodeIgniter\CodeIgniter->runController(Object(App\Controllers\Panel))
#2 C:\wamp64\www\burakwork\system\CodeIgniter.php(306): CodeIgniter\CodeIgniter->handleRequest(NULL, Object(Config\Cache), false)
#3 C:\wamp64\www\burakwork\index.php(45): CodeIgniter\CodeIgniter->run()
#4 {main}
CRITICAL - 2020-03-08 19:23:35 --> 
#0 C:\wamp64\www\burakwork\system\HTTP\RedirectResponse.php(92): CodeIgniter\HTTP\Exceptions\HTTPException::forInvalidRedirectRoute('')
#1 C:\wamp64\www\burakwork\system\Common.php(798): CodeIgniter\HTTP\RedirectResponse->route(false)
#2 C:\wamp64\www\burakwork\app\Controllers\Panel.php(61): redirect('http://burakwor...')
#3 C:\wamp64\www\burakwork\system\CodeIgniter.php(910): App\Controllers\Panel->edit_product('1')
#4 C:\wamp64\www\burakwork\system\CodeIgniter.php(398): CodeIgniter\CodeIgniter->runController(Object(App\Controllers\Panel))
#5 C:\wamp64\www\burakwork\system\CodeIgniter.php(306): CodeIgniter\CodeIgniter->handleRequest(NULL, Object(Config\Cache), false)
#6 C:\wamp64\www\burakwork\index.php(45): CodeIgniter\CodeIgniter->run()
#7 {main}
CRITICAL - 2020-03-08 19:23:35 --> 
#0 C:\wamp64\www\burakwork\system\HTTP\RedirectResponse.php(92): CodeIgniter\HTTP\Exceptions\HTTPException::forInvalidRedirectRoute('')
#1 C:\wamp64\www\burakwork\system\Common.php(798): CodeIgniter\HTTP\RedirectResponse->route(false)
#2 C:\wamp64\www\burakwork\app\Controllers\Panel.php(61): redirect('http://burakwor...')
#3 C:\wamp64\www\burakwork\system\CodeIgniter.php(910): App\Controllers\Panel->edit_product('1')
#4 C:\wamp64\www\burakwork\system\CodeIgniter.php(398): CodeIgniter\CodeIgniter->runController(Object(App\Controllers\Panel))
#5 C:\wamp64\www\burakwork\system\CodeIgniter.php(306): CodeIgniter\CodeIgniter->handleRequest(NULL, Object(Config\Cache), false)
#6 C:\wamp64\www\burakwork\index.php(45): CodeIgniter\CodeIgniter->run()
#7 {main}
CRITICAL - 2020-03-08 19:23:35 --> 
#0 C:\wamp64\www\burakwork\system\HTTP\RedirectResponse.php(92): CodeIgniter\HTTP\Exceptions\HTTPException::forInvalidRedirectRoute('')
#1 C:\wamp64\www\burakwork\system\Common.php(798): CodeIgniter\HTTP\RedirectResponse->route(false)
#2 C:\wamp64\www\burakwork\app\Controllers\Panel.php(61): redirect('http://burakwor...')
#3 C:\wamp64\www\burakwork\system\CodeIgniter.php(910): App\Controllers\Panel->edit_product('1')
#4 C:\wamp64\www\burakwork\system\CodeIgniter.php(398): CodeIgniter\CodeIgniter->runController(Object(App\Controllers\Panel))
#5 C:\wamp64\www\burakwork\system\CodeIgniter.php(306): CodeIgniter\CodeIgniter->handleRequest(NULL, Object(Config\Cache), false)
#6 C:\wamp64\www\burakwork\index.php(45): CodeIgniter\CodeIgniter->run()
#7 {main}
CRITICAL - 2020-03-08 19:23:36 --> 
#0 C:\wamp64\www\burakwork\system\HTTP\RedirectResponse.php(92): CodeIgniter\HTTP\Exceptions\HTTPException::forInvalidRedirectRoute('')
#1 C:\wamp64\www\burakwork\system\Common.php(798): CodeIgniter\HTTP\RedirectResponse->route(false)
#2 C:\wamp64\www\burakwork\app\Controllers\Panel.php(61): redirect('http://burakwor...')
#3 C:\wamp64\www\burakwork\system\CodeIgniter.php(910): App\Controllers\Panel->edit_product('1')
#4 C:\wamp64\www\burakwork\system\CodeIgniter.php(398): CodeIgniter\CodeIgniter->runController(Object(App\Controllers\Panel))
#5 C:\wamp64\www\burakwork\system\CodeIgniter.php(306): CodeIgniter\CodeIgniter->handleRequest(NULL, Object(Config\Cache), false)
#6 C:\wamp64\www\burakwork\index.php(45): CodeIgniter\CodeIgniter->run()
#7 {main}
CRITICAL - 2020-03-08 19:23:54 --> 
#0 C:\wamp64\www\burakwork\system\HTTP\RedirectResponse.php(92): CodeIgniter\HTTP\Exceptions\HTTPException::forInvalidRedirectRoute('')
#1 C:\wamp64\www\burakwork\system\Common.php(798): CodeIgniter\HTTP\RedirectResponse->route(false)
#2 C:\wamp64\www\burakwork\app\Controllers\Panel.php(61): redirect('http://burakwor...')
#3 C:\wamp64\www\burakwork\system\CodeIgniter.php(910): App\Controllers\Panel->edit_product('1')
#4 C:\wamp64\www\burakwork\system\CodeIgniter.php(398): CodeIgniter\CodeIgniter->runController(Object(App\Controllers\Panel))
#5 C:\wamp64\www\burakwork\system\CodeIgniter.php(306): CodeIgniter\CodeIgniter->handleRequest(NULL, Object(Config\Cache), false)
#6 C:\wamp64\www\burakwork\index.php(45): CodeIgniter\CodeIgniter->run()
#7 {main}
CRITICAL - 2020-03-08 19:23:54 --> 
#0 C:\wamp64\www\burakwork\system\HTTP\RedirectResponse.php(92): CodeIgniter\HTTP\Exceptions\HTTPException::forInvalidRedirectRoute('')
#1 C:\wamp64\www\burakwork\system\Common.php(798): CodeIgniter\HTTP\RedirectResponse->route(false)
#2 C:\wamp64\www\burakwork\app\Controllers\Panel.php(61): redirect('http://burakwor...')
#3 C:\wamp64\www\burakwork\system\CodeIgniter.php(910): App\Controllers\Panel->edit_product('1')
#4 C:\wamp64\www\burakwork\system\CodeIgniter.php(398): CodeIgniter\CodeIgniter->runController(Object(App\Controllers\Panel))
#5 C:\wamp64\www\burakwork\system\CodeIgniter.php(306): CodeIgniter\CodeIgniter->handleRequest(NULL, Object(Config\Cache), false)
#6 C:\wamp64\www\burakwork\index.php(45): CodeIgniter\CodeIgniter->run()
#7 {main}
CRITICAL - 2020-03-08 19:25:37 --> Call to undefined method CodeIgniter\Database\MySQLi\Connection::where()
#0 C:\wamp64\www\burakwork\app\Controllers\Panel.php(55): App\Models\ProductModel->get_product_by_id('3232')
#1 C:\wamp64\www\burakwork\system\CodeIgniter.php(910): App\Controllers\Panel->edit_product('3232')
#2 C:\wamp64\www\burakwork\system\CodeIgniter.php(398): CodeIgniter\CodeIgniter->runController(Object(App\Controllers\Panel))
#3 C:\wamp64\www\burakwork\system\CodeIgniter.php(306): CodeIgniter\CodeIgniter->handleRequest(NULL, Object(Config\Cache), false)
#4 C:\wamp64\www\burakwork\index.php(45): CodeIgniter\CodeIgniter->run()
#5 {main}
CRITICAL - 2020-03-08 19:25:37 --> Call to undefined method CodeIgniter\Database\MySQLi\Connection::where()
#0 C:\wamp64\www\burakwork\app\Controllers\Panel.php(55): App\Models\ProductModel->get_product_by_id('3232')
#1 C:\wamp64\www\burakwork\system\CodeIgniter.php(910): App\Controllers\Panel->edit_product('3232')
#2 C:\wamp64\www\burakwork\system\CodeIgniter.php(398): CodeIgniter\CodeIgniter->runController(Object(App\Controllers\Panel))
#3 C:\wamp64\www\burakwork\system\CodeIgniter.php(306): CodeIgniter\CodeIgniter->handleRequest(NULL, Object(Config\Cache), false)
#4 C:\wamp64\www\burakwork\index.php(45): CodeIgniter\CodeIgniter->run()
#5 {main}
CRITICAL - 2020-03-08 19:25:52 --> Call to undefined method CodeIgniter\Database\MySQLi\Builder::find()
#0 C:\wamp64\www\burakwork\app\Controllers\Panel.php(55): App\Models\ProductModel->get_product_by_id('3232')
#1 C:\wamp64\www\burakwork\system\CodeIgniter.php(910): App\Controllers\Panel->edit_product('3232')
#2 C:\wamp64\www\burakwork\system\CodeIgniter.php(398): CodeIgniter\CodeIgniter->runController(Object(App\Controllers\Panel))
#3 C:\wamp64\www\burakwork\system\CodeIgniter.php(306): CodeIgniter\CodeIgniter->handleRequest(NULL, Object(Config\Cache), false)
#4 C:\wamp64\www\burakwork\index.php(45): CodeIgniter\CodeIgniter->run()
#5 {main}
CRITICAL - 2020-03-08 19:25:53 --> Call to undefined method CodeIgniter\Database\MySQLi\Builder::find()
#0 C:\wamp64\www\burakwork\app\Controllers\Panel.php(55): App\Models\ProductModel->get_product_by_id('3232')
#1 C:\wamp64\www\burakwork\system\CodeIgniter.php(910): App\Controllers\Panel->edit_product('3232')
#2 C:\wamp64\www\burakwork\system\CodeIgniter.php(398): CodeIgniter\CodeIgniter->runController(Object(App\Controllers\Panel))
#3 C:\wamp64\www\burakwork\system\CodeIgniter.php(306): CodeIgniter\CodeIgniter->handleRequest(NULL, Object(Config\Cache), false)
#4 C:\wamp64\www\burakwork\index.php(45): CodeIgniter\CodeIgniter->run()
#5 {main}
CRITICAL - 2020-03-08 20:51:20 --> Undefined variable: id
#0 C:\wamp64\www\burakwork\app\Controllers\Panel.php(79): CodeIgniter\Debug\Exceptions->errorHandler(8, 'Undefined varia...', 'C:\\wamp64\\www\\b...', 79, Array)
#1 C:\wamp64\www\burakwork\system\CodeIgniter.php(910): App\Controllers\Panel->add_license()
#2 C:\wamp64\www\burakwork\system\CodeIgniter.php(398): CodeIgniter\CodeIgniter->runController(Object(App\Controllers\Panel))
#3 C:\wamp64\www\burakwork\system\CodeIgniter.php(306): CodeIgniter\CodeIgniter->handleRequest(NULL, Object(Config\Cache), false)
#4 C:\wamp64\www\burakwork\index.php(45): CodeIgniter\CodeIgniter->run()
#5 {main}
CRITICAL - 2020-03-08 21:29:48 --> Cannot use isset() on the result of an expression (you can use "null !== expression" instead)
#0 [internal function]: CodeIgniter\Debug\Exceptions->shutdownHandler()
#1 {main}
CRITICAL - 2020-03-08 21:30:29 --> Call to undefined function App\Controllers\createLicenseKey()
#0 C:\wamp64\www\burakwork\system\CodeIgniter.php(910): App\Controllers\Panel->ajax_add_license()
#1 C:\wamp64\www\burakwork\system\CodeIgniter.php(398): CodeIgniter\CodeIgniter->runController(Object(App\Controllers\Panel))
#2 C:\wamp64\www\burakwork\system\CodeIgniter.php(306): CodeIgniter\CodeIgniter->handleRequest(NULL, Object(Config\Cache), false)
#3 C:\wamp64\www\burakwork\index.php(45): CodeIgniter\CodeIgniter->run()
#4 {main}
CRITICAL - 2020-03-08 21:30:42 --> Call to undefined method CodeIgniter\Database\MySQLi\Connection::where()
#0 C:\wamp64\www\burakwork\app\Controllers\Panel.php(114): App\Controllers\Panel->createLicenseKey('PMBLG')
#1 C:\wamp64\www\burakwork\system\CodeIgniter.php(910): App\Controllers\Panel->ajax_add_license()
#2 C:\wamp64\www\burakwork\system\CodeIgniter.php(398): CodeIgniter\CodeIgniter->runController(Object(App\Controllers\Panel))
#3 C:\wamp64\www\burakwork\system\CodeIgniter.php(306): CodeIgniter\CodeIgniter->handleRequest(NULL, Object(Config\Cache), false)
#4 C:\wamp64\www\burakwork\index.php(45): CodeIgniter\CodeIgniter->run()
#5 {main}
CRITICAL - 2020-03-08 21:31:30 --> Call to undefined method CodeIgniter\Database\MySQLi\Builder::countAllRows()
#0 C:\wamp64\www\burakwork\app\Controllers\Panel.php(114): App\Controllers\Panel->createLicenseKey('PMBLG')
#1 C:\wamp64\www\burakwork\system\CodeIgniter.php(910): App\Controllers\Panel->ajax_add_license()
#2 C:\wamp64\www\burakwork\system\CodeIgniter.php(398): CodeIgniter\CodeIgniter->runController(Object(App\Controllers\Panel))
#3 C:\wamp64\www\burakwork\system\CodeIgniter.php(306): CodeIgniter\CodeIgniter->handleRequest(NULL, Object(Config\Cache), false)
#4 C:\wamp64\www\burakwork\index.php(45): CodeIgniter\CodeIgniter->run()
#5 {main}
CRITICAL - 2020-03-08 21:32:10 --> Allowed fields must be specified for model: App\Models\LicenseModel
#0 C:\wamp64\www\burakwork\system\Model.php(1218): CodeIgniter\Database\Exceptions\DataException::forInvalidAllowedFields('App\\Models\\Lice...')
#1 C:\wamp64\www\burakwork\system\Model.php(702): CodeIgniter\Model->doProtectFields(Array)
#2 C:\wamp64\www\burakwork\app\Controllers\Panel.php(120): CodeIgniter\Model->insert(Array)
#3 C:\wamp64\www\burakwork\system\CodeIgniter.php(910): App\Controllers\Panel->ajax_add_license()
#4 C:\wamp64\www\burakwork\system\CodeIgniter.php(398): CodeIgniter\CodeIgniter->runController(Object(App\Controllers\Panel))
#5 C:\wamp64\www\burakwork\system\CodeIgniter.php(306): CodeIgniter\CodeIgniter->handleRequest(NULL, Object(Config\Cache), false)
#6 C:\wamp64\www\burakwork\index.php(45): CodeIgniter\CodeIgniter->run()
#7 {main}
CRITICAL - 2020-03-08 21:46:37 --> Undefined variable: products
#0 C:\wamp64\www\burakwork\app\Views\dashboard.php(135): CodeIgniter\Debug\Exceptions->errorHandler(8, 'Undefined varia...', 'C:\\wamp64\\www\\b...', 135, Array)
#1 C:\wamp64\www\burakwork\system\View\View.php(236): include('C:\\wamp64\\www\\b...')
#2 C:\wamp64\www\burakwork\system\Common.php(1071): CodeIgniter\View\View->render('dashboard', Array, true)
#3 C:\wamp64\www\burakwork\app\Controllers\Panel.php(31): view('dashboard')
#4 C:\wamp64\www\burakwork\system\CodeIgniter.php(910): App\Controllers\Panel->dashboard()
#5 C:\wamp64\www\burakwork\system\CodeIgniter.php(398): CodeIgniter\CodeIgniter->runController(Object(App\Controllers\Panel))
#6 C:\wamp64\www\burakwork\system\CodeIgniter.php(306): CodeIgniter\CodeIgniter->handleRequest(NULL, Object(Config\Cache), false)
#7 C:\wamp64\www\burakwork\index.php(45): CodeIgniter\CodeIgniter->run()
#8 {main}
CRITICAL - 2020-03-08 21:48:41 --> You have an error in your SQL syntax; check the manual that corresponds to your MySQL server version for the right syntax to use near '(until > 1583693321) OR (`until` =0)' at line 3
#0 C:\wamp64\www\burakwork\system\Database\MySQLi\Connection.php(330): mysqli->query('SELECT COUNT(*)...')
#1 C:\wamp64\www\burakwork\system\Database\BaseConnection.php(738): CodeIgniter\Database\MySQLi\Connection->execute('SELECT COUNT(*)...')
#2 C:\wamp64\www\burakwork\system\Database\BaseConnection.php(666): CodeIgniter\Database\BaseConnection->simpleQuery('SELECT COUNT(*)...')
#3 C:\wamp64\www\burakwork\system\Database\BaseBuilder.php(1911): CodeIgniter\Database\BaseConnection->query('SELECT COUNT(*)...', Array, false)
#4 C:\wamp64\www\burakwork\app\Models\LicenseModel.php(14): CodeIgniter\Database\BaseBuilder->countAllResults()
#5 C:\wamp64\www\burakwork\app\Controllers\LicenseCheck.php(11): App\Models\LicenseModel->check_license('tt', '13')
#6 C:\wamp64\www\burakwork\system\CodeIgniter.php(910): App\Controllers\LicenseCheck->check_license_product()
#7 C:\wamp64\www\burakwork\system\CodeIgniter.php(398): CodeIgniter\CodeIgniter->runController(Object(App\Controllers\LicenseCheck))
#8 C:\wamp64\www\burakwork\system\CodeIgniter.php(306): CodeIgniter\CodeIgniter->handleRequest(NULL, Object(Config\Cache), false)
#9 C:\wamp64\www\burakwork\index.php(45): CodeIgniter\CodeIgniter->run()
#10 {main}
CRITICAL - 2020-03-08 21:48:43 --> You have an error in your SQL syntax; check the manual that corresponds to your MySQL server version for the right syntax to use near '(until > 1583693323) OR (`until` =0)' at line 3
#0 C:\wamp64\www\burakwork\system\Database\MySQLi\Connection.php(330): mysqli->query('SELECT COUNT(*)...')
#1 C:\wamp64\www\burakwork\system\Database\BaseConnection.php(738): CodeIgniter\Database\MySQLi\Connection->execute('SELECT COUNT(*)...')
#2 C:\wamp64\www\burakwork\system\Database\BaseConnection.php(666): CodeIgniter\Database\BaseConnection->simpleQuery('SELECT COUNT(*)...')
#3 C:\wamp64\www\burakwork\system\Database\BaseBuilder.php(1911): CodeIgniter\Database\BaseConnection->query('SELECT COUNT(*)...', Array, false)
#4 C:\wamp64\www\burakwork\app\Models\LicenseModel.php(14): CodeIgniter\Database\BaseBuilder->countAllResults()
#5 C:\wamp64\www\burakwork\app\Controllers\LicenseCheck.php(11): App\Models\LicenseModel->check_license('tt', '13')
#6 C:\wamp64\www\burakwork\system\CodeIgniter.php(910): App\Controllers\LicenseCheck->check_license_product()
#7 C:\wamp64\www\burakwork\system\CodeIgniter.php(398): CodeIgniter\CodeIgniter->runController(Object(App\Controllers\LicenseCheck))
#8 C:\wamp64\www\burakwork\system\CodeIgniter.php(306): CodeIgniter\CodeIgniter->handleRequest(NULL, Object(Config\Cache), false)
#9 C:\wamp64\www\burakwork\index.php(45): CodeIgniter\CodeIgniter->run()
#10 {main}
CRITICAL - 2020-03-08 21:48:43 --> You have an error in your SQL syntax; check the manual that corresponds to your MySQL server version for the right syntax to use near '(until > 1583693323) OR (`until` =0)' at line 3
#0 C:\wamp64\www\burakwork\system\Database\MySQLi\Connection.php(330): mysqli->query('SELECT COUNT(*)...')
#1 C:\wamp64\www\burakwork\system\Database\BaseConnection.php(738): CodeIgniter\Database\MySQLi\Connection->execute('SELECT COUNT(*)...')
#2 C:\wamp64\www\burakwork\system\Database\BaseConnection.php(666): CodeIgniter\Database\BaseConnection->simpleQuery('SELECT COUNT(*)...')
#3 C:\wamp64\www\burakwork\system\Database\BaseBuilder.php(1911): CodeIgniter\Database\BaseConnection->query('SELECT COUNT(*)...', Array, false)
#4 C:\wamp64\www\burakwork\app\Models\LicenseModel.php(14): CodeIgniter\Database\BaseBuilder->countAllResults()
#5 C:\wamp64\www\burakwork\app\Controllers\LicenseCheck.php(11): App\Models\LicenseModel->check_license('tt', '13')
#6 C:\wamp64\www\burakwork\system\CodeIgniter.php(910): App\Controllers\LicenseCheck->check_license_product()
#7 C:\wamp64\www\burakwork\system\CodeIgniter.php(398): CodeIgniter\CodeIgniter->runController(Object(App\Controllers\LicenseCheck))
#8 C:\wamp64\www\burakwork\system\CodeIgniter.php(306): CodeIgniter\CodeIgniter->handleRequest(NULL, Object(Config\Cache), false)
#9 C:\wamp64\www\burakwork\index.php(45): CodeIgniter\CodeIgniter->run()
#10 {main}
CRITICAL - 2020-03-08 21:48:43 --> You have an error in your SQL syntax; check the manual that corresponds to your MySQL server version for the right syntax to use near '(until > 1583693323) OR (`until` =0)' at line 3
#0 C:\wamp64\www\burakwork\system\Database\MySQLi\Connection.php(330): mysqli->query('SELECT COUNT(*)...')
#1 C:\wamp64\www\burakwork\system\Database\BaseConnection.php(738): CodeIgniter\Database\MySQLi\Connection->execute('SELECT COUNT(*)...')
#2 C:\wamp64\www\burakwork\system\Database\BaseConnection.php(666): CodeIgniter\Database\BaseConnection->simpleQuery('SELECT COUNT(*)...')
#3 C:\wamp64\www\burakwork\system\Database\BaseBuilder.php(1911): CodeIgniter\Database\BaseConnection->query('SELECT COUNT(*)...', Array, false)
#4 C:\wamp64\www\burakwork\app\Models\LicenseModel.php(14): CodeIgniter\Database\BaseBuilder->countAllResults()
#5 C:\wamp64\www\burakwork\app\Controllers\LicenseCheck.php(11): App\Models\LicenseModel->check_license('tt', '13')
#6 C:\wamp64\www\burakwork\system\CodeIgniter.php(910): App\Controllers\LicenseCheck->check_license_product()
#7 C:\wamp64\www\burakwork\system\CodeIgniter.php(398): CodeIgniter\CodeIgniter->runController(Object(App\Controllers\LicenseCheck))
#8 C:\wamp64\www\burakwork\system\CodeIgniter.php(306): CodeIgniter\CodeIgniter->handleRequest(NULL, Object(Config\Cache), false)
#9 C:\wamp64\www\burakwork\index.php(45): CodeIgniter\CodeIgniter->run()
#10 {main}
CRITICAL - 2020-03-08 21:48:54 --> You have an error in your SQL syntax; check the manual that corresponds to your MySQL server version for the right syntax to use near '(until > 1583693334) OR (`until` =0)' at line 3
#0 C:\wamp64\www\burakwork\system\Database\MySQLi\Connection.php(330): mysqli->query('SELECT COUNT(*)...')
#1 C:\wamp64\www\burakwork\system\Database\BaseConnection.php(738): CodeIgniter\Database\MySQLi\Connection->execute('SELECT COUNT(*)...')
#2 C:\wamp64\www\burakwork\system\Database\BaseConnection.php(666): CodeIgniter\Database\BaseConnection->simpleQuery('SELECT COUNT(*)...')
#3 C:\wamp64\www\burakwork\system\Database\BaseBuilder.php(1911): CodeIgniter\Database\BaseConnection->query('SELECT COUNT(*)...', Array, false)
#4 C:\wamp64\www\burakwork\app\Models\LicenseModel.php(14): CodeIgniter\Database\BaseBuilder->countAllResults()
#5 C:\wamp64\www\burakwork\app\Controllers\LicenseCheck.php(11): App\Models\LicenseModel->check_license('tt', '13')
#6 C:\wamp64\www\burakwork\system\CodeIgniter.php(910): App\Controllers\LicenseCheck->check_license_product()
#7 C:\wamp64\www\burakwork\system\CodeIgniter.php(398): CodeIgniter\CodeIgniter->runController(Object(App\Controllers\LicenseCheck))
#8 C:\wamp64\www\burakwork\system\CodeIgniter.php(306): CodeIgniter\CodeIgniter->handleRequest(NULL, Object(Config\Cache), false)
#9 C:\wamp64\www\burakwork\index.php(45): CodeIgniter\CodeIgniter->run()
#10 {main}
CRITICAL - 2020-03-08 21:50:01 --> You have an error in your SQL syntax; check the manual that corresponds to your MySQL server version for the right syntax to use near '`) AND (product = "13")) AND ((until > 1583693401) OR (until = 0))' at line 3
#0 C:\wamp64\www\burakwork\system\Database\MySQLi\Connection.php(330): mysqli->query('SELECT COUNT(*)...')
#1 C:\wamp64\www\burakwork\system\Database\BaseConnection.php(738): CodeIgniter\Database\MySQLi\Connection->execute('SELECT COUNT(*)...')
#2 C:\wamp64\www\burakwork\system\Database\BaseConnection.php(666): CodeIgniter\Database\BaseConnection->simpleQuery('SELECT COUNT(*)...')
#3 C:\wamp64\www\burakwork\system\Database\BaseBuilder.php(1911): CodeIgniter\Database\BaseConnection->query('SELECT COUNT(*)...', Array, false)
#4 C:\wamp64\www\burakwork\app\Models\LicenseModel.php(14): CodeIgniter\Database\BaseBuilder->countAllResults()
#5 C:\wamp64\www\burakwork\app\Controllers\LicenseCheck.php(11): App\Models\LicenseModel->check_license('youtube.com    ...', '13')
#6 C:\wamp64\www\burakwork\system\CodeIgniter.php(910): App\Controllers\LicenseCheck->check_license_product()
#7 C:\wamp64\www\burakwork\system\CodeIgniter.php(398): CodeIgniter\CodeIgniter->runController(Object(App\Controllers\LicenseCheck))
#8 C:\wamp64\www\burakwork\system\CodeIgniter.php(306): CodeIgniter\CodeIgniter->handleRequest(NULL, Object(Config\Cache), false)
#9 C:\wamp64\www\burakwork\index.php(45): CodeIgniter\CodeIgniter->run()
#10 {main}
CRITICAL - 2020-03-08 21:50:06 --> You have an error in your SQL syntax; check the manual that corresponds to your MySQL server version for the right syntax to use near '`) AND (product = "13")) AND ((until > 1583693406) OR (until = 0))' at line 3
#0 C:\wamp64\www\burakwork\system\Database\MySQLi\Connection.php(330): mysqli->query('SELECT COUNT(*)...')
#1 C:\wamp64\www\burakwork\system\Database\BaseConnection.php(738): CodeIgniter\Database\MySQLi\Connection->execute('SELECT COUNT(*)...')
#2 C:\wamp64\www\burakwork\system\Database\BaseConnection.php(666): CodeIgniter\Database\BaseConnection->simpleQuery('SELECT COUNT(*)...')
#3 C:\wamp64\www\burakwork\system\Database\BaseBuilder.php(1911): CodeIgniter\Database\BaseConnection->query('SELECT COUNT(*)...', Array, false)
#4 C:\wamp64\www\burakwork\app\Models\LicenseModel.php(14): CodeIgniter\Database\BaseBuilder->countAllResults()
#5 C:\wamp64\www\burakwork\app\Controllers\LicenseCheck.php(11): App\Models\LicenseModel->check_license('youtube.com    ...', '13')
#6 C:\wamp64\www\burakwork\system\CodeIgniter.php(910): App\Controllers\LicenseCheck->check_license_product()
#7 C:\wamp64\www\burakwork\system\CodeIgniter.php(398): CodeIgniter\CodeIgniter->runController(Object(App\Controllers\LicenseCheck))
#8 C:\wamp64\www\burakwork\system\CodeIgniter.php(306): CodeIgniter\CodeIgniter->handleRequest(NULL, Object(Config\Cache), false)
#9 C:\wamp64\www\burakwork\index.php(45): CodeIgniter\CodeIgniter->run()
#10 {main}
CRITICAL - 2020-03-08 21:50:24 --> You have an error in your SQL syntax; check the manual that corresponds to your MySQL server version for the right syntax to use near '`) AND (product = "13")) AND ((until > 1583693424) OR (until = 0))' at line 3
#0 C:\wamp64\www\burakwork\system\Database\MySQLi\Connection.php(330): mysqli->query('SELECT COUNT(*)...')
#1 C:\wamp64\www\burakwork\system\Database\BaseConnection.php(738): CodeIgniter\Database\MySQLi\Connection->execute('SELECT COUNT(*)...')
#2 C:\wamp64\www\burakwork\system\Database\BaseConnection.php(666): CodeIgniter\Database\BaseConnection->simpleQuery('SELECT COUNT(*)...')
#3 C:\wamp64\www\burakwork\system\Database\BaseBuilder.php(1911): CodeIgniter\Database\BaseConnection->query('SELECT COUNT(*)...', Array, false)
#4 C:\wamp64\www\burakwork\app\Models\LicenseModel.php(14): CodeIgniter\Database\BaseBuilder->countAllResults()
#5 C:\wamp64\www\burakwork\app\Controllers\LicenseCheck.php(11): App\Models\LicenseModel->check_license('youtube.com    ...', '13')
#6 C:\wamp64\www\burakwork\system\CodeIgniter.php(910): App\Controllers\LicenseCheck->check_license_product()
#7 C:\wamp64\www\burakwork\system\CodeIgniter.php(398): CodeIgniter\CodeIgniter->runController(Object(App\Controllers\LicenseCheck))
#8 C:\wamp64\www\burakwork\system\CodeIgniter.php(306): CodeIgniter\CodeIgniter->handleRequest(NULL, Object(Config\Cache), false)
#9 C:\wamp64\www\burakwork\index.php(45): CodeIgniter\CodeIgniter->run()
#10 {main}
CRITICAL - 2020-03-08 21:51:39 --> mysqli_real_escape_string() expects exactly 2 parameters, 1 given
#0 [internal function]: CodeIgniter\Debug\Exceptions->errorHandler(2, 'mysqli_real_esc...', 'C:\\wamp64\\www\\b...', 14, Array)
#1 C:\wamp64\www\burakwork\app\Models\LicenseModel.php(14): mysqli_real_escape_string('ggg')
#2 C:\wamp64\www\burakwork\app\Controllers\LicenseCheck.php(11): App\Models\LicenseModel->check_license('ggg', '13')
#3 C:\wamp64\www\burakwork\system\CodeIgniter.php(910): App\Controllers\LicenseCheck->check_license_product()
#4 C:\wamp64\www\burakwork\system\CodeIgniter.php(398): CodeIgniter\CodeIgniter->runController(Object(App\Controllers\LicenseCheck))
#5 C:\wamp64\www\burakwork\system\CodeIgniter.php(306): CodeIgniter\CodeIgniter->handleRequest(NULL, Object(Config\Cache), false)
#6 C:\wamp64\www\burakwork\index.php(45): CodeIgniter\CodeIgniter->run()
#7 {main}
CRITICAL - 2020-03-08 21:51:39 --> mysqli_real_escape_string() expects exactly 2 parameters, 1 given
#0 [internal function]: CodeIgniter\Debug\Exceptions->errorHandler(2, 'mysqli_real_esc...', 'C:\\wamp64\\www\\b...', 14, Array)
#1 C:\wamp64\www\burakwork\app\Models\LicenseModel.php(14): mysqli_real_escape_string('ggg')
#2 C:\wamp64\www\burakwork\app\Controllers\LicenseCheck.php(11): App\Models\LicenseModel->check_license('ggg', '13')
#3 C:\wamp64\www\burakwork\system\CodeIgniter.php(910): App\Controllers\LicenseCheck->check_license_product()
#4 C:\wamp64\www\burakwork\system\CodeIgniter.php(398): CodeIgniter\CodeIgniter->runController(Object(App\Controllers\LicenseCheck))
#5 C:\wamp64\www\burakwork\system\CodeIgniter.php(306): CodeIgniter\CodeIgniter->handleRequest(NULL, Object(Config\Cache), false)
#6 C:\wamp64\www\burakwork\index.php(45): CodeIgniter\CodeIgniter->run()
#7 {main}
CRITICAL - 2020-03-08 21:51:39 --> mysqli_real_escape_string() expects exactly 2 parameters, 1 given
#0 [internal function]: CodeIgniter\Debug\Exceptions->errorHandler(2, 'mysqli_real_esc...', 'C:\\wamp64\\www\\b...', 14, Array)
#1 C:\wamp64\www\burakwork\app\Models\LicenseModel.php(14): mysqli_real_escape_string('ggg')
#2 C:\wamp64\www\burakwork\app\Controllers\LicenseCheck.php(11): App\Models\LicenseModel->check_license('ggg', '13')
#3 C:\wamp64\www\burakwork\system\CodeIgniter.php(910): App\Controllers\LicenseCheck->check_license_product()
#4 C:\wamp64\www\burakwork\system\CodeIgniter.php(398): CodeIgniter\CodeIgniter->runController(Object(App\Controllers\LicenseCheck))
#5 C:\wamp64\www\burakwork\system\CodeIgniter.php(306): CodeIgniter\CodeIgniter->handleRequest(NULL, Object(Config\Cache), false)
#6 C:\wamp64\www\burakwork\index.php(45): CodeIgniter\CodeIgniter->run()
#7 {main}
CRITICAL - 2020-03-08 21:51:43 --> mysqli_real_escape_string() expects exactly 2 parameters, 1 given
#0 [internal function]: CodeIgniter\Debug\Exceptions->errorHandler(2, 'mysqli_real_esc...', 'C:\\wamp64\\www\\b...', 14, Array)
#1 C:\wamp64\www\burakwork\app\Models\LicenseModel.php(14): mysqli_real_escape_string('ggg')
#2 C:\wamp64\www\burakwork\app\Controllers\LicenseCheck.php(11): App\Models\LicenseModel->check_license('ggg', '13')
#3 C:\wamp64\www\burakwork\system\CodeIgniter.php(910): App\Controllers\LicenseCheck->check_license_product()
#4 C:\wamp64\www\burakwork\system\CodeIgniter.php(398): CodeIgniter\CodeIgniter->runController(Object(App\Controllers\LicenseCheck))
#5 C:\wamp64\www\burakwork\system\CodeIgniter.php(306): CodeIgniter\CodeIgniter->handleRequest(NULL, Object(Config\Cache), false)
#6 C:\wamp64\www\burakwork\index.php(45): CodeIgniter\CodeIgniter->run()
#7 {main}
CRITICAL - 2020-03-08 21:53:08 --> mysqli_real_escape_string() expects parameter 1 to be mysqli, string given
#0 [internal function]: CodeIgniter\Debug\Exceptions->errorHandler(2, 'mysqli_real_esc...', 'C:\\wamp64\\www\\b...', 14, Array)
#1 C:\wamp64\www\burakwork\app\Models\LicenseModel.php(14): mysqli_real_escape_string('hgfgfh', Object(CodeIgniter\Database\MySQLi\Connection))
#2 C:\wamp64\www\burakwork\app\Controllers\LicenseCheck.php(11): App\Models\LicenseModel->check_license('hgfgfh', '13')
#3 C:\wamp64\www\burakwork\system\CodeIgniter.php(910): App\Controllers\LicenseCheck->check_license_product()
#4 C:\wamp64\www\burakwork\system\CodeIgniter.php(398): CodeIgniter\CodeIgniter->runController(Object(App\Controllers\LicenseCheck))
#5 C:\wamp64\www\burakwork\system\CodeIgniter.php(306): CodeIgniter\CodeIgniter->handleRequest(NULL, Object(Config\Cache), false)
#6 C:\wamp64\www\burakwork\index.php(45): CodeIgniter\CodeIgniter->run()
#7 {main}
CRITICAL - 2020-03-08 22:08:22 --> Undefined variable: products
#0 C:\wamp64\www\burakwork\app\Views\edit_license.php(30): CodeIgniter\Debug\Exceptions->errorHandler(8, 'Undefined varia...', 'C:\\wamp64\\www\\b...', 30, Array)
#1 C:\wamp64\www\burakwork\system\View\View.php(236): include('C:\\wamp64\\www\\b...')
#2 C:\wamp64\www\burakwork\system\Common.php(1071): CodeIgniter\View\View->render('edit_license', Array, true)
#3 C:\wamp64\www\burakwork\app\Controllers\Panel.php(92): view('edit_license')
#4 C:\wamp64\www\burakwork\system\CodeIgniter.php(910): App\Controllers\Panel->edit_license('5')
#5 C:\wamp64\www\burakwork\system\CodeIgniter.php(398): CodeIgniter\CodeIgniter->runController(Object(App\Controllers\Panel))
#6 C:\wamp64\www\burakwork\system\CodeIgniter.php(306): CodeIgniter\CodeIgniter->handleRequest(NULL, Object(Config\Cache), false)
#7 C:\wamp64\www\burakwork\index.php(45): CodeIgniter\CodeIgniter->run()
#8 {main}
