CRITICAL - 2020-03-19 16:33:36 --> Use of undefined constant twilio_account_sid - assumed 'twilio_account_sid' (this will throw an Error in a future version of PHP)
#0 C:\wamp64\www\burakwork\app\Views\general_settings.php(342): CodeIgniter\Debug\Exceptions->errorHandler(2, 'Use of undefine...', 'C:\\wamp64\\www\\b...', 342, Array)
#1 C:\wamp64\www\burakwork\system\View\View.php(236): include('C:\\wamp64\\www\\b...')
#2 C:\wamp64\www\burakwork\system\Common.php(1071): CodeIgniter\View\View->render('general_setting...', Array, true)
#3 C:\wamp64\www\burakwork\app\Controllers\Panel.php(132): view('general_setting...')
#4 C:\wamp64\www\burakwork\system\CodeIgniter.php(910): App\Controllers\Panel->general_settings()
#5 C:\wamp64\www\burakwork\system\CodeIgniter.php(398): CodeIgniter\CodeIgniter->runController(Object(App\Controllers\Panel))
#6 C:\wamp64\www\burakwork\system\CodeIgniter.php(306): CodeIgniter\CodeIgniter->handleRequest(NULL, Object(Config\Cache), false)
#7 C:\wamp64\www\burakwork\index.php(45): CodeIgniter\CodeIgniter->run()
#8 {main}
CRITICAL - 2020-03-19 16:33:37 --> Use of undefined constant twilio_account_sid - assumed 'twilio_account_sid' (this will throw an Error in a future version of PHP)
#0 C:\wamp64\www\burakwork\app\Views\general_settings.php(342): CodeIgniter\Debug\Exceptions->errorHandler(2, 'Use of undefine...', 'C:\\wamp64\\www\\b...', 342, Array)
#1 C:\wamp64\www\burakwork\system\View\View.php(236): include('C:\\wamp64\\www\\b...')
#2 C:\wamp64\www\burakwork\system\Common.php(1071): CodeIgniter\View\View->render('general_setting...', Array, true)
#3 C:\wamp64\www\burakwork\app\Controllers\Panel.php(132): view('general_setting...')
#4 C:\wamp64\www\burakwork\system\CodeIgniter.php(910): App\Controllers\Panel->general_settings()
#5 C:\wamp64\www\burakwork\system\CodeIgniter.php(398): CodeIgniter\CodeIgniter->runController(Object(App\Controllers\Panel))
#6 C:\wamp64\www\burakwork\system\CodeIgniter.php(306): CodeIgniter\CodeIgniter->handleRequest(NULL, Object(Config\Cache), false)
#7 C:\wamp64\www\burakwork\index.php(45): CodeIgniter\CodeIgniter->run()
#8 {main}
CRITICAL - 2020-03-19 16:34:23 --> Use of undefined constant twilio_account_sid - assumed 'twilio_account_sid' (this will throw an Error in a future version of PHP)
#0 C:\wamp64\www\burakwork\app\Views\general_settings.php(342): CodeIgniter\Debug\Exceptions->errorHandler(2, 'Use of undefine...', 'C:\\wamp64\\www\\b...', 342, Array)
#1 C:\wamp64\www\burakwork\system\View\View.php(236): include('C:\\wamp64\\www\\b...')
#2 C:\wamp64\www\burakwork\system\Common.php(1071): CodeIgniter\View\View->render('general_setting...', Array, true)
#3 C:\wamp64\www\burakwork\app\Controllers\Panel.php(132): view('general_setting...')
#4 C:\wamp64\www\burakwork\system\CodeIgniter.php(910): App\Controllers\Panel->general_settings()
#5 C:\wamp64\www\burakwork\system\CodeIgniter.php(398): CodeIgniter\CodeIgniter->runController(Object(App\Controllers\Panel))
#6 C:\wamp64\www\burakwork\system\CodeIgniter.php(306): CodeIgniter\CodeIgniter->handleRequest(NULL, Object(Config\Cache), false)
#7 C:\wamp64\www\burakwork\index.php(45): CodeIgniter\CodeIgniter->run()
#8 {main}
CRITICAL - 2020-03-19 16:34:23 --> Use of undefined constant twilio_account_sid - assumed 'twilio_account_sid' (this will throw an Error in a future version of PHP)
#0 C:\wamp64\www\burakwork\app\Views\general_settings.php(342): CodeIgniter\Debug\Exceptions->errorHandler(2, 'Use of undefine...', 'C:\\wamp64\\www\\b...', 342, Array)
#1 C:\wamp64\www\burakwork\system\View\View.php(236): include('C:\\wamp64\\www\\b...')
#2 C:\wamp64\www\burakwork\system\Common.php(1071): CodeIgniter\View\View->render('general_setting...', Array, true)
#3 C:\wamp64\www\burakwork\app\Controllers\Panel.php(132): view('general_setting...')
#4 C:\wamp64\www\burakwork\system\CodeIgniter.php(910): App\Controllers\Panel->general_settings()
#5 C:\wamp64\www\burakwork\system\CodeIgniter.php(398): CodeIgniter\CodeIgniter->runController(Object(App\Controllers\Panel))
#6 C:\wamp64\www\burakwork\system\CodeIgniter.php(306): CodeIgniter\CodeIgniter->handleRequest(NULL, Object(Config\Cache), false)
#7 C:\wamp64\www\burakwork\index.php(45): CodeIgniter\CodeIgniter->run()
#8 {main}
CRITICAL - 2020-03-19 16:34:33 --> Use of undefined constant twilio_account_sid - assumed 'twilio_account_sid' (this will throw an Error in a future version of PHP)
#0 C:\wamp64\www\burakwork\app\Views\general_settings.php(342): CodeIgniter\Debug\Exceptions->errorHandler(2, 'Use of undefine...', 'C:\\wamp64\\www\\b...', 342, Array)
#1 C:\wamp64\www\burakwork\system\View\View.php(236): include('C:\\wamp64\\www\\b...')
#2 C:\wamp64\www\burakwork\system\Common.php(1071): CodeIgniter\View\View->render('general_setting...', Array, true)
#3 C:\wamp64\www\burakwork\app\Controllers\Panel.php(132): view('general_setting...')
#4 C:\wamp64\www\burakwork\system\CodeIgniter.php(910): App\Controllers\Panel->general_settings()
#5 C:\wamp64\www\burakwork\system\CodeIgniter.php(398): CodeIgniter\CodeIgniter->runController(Object(App\Controllers\Panel))
#6 C:\wamp64\www\burakwork\system\CodeIgniter.php(306): CodeIgniter\CodeIgniter->handleRequest(NULL, Object(Config\Cache), false)
#7 C:\wamp64\www\burakwork\index.php(45): CodeIgniter\CodeIgniter->run()
#8 {main}
CRITICAL - 2020-03-19 16:34:33 --> Use of undefined constant twilio_account_sid - assumed 'twilio_account_sid' (this will throw an Error in a future version of PHP)
#0 C:\wamp64\www\burakwork\app\Views\general_settings.php(342): CodeIgniter\Debug\Exceptions->errorHandler(2, 'Use of undefine...', 'C:\\wamp64\\www\\b...', 342, Array)
#1 C:\wamp64\www\burakwork\system\View\View.php(236): include('C:\\wamp64\\www\\b...')
#2 C:\wamp64\www\burakwork\system\Common.php(1071): CodeIgniter\View\View->render('general_setting...', Array, true)
#3 C:\wamp64\www\burakwork\app\Controllers\Panel.php(132): view('general_setting...')
#4 C:\wamp64\www\burakwork\system\CodeIgniter.php(910): App\Controllers\Panel->general_settings()
#5 C:\wamp64\www\burakwork\system\CodeIgniter.php(398): CodeIgniter\CodeIgniter->runController(Object(App\Controllers\Panel))
#6 C:\wamp64\www\burakwork\system\CodeIgniter.php(306): CodeIgniter\CodeIgniter->handleRequest(NULL, Object(Config\Cache), false)
#7 C:\wamp64\www\burakwork\index.php(45): CodeIgniter\CodeIgniter->run()
#8 {main}
CRITICAL - 2020-03-19 16:34:34 --> Use of undefined constant twilio_account_sid - assumed 'twilio_account_sid' (this will throw an Error in a future version of PHP)
#0 C:\wamp64\www\burakwork\app\Views\general_settings.php(342): CodeIgniter\Debug\Exceptions->errorHandler(2, 'Use of undefine...', 'C:\\wamp64\\www\\b...', 342, Array)
#1 C:\wamp64\www\burakwork\system\View\View.php(236): include('C:\\wamp64\\www\\b...')
#2 C:\wamp64\www\burakwork\system\Common.php(1071): CodeIgniter\View\View->render('general_setting...', Array, true)
#3 C:\wamp64\www\burakwork\app\Controllers\Panel.php(132): view('general_setting...')
#4 C:\wamp64\www\burakwork\system\CodeIgniter.php(910): App\Controllers\Panel->general_settings()
#5 C:\wamp64\www\burakwork\system\CodeIgniter.php(398): CodeIgniter\CodeIgniter->runController(Object(App\Controllers\Panel))
#6 C:\wamp64\www\burakwork\system\CodeIgniter.php(306): CodeIgniter\CodeIgniter->handleRequest(NULL, Object(Config\Cache), false)
#7 C:\wamp64\www\burakwork\index.php(45): CodeIgniter\CodeIgniter->run()
#8 {main}
CRITICAL - 2020-03-19 16:35:01 --> Use of undefined constant twilio_phone_number - assumed 'twilio_phone_number' (this will throw an Error in a future version of PHP)
#0 C:\wamp64\www\burakwork\app\Views\general_settings.php(370): CodeIgniter\Debug\Exceptions->errorHandler(2, 'Use of undefine...', 'C:\\wamp64\\www\\b...', 370, Array)
#1 C:\wamp64\www\burakwork\system\View\View.php(236): include('C:\\wamp64\\www\\b...')
#2 C:\wamp64\www\burakwork\system\Common.php(1071): CodeIgniter\View\View->render('general_setting...', Array, true)
#3 C:\wamp64\www\burakwork\app\Controllers\Panel.php(132): view('general_setting...')
#4 C:\wamp64\www\burakwork\system\CodeIgniter.php(910): App\Controllers\Panel->general_settings()
#5 C:\wamp64\www\burakwork\system\CodeIgniter.php(398): CodeIgniter\CodeIgniter->runController(Object(App\Controllers\Panel))
#6 C:\wamp64\www\burakwork\system\CodeIgniter.php(306): CodeIgniter\CodeIgniter->handleRequest(NULL, Object(Config\Cache), false)
#7 C:\wamp64\www\burakwork\index.php(45): CodeIgniter\CodeIgniter->run()
#8 {main}
CRITICAL - 2020-03-19 16:40:04 --> syntax error, unexpected 'use' (T_USE)
#0 C:\wamp64\www\burakwork\system\Autoloader\Autoloader.php(296): CodeIgniter\Autoloader\Autoloader->requireFile('C:\\wamp64\\www\\b...')
#1 C:\wamp64\www\burakwork\system\Autoloader\Autoloader.php(258): CodeIgniter\Autoloader\Autoloader->loadInNamespace('App\\Controllers...')
#2 [internal function]: CodeIgniter\Autoloader\Autoloader->loadClass('App\\Controllers...')
#3 [internal function]: spl_autoload_call('App\\Controllers...')
#4 C:\wamp64\www\burakwork\system\CodeIgniter.php(861): class_exists('\\App\\Controller...', true)
#5 C:\wamp64\www\burakwork\system\CodeIgniter.php(388): CodeIgniter\CodeIgniter->startController()
#6 C:\wamp64\www\burakwork\system\CodeIgniter.php(306): CodeIgniter\CodeIgniter->handleRequest(NULL, Object(Config\Cache), false)
#7 C:\wamp64\www\burakwork\index.php(45): CodeIgniter\CodeIgniter->run()
#8 {main}
CRITICAL - 2020-03-19 16:40:09 --> syntax error, unexpected 'use' (T_USE)
#0 C:\wamp64\www\burakwork\system\Autoloader\Autoloader.php(296): CodeIgniter\Autoloader\Autoloader->requireFile('C:\\wamp64\\www\\b...')
#1 C:\wamp64\www\burakwork\system\Autoloader\Autoloader.php(258): CodeIgniter\Autoloader\Autoloader->loadInNamespace('App\\Controllers...')
#2 [internal function]: CodeIgniter\Autoloader\Autoloader->loadClass('App\\Controllers...')
#3 [internal function]: spl_autoload_call('App\\Controllers...')
#4 C:\wamp64\www\burakwork\system\CodeIgniter.php(861): class_exists('\\App\\Controller...', true)
#5 C:\wamp64\www\burakwork\system\CodeIgniter.php(388): CodeIgniter\CodeIgniter->startController()
#6 C:\wamp64\www\burakwork\system\CodeIgniter.php(306): CodeIgniter\CodeIgniter->handleRequest(NULL, Object(Config\Cache), false)
#7 C:\wamp64\www\burakwork\index.php(45): CodeIgniter\CodeIgniter->run()
#8 {main}
CRITICAL - 2020-03-19 16:40:09 --> syntax error, unexpected 'use' (T_USE)
#0 C:\wamp64\www\burakwork\system\Autoloader\Autoloader.php(296): CodeIgniter\Autoloader\Autoloader->requireFile('C:\\wamp64\\www\\b...')
#1 C:\wamp64\www\burakwork\system\Autoloader\Autoloader.php(258): CodeIgniter\Autoloader\Autoloader->loadInNamespace('App\\Controllers...')
#2 [internal function]: CodeIgniter\Autoloader\Autoloader->loadClass('App\\Controllers...')
#3 [internal function]: spl_autoload_call('App\\Controllers...')
#4 C:\wamp64\www\burakwork\system\CodeIgniter.php(861): class_exists('\\App\\Controller...', true)
#5 C:\wamp64\www\burakwork\system\CodeIgniter.php(388): CodeIgniter\CodeIgniter->startController()
#6 C:\wamp64\www\burakwork\system\CodeIgniter.php(306): CodeIgniter\CodeIgniter->handleRequest(NULL, Object(Config\Cache), false)
#7 C:\wamp64\www\burakwork\index.php(45): CodeIgniter\CodeIgniter->run()
#8 {main}
CRITICAL - 2020-03-19 16:40:10 --> syntax error, unexpected 'use' (T_USE)
#0 C:\wamp64\www\burakwork\system\Autoloader\Autoloader.php(296): CodeIgniter\Autoloader\Autoloader->requireFile('C:\\wamp64\\www\\b...')
#1 C:\wamp64\www\burakwork\system\Autoloader\Autoloader.php(258): CodeIgniter\Autoloader\Autoloader->loadInNamespace('App\\Controllers...')
#2 [internal function]: CodeIgniter\Autoloader\Autoloader->loadClass('App\\Controllers...')
#3 [internal function]: spl_autoload_call('App\\Controllers...')
#4 C:\wamp64\www\burakwork\system\CodeIgniter.php(861): class_exists('\\App\\Controller...', true)
#5 C:\wamp64\www\burakwork\system\CodeIgniter.php(388): CodeIgniter\CodeIgniter->startController()
#6 C:\wamp64\www\burakwork\system\CodeIgniter.php(306): CodeIgniter\CodeIgniter->handleRequest(NULL, Object(Config\Cache), false)
#7 C:\wamp64\www\burakwork\index.php(45): CodeIgniter\CodeIgniter->run()
#8 {main}
CRITICAL - 2020-03-19 16:40:10 --> syntax error, unexpected 'use' (T_USE)
#0 C:\wamp64\www\burakwork\system\Autoloader\Autoloader.php(296): CodeIgniter\Autoloader\Autoloader->requireFile('C:\\wamp64\\www\\b...')
#1 C:\wamp64\www\burakwork\system\Autoloader\Autoloader.php(258): CodeIgniter\Autoloader\Autoloader->loadInNamespace('App\\Controllers...')
#2 [internal function]: CodeIgniter\Autoloader\Autoloader->loadClass('App\\Controllers...')
#3 [internal function]: spl_autoload_call('App\\Controllers...')
#4 C:\wamp64\www\burakwork\system\CodeIgniter.php(861): class_exists('\\App\\Controller...', true)
#5 C:\wamp64\www\burakwork\system\CodeIgniter.php(388): CodeIgniter\CodeIgniter->startController()
#6 C:\wamp64\www\burakwork\system\CodeIgniter.php(306): CodeIgniter\CodeIgniter->handleRequest(NULL, Object(Config\Cache), false)
#7 C:\wamp64\www\burakwork\index.php(45): CodeIgniter\CodeIgniter->run()
#8 {main}
CRITICAL - 2020-03-19 16:40:10 --> syntax error, unexpected 'use' (T_USE)
#0 C:\wamp64\www\burakwork\system\Autoloader\Autoloader.php(296): CodeIgniter\Autoloader\Autoloader->requireFile('C:\\wamp64\\www\\b...')
#1 C:\wamp64\www\burakwork\system\Autoloader\Autoloader.php(258): CodeIgniter\Autoloader\Autoloader->loadInNamespace('App\\Controllers...')
#2 [internal function]: CodeIgniter\Autoloader\Autoloader->loadClass('App\\Controllers...')
#3 [internal function]: spl_autoload_call('App\\Controllers...')
#4 C:\wamp64\www\burakwork\system\CodeIgniter.php(861): class_exists('\\App\\Controller...', true)
#5 C:\wamp64\www\burakwork\system\CodeIgniter.php(388): CodeIgniter\CodeIgniter->startController()
#6 C:\wamp64\www\burakwork\system\CodeIgniter.php(306): CodeIgniter\CodeIgniter->handleRequest(NULL, Object(Config\Cache), false)
#7 C:\wamp64\www\burakwork\index.php(45): CodeIgniter\CodeIgniter->run()
#8 {main}
CRITICAL - 2020-03-19 16:40:10 --> syntax error, unexpected 'use' (T_USE)
#0 C:\wamp64\www\burakwork\system\Autoloader\Autoloader.php(296): CodeIgniter\Autoloader\Autoloader->requireFile('C:\\wamp64\\www\\b...')
#1 C:\wamp64\www\burakwork\system\Autoloader\Autoloader.php(258): CodeIgniter\Autoloader\Autoloader->loadInNamespace('App\\Controllers...')
#2 [internal function]: CodeIgniter\Autoloader\Autoloader->loadClass('App\\Controllers...')
#3 [internal function]: spl_autoload_call('App\\Controllers...')
#4 C:\wamp64\www\burakwork\system\CodeIgniter.php(861): class_exists('\\App\\Controller...', true)
#5 C:\wamp64\www\burakwork\system\CodeIgniter.php(388): CodeIgniter\CodeIgniter->startController()
#6 C:\wamp64\www\burakwork\system\CodeIgniter.php(306): CodeIgniter\CodeIgniter->handleRequest(NULL, Object(Config\Cache), false)
#7 C:\wamp64\www\burakwork\index.php(45): CodeIgniter\CodeIgniter->run()
#8 {main}
CRITICAL - 2020-03-19 16:40:11 --> syntax error, unexpected 'use' (T_USE)
#0 C:\wamp64\www\burakwork\system\Autoloader\Autoloader.php(296): CodeIgniter\Autoloader\Autoloader->requireFile('C:\\wamp64\\www\\b...')
#1 C:\wamp64\www\burakwork\system\Autoloader\Autoloader.php(258): CodeIgniter\Autoloader\Autoloader->loadInNamespace('App\\Controllers...')
#2 [internal function]: CodeIgniter\Autoloader\Autoloader->loadClass('App\\Controllers...')
#3 [internal function]: spl_autoload_call('App\\Controllers...')
#4 C:\wamp64\www\burakwork\system\CodeIgniter.php(861): class_exists('\\App\\Controller...', true)
#5 C:\wamp64\www\burakwork\system\CodeIgniter.php(388): CodeIgniter\CodeIgniter->startController()
#6 C:\wamp64\www\burakwork\system\CodeIgniter.php(306): CodeIgniter\CodeIgniter->handleRequest(NULL, Object(Config\Cache), false)
#7 C:\wamp64\www\burakwork\index.php(45): CodeIgniter\CodeIgniter->run()
#8 {main}
CRITICAL - 2020-03-19 16:40:11 --> syntax error, unexpected 'use' (T_USE)
#0 C:\wamp64\www\burakwork\system\Autoloader\Autoloader.php(296): CodeIgniter\Autoloader\Autoloader->requireFile('C:\\wamp64\\www\\b...')
#1 C:\wamp64\www\burakwork\system\Autoloader\Autoloader.php(258): CodeIgniter\Autoloader\Autoloader->loadInNamespace('App\\Controllers...')
#2 [internal function]: CodeIgniter\Autoloader\Autoloader->loadClass('App\\Controllers...')
#3 [internal function]: spl_autoload_call('App\\Controllers...')
#4 C:\wamp64\www\burakwork\system\CodeIgniter.php(861): class_exists('\\App\\Controller...', true)
#5 C:\wamp64\www\burakwork\system\CodeIgniter.php(388): CodeIgniter\CodeIgniter->startController()
#6 C:\wamp64\www\burakwork\system\CodeIgniter.php(306): CodeIgniter\CodeIgniter->handleRequest(NULL, Object(Config\Cache), false)
#7 C:\wamp64\www\burakwork\index.php(45): CodeIgniter\CodeIgniter->run()
#8 {main}
CRITICAL - 2020-03-19 16:40:11 --> syntax error, unexpected 'use' (T_USE)
#0 C:\wamp64\www\burakwork\system\Autoloader\Autoloader.php(296): CodeIgniter\Autoloader\Autoloader->requireFile('C:\\wamp64\\www\\b...')
#1 C:\wamp64\www\burakwork\system\Autoloader\Autoloader.php(258): CodeIgniter\Autoloader\Autoloader->loadInNamespace('App\\Controllers...')
#2 [internal function]: CodeIgniter\Autoloader\Autoloader->loadClass('App\\Controllers...')
#3 [internal function]: spl_autoload_call('App\\Controllers...')
#4 C:\wamp64\www\burakwork\system\CodeIgniter.php(861): class_exists('\\App\\Controller...', true)
#5 C:\wamp64\www\burakwork\system\CodeIgniter.php(388): CodeIgniter\CodeIgniter->startController()
#6 C:\wamp64\www\burakwork\system\CodeIgniter.php(306): CodeIgniter\CodeIgniter->handleRequest(NULL, Object(Config\Cache), false)
#7 C:\wamp64\www\burakwork\index.php(45): CodeIgniter\CodeIgniter->run()
#8 {main}
CRITICAL - 2020-03-19 16:40:11 --> syntax error, unexpected 'use' (T_USE)
#0 C:\wamp64\www\burakwork\system\Autoloader\Autoloader.php(296): CodeIgniter\Autoloader\Autoloader->requireFile('C:\\wamp64\\www\\b...')
#1 C:\wamp64\www\burakwork\system\Autoloader\Autoloader.php(258): CodeIgniter\Autoloader\Autoloader->loadInNamespace('App\\Controllers...')
#2 [internal function]: CodeIgniter\Autoloader\Autoloader->loadClass('App\\Controllers...')
#3 [internal function]: spl_autoload_call('App\\Controllers...')
#4 C:\wamp64\www\burakwork\system\CodeIgniter.php(861): class_exists('\\App\\Controller...', true)
#5 C:\wamp64\www\burakwork\system\CodeIgniter.php(388): CodeIgniter\CodeIgniter->startController()
#6 C:\wamp64\www\burakwork\system\CodeIgniter.php(306): CodeIgniter\CodeIgniter->handleRequest(NULL, Object(Config\Cache), false)
#7 C:\wamp64\www\burakwork\index.php(45): CodeIgniter\CodeIgniter->run()
#8 {main}
CRITICAL - 2020-03-19 16:40:12 --> syntax error, unexpected 'use' (T_USE)
#0 C:\wamp64\www\burakwork\system\Autoloader\Autoloader.php(296): CodeIgniter\Autoloader\Autoloader->requireFile('C:\\wamp64\\www\\b...')
#1 C:\wamp64\www\burakwork\system\Autoloader\Autoloader.php(258): CodeIgniter\Autoloader\Autoloader->loadInNamespace('App\\Controllers...')
#2 [internal function]: CodeIgniter\Autoloader\Autoloader->loadClass('App\\Controllers...')
#3 [internal function]: spl_autoload_call('App\\Controllers...')
#4 C:\wamp64\www\burakwork\system\CodeIgniter.php(861): class_exists('\\App\\Controller...', true)
#5 C:\wamp64\www\burakwork\system\CodeIgniter.php(388): CodeIgniter\CodeIgniter->startController()
#6 C:\wamp64\www\burakwork\system\CodeIgniter.php(306): CodeIgniter\CodeIgniter->handleRequest(NULL, Object(Config\Cache), false)
#7 C:\wamp64\www\burakwork\index.php(45): CodeIgniter\CodeIgniter->run()
#8 {main}
CRITICAL - 2020-03-19 16:40:21 --> syntax error, unexpected 'use' (T_USE)
#0 C:\wamp64\www\burakwork\system\Autoloader\Autoloader.php(296): CodeIgniter\Autoloader\Autoloader->requireFile('C:\\wamp64\\www\\b...')
#1 C:\wamp64\www\burakwork\system\Autoloader\Autoloader.php(258): CodeIgniter\Autoloader\Autoloader->loadInNamespace('App\\Controllers...')
#2 [internal function]: CodeIgniter\Autoloader\Autoloader->loadClass('App\\Controllers...')
#3 [internal function]: spl_autoload_call('App\\Controllers...')
#4 C:\wamp64\www\burakwork\system\CodeIgniter.php(861): class_exists('\\App\\Controller...', true)
#5 C:\wamp64\www\burakwork\system\CodeIgniter.php(388): CodeIgniter\CodeIgniter->startController()
#6 C:\wamp64\www\burakwork\system\CodeIgniter.php(306): CodeIgniter\CodeIgniter->handleRequest(NULL, Object(Config\Cache), false)
#7 C:\wamp64\www\burakwork\index.php(45): CodeIgniter\CodeIgniter->run()
#8 {main}
CRITICAL - 2020-03-19 16:54:25 --> Class 'App\Controllers\Twilio\Rest\Client' not found
#0 C:\wamp64\www\burakwork\app\Controllers\LicenseCheck.php(129): App\Controllers\LicenseCheck->licenseInvalidNotifications('http://localhos...')
#1 C:\wamp64\www\burakwork\system\CodeIgniter.php(910): App\Controllers\LicenseCheck->check_license()
#2 C:\wamp64\www\burakwork\system\CodeIgniter.php(398): CodeIgniter\CodeIgniter->runController(Object(App\Controllers\LicenseCheck))
#3 C:\wamp64\www\burakwork\system\CodeIgniter.php(306): CodeIgniter\CodeIgniter->handleRequest(NULL, Object(Config\Cache), false)
#4 C:\wamp64\www\burakwork\index.php(45): CodeIgniter\CodeIgniter->run()
#5 {main}
CRITICAL - 2020-03-19 16:54:42 --> Class 'App\Controllers\Twilio\Rest\Client' not found
#0 C:\wamp64\www\burakwork\app\Controllers\LicenseCheck.php(129): App\Controllers\LicenseCheck->licenseInvalidNotifications('http://localhos...')
#1 C:\wamp64\www\burakwork\system\CodeIgniter.php(910): App\Controllers\LicenseCheck->check_license()
#2 C:\wamp64\www\burakwork\system\CodeIgniter.php(398): CodeIgniter\CodeIgniter->runController(Object(App\Controllers\LicenseCheck))
#3 C:\wamp64\www\burakwork\system\CodeIgniter.php(306): CodeIgniter\CodeIgniter->handleRequest(NULL, Object(Config\Cache), false)
#4 C:\wamp64\www\burakwork\index.php(45): CodeIgniter\CodeIgniter->run()
#5 {main}
CRITICAL - 2020-03-19 16:55:47 --> Class 'App\Controllers\Twilio\Rest\Client' not found
#0 C:\wamp64\www\burakwork\app\Controllers\LicenseCheck.php(130): App\Controllers\LicenseCheck->licenseInvalidNotifications('http://localhos...')
#1 C:\wamp64\www\burakwork\system\CodeIgniter.php(910): App\Controllers\LicenseCheck->check_license()
#2 C:\wamp64\www\burakwork\system\CodeIgniter.php(398): CodeIgniter\CodeIgniter->runController(Object(App\Controllers\LicenseCheck))
#3 C:\wamp64\www\burakwork\system\CodeIgniter.php(306): CodeIgniter\CodeIgniter->handleRequest(NULL, Object(Config\Cache), false)
#4 C:\wamp64\www\burakwork\index.php(45): CodeIgniter\CodeIgniter->run()
#5 {main}
