CRITICAL - 2020-03-04 11:09:27 --> Call to a member function get() on null
#0 C:\wamp64\www\burakwork\system\CodeIgniter.php(882): App\Controllers\Panel->__construct()
#1 C:\wamp64\www\burakwork\system\CodeIgniter.php(393): CodeIgniter\CodeIgniter->createController()
#2 C:\wamp64\www\burakwork\system\CodeIgniter.php(306): CodeIgniter\CodeIgniter->handleRequest(NULL, Object(Config\Cache), false)
#3 C:\wamp64\www\burakwork\index.php(45): CodeIgniter\CodeIgniter->run()
#4 {main}
CRITICAL - 2020-03-04 11:13:03 --> Call to a member function get() on null
#0 C:\wamp64\www\burakwork\system\CodeIgniter.php(882): App\Controllers\Panel->__construct()
#1 C:\wamp64\www\burakwork\system\CodeIgniter.php(393): CodeIgniter\CodeIgniter->createController()
#2 C:\wamp64\www\burakwork\system\CodeIgniter.php(306): CodeIgniter\CodeIgniter->handleRequest(NULL, Object(Config\Cache), false)
#3 C:\wamp64\www\burakwork\index.php(45): CodeIgniter\CodeIgniter->run()
#4 {main}
CRITICAL - 2020-03-04 11:13:36 --> Call to a member function has() on null
#0 C:\wamp64\www\burakwork\system\CodeIgniter.php(882): App\Controllers\Panel->__construct()
#1 C:\wamp64\www\burakwork\system\CodeIgniter.php(393): CodeIgniter\CodeIgniter->createController()
#2 C:\wamp64\www\burakwork\system\CodeIgniter.php(306): CodeIgniter\CodeIgniter->handleRequest(NULL, Object(Config\Cache), false)
#3 C:\wamp64\www\burakwork\index.php(45): CodeIgniter\CodeIgniter->run()
#4 {main}
CRITICAL - 2020-03-04 11:13:37 --> Call to a member function has() on null
#0 C:\wamp64\www\burakwork\system\CodeIgniter.php(882): App\Controllers\Panel->__construct()
#1 C:\wamp64\www\burakwork\system\CodeIgniter.php(393): CodeIgniter\CodeIgniter->createController()
#2 C:\wamp64\www\burakwork\system\CodeIgniter.php(306): CodeIgniter\CodeIgniter->handleRequest(NULL, Object(Config\Cache), false)
#3 C:\wamp64\www\burakwork\index.php(45): CodeIgniter\CodeIgniter->run()
#4 {main}
CRITICAL - 2020-03-04 11:16:14 --> Call to a member function has() on null
#0 C:\wamp64\www\burakwork\system\CodeIgniter.php(882): App\Controllers\Panel->__construct()
#1 C:\wamp64\www\burakwork\system\CodeIgniter.php(393): CodeIgniter\CodeIgniter->createController()
#2 C:\wamp64\www\burakwork\system\CodeIgniter.php(306): CodeIgniter\CodeIgniter->handleRequest(NULL, Object(Config\Cache), false)
#3 C:\wamp64\www\burakwork\index.php(45): CodeIgniter\CodeIgniter->run()
#4 {main}
CRITICAL - 2020-03-04 11:19:17 --> Undefined property: App\Controllers\Panel::$session
#0 C:\wamp64\www\burakwork\app\Controllers\Panel.php(6): CodeIgniter\Debug\Exceptions->errorHandler(8, 'Undefined prope...', 'C:\\wamp64\\www\\b...', 6, Array)
#1 C:\wamp64\www\burakwork\system\CodeIgniter.php(882): App\Controllers\Panel->__construct()
#2 C:\wamp64\www\burakwork\system\CodeIgniter.php(393): CodeIgniter\CodeIgniter->createController()
#3 C:\wamp64\www\burakwork\system\CodeIgniter.php(306): CodeIgniter\CodeIgniter->handleRequest(NULL, Object(Config\Cache), false)
#4 C:\wamp64\www\burakwork\index.php(45): CodeIgniter\CodeIgniter->run()
#5 {main}
CRITICAL - 2020-03-04 11:19:19 --> Undefined property: App\Controllers\Panel::$session
#0 C:\wamp64\www\burakwork\app\Controllers\Panel.php(6): CodeIgniter\Debug\Exceptions->errorHandler(8, 'Undefined prope...', 'C:\\wamp64\\www\\b...', 6, Array)
#1 C:\wamp64\www\burakwork\system\CodeIgniter.php(882): App\Controllers\Panel->__construct()
#2 C:\wamp64\www\burakwork\system\CodeIgniter.php(393): CodeIgniter\CodeIgniter->createController()
#3 C:\wamp64\www\burakwork\system\CodeIgniter.php(306): CodeIgniter\CodeIgniter->handleRequest(NULL, Object(Config\Cache), false)
#4 C:\wamp64\www\burakwork\index.php(45): CodeIgniter\CodeIgniter->run()
#5 {main}
CRITICAL - 2020-03-04 11:19:38 --> Call to undefined function App\Controllers\get_instance()
#0 C:\wamp64\www\burakwork\system\CodeIgniter.php(882): App\Controllers\Panel->__construct()
#1 C:\wamp64\www\burakwork\system\CodeIgniter.php(393): CodeIgniter\CodeIgniter->createController()
#2 C:\wamp64\www\burakwork\system\CodeIgniter.php(306): CodeIgniter\CodeIgniter->handleRequest(NULL, Object(Config\Cache), false)
#3 C:\wamp64\www\burakwork\index.php(45): CodeIgniter\CodeIgniter->run()
#4 {main}
CRITICAL - 2020-03-04 11:19:39 --> Call to undefined function App\Controllers\get_instance()
#0 C:\wamp64\www\burakwork\system\CodeIgniter.php(882): App\Controllers\Panel->__construct()
#1 C:\wamp64\www\burakwork\system\CodeIgniter.php(393): CodeIgniter\CodeIgniter->createController()
#2 C:\wamp64\www\burakwork\system\CodeIgniter.php(306): CodeIgniter\CodeIgniter->handleRequest(NULL, Object(Config\Cache), false)
#3 C:\wamp64\www\burakwork\index.php(45): CodeIgniter\CodeIgniter->run()
#4 {main}
CRITICAL - 2020-03-04 11:19:39 --> Call to undefined function App\Controllers\get_instance()
#0 C:\wamp64\www\burakwork\system\CodeIgniter.php(882): App\Controllers\Panel->__construct()
#1 C:\wamp64\www\burakwork\system\CodeIgniter.php(393): CodeIgniter\CodeIgniter->createController()
#2 C:\wamp64\www\burakwork\system\CodeIgniter.php(306): CodeIgniter\CodeIgniter->handleRequest(NULL, Object(Config\Cache), false)
#3 C:\wamp64\www\burakwork\index.php(45): CodeIgniter\CodeIgniter->run()
#4 {main}
CRITICAL - 2020-03-04 11:19:39 --> Call to undefined function App\Controllers\get_instance()
#0 C:\wamp64\www\burakwork\system\CodeIgniter.php(882): App\Controllers\Panel->__construct()
#1 C:\wamp64\www\burakwork\system\CodeIgniter.php(393): CodeIgniter\CodeIgniter->createController()
#2 C:\wamp64\www\burakwork\system\CodeIgniter.php(306): CodeIgniter\CodeIgniter->handleRequest(NULL, Object(Config\Cache), false)
#3 C:\wamp64\www\burakwork\index.php(45): CodeIgniter\CodeIgniter->run()
#4 {main}
CRITICAL - 2020-03-04 11:20:33 --> Cannot call constructor
#0 C:\wamp64\www\burakwork\system\CodeIgniter.php(882): App\Controllers\Panel->__construct()
#1 C:\wamp64\www\burakwork\system\CodeIgniter.php(393): CodeIgniter\CodeIgniter->createController()
#2 C:\wamp64\www\burakwork\system\CodeIgniter.php(306): CodeIgniter\CodeIgniter->handleRequest(NULL, Object(Config\Cache), false)
#3 C:\wamp64\www\burakwork\index.php(45): CodeIgniter\CodeIgniter->run()
#4 {main}
CRITICAL - 2020-03-04 11:20:34 --> Cannot call constructor
#0 C:\wamp64\www\burakwork\system\CodeIgniter.php(882): App\Controllers\Panel->__construct()
#1 C:\wamp64\www\burakwork\system\CodeIgniter.php(393): CodeIgniter\CodeIgniter->createController()
#2 C:\wamp64\www\burakwork\system\CodeIgniter.php(306): CodeIgniter\CodeIgniter->handleRequest(NULL, Object(Config\Cache), false)
#3 C:\wamp64\www\burakwork\index.php(45): CodeIgniter\CodeIgniter->run()
#4 {main}
CRITICAL - 2020-03-04 11:22:45 --> Cannot call constructor
#0 C:\wamp64\www\burakwork\system\CodeIgniter.php(882): App\Controllers\Panel->__construct()
#1 C:\wamp64\www\burakwork\system\CodeIgniter.php(393): CodeIgniter\CodeIgniter->createController()
#2 C:\wamp64\www\burakwork\system\CodeIgniter.php(306): CodeIgniter\CodeIgniter->handleRequest(NULL, Object(Config\Cache), false)
#3 C:\wamp64\www\burakwork\index.php(45): CodeIgniter\CodeIgniter->run()
#4 {main}
CRITICAL - 2020-03-04 11:22:50 --> Undefined property: App\Controllers\Panel::$session
#0 C:\wamp64\www\burakwork\app\Controllers\Panel.php(6): CodeIgniter\Debug\Exceptions->errorHandler(8, 'Undefined prope...', 'C:\\wamp64\\www\\b...', 6, Array)
#1 C:\wamp64\www\burakwork\system\CodeIgniter.php(882): App\Controllers\Panel->__construct()
#2 C:\wamp64\www\burakwork\system\CodeIgniter.php(393): CodeIgniter\CodeIgniter->createController()
#3 C:\wamp64\www\burakwork\system\CodeIgniter.php(306): CodeIgniter\CodeIgniter->handleRequest(NULL, Object(Config\Cache), false)
#4 C:\wamp64\www\burakwork\index.php(45): CodeIgniter\CodeIgniter->run()
#5 {main}
CRITICAL - 2020-03-04 11:23:18 --> Too few arguments to function App\Controllers\BaseController::initController(), 0 passed in C:\wamp64\www\burakwork\app\Controllers\Panel.php on line 6 and exactly 3 expected
#0 C:\wamp64\www\burakwork\app\Controllers\Panel.php(6): App\Controllers\BaseController->initController()
#1 C:\wamp64\www\burakwork\system\CodeIgniter.php(882): App\Controllers\Panel->__construct()
#2 C:\wamp64\www\burakwork\system\CodeIgniter.php(393): CodeIgniter\CodeIgniter->createController()
#3 C:\wamp64\www\burakwork\system\CodeIgniter.php(306): CodeIgniter\CodeIgniter->handleRequest(NULL, Object(Config\Cache), false)
#4 C:\wamp64\www\burakwork\index.php(45): CodeIgniter\CodeIgniter->run()
#5 {main}
CRITICAL - 2020-03-04 11:23:19 --> Too few arguments to function App\Controllers\BaseController::initController(), 0 passed in C:\wamp64\www\burakwork\app\Controllers\Panel.php on line 6 and exactly 3 expected
#0 C:\wamp64\www\burakwork\app\Controllers\Panel.php(6): App\Controllers\BaseController->initController()
#1 C:\wamp64\www\burakwork\system\CodeIgniter.php(882): App\Controllers\Panel->__construct()
#2 C:\wamp64\www\burakwork\system\CodeIgniter.php(393): CodeIgniter\CodeIgniter->createController()
#3 C:\wamp64\www\burakwork\system\CodeIgniter.php(306): CodeIgniter\CodeIgniter->handleRequest(NULL, Object(Config\Cache), false)
#4 C:\wamp64\www\burakwork\index.php(45): CodeIgniter\CodeIgniter->run()
#5 {main}
CRITICAL - 2020-03-04 11:23:43 --> Declaration of App\Controllers\Panel::initController() should be compatible with App\Controllers\BaseController::initController(CodeIgniter\HTTP\RequestInterface $request, CodeIgniter\HTTP\ResponseInterface $response, Psr\Log\LoggerInterface $logger)
#0 C:\wamp64\www\burakwork\app\Controllers\Panel.php(3): CodeIgniter\Debug\Exceptions->errorHandler(2, 'Declaration of ...', 'C:\\wamp64\\www\\b...', 3, Array)
#1 C:\wamp64\www\burakwork\system\Autoloader\Autoloader.php(365): require_once('C:\\wamp64\\www\\b...')
#2 C:\wamp64\www\burakwork\system\Autoloader\Autoloader.php(296): CodeIgniter\Autoloader\Autoloader->requireFile('C:\\wamp64\\www\\b...')
#3 C:\wamp64\www\burakwork\system\Autoloader\Autoloader.php(258): CodeIgniter\Autoloader\Autoloader->loadInNamespace('App\\Controllers...')
#4 [internal function]: CodeIgniter\Autoloader\Autoloader->loadClass('App\\Controllers...')
#5 [internal function]: spl_autoload_call('App\\Controllers...')
#6 C:\wamp64\www\burakwork\system\CodeIgniter.php(861): class_exists('\\App\\Controller...', true)
#7 C:\wamp64\www\burakwork\system\CodeIgniter.php(388): CodeIgniter\CodeIgniter->startController()
#8 C:\wamp64\www\burakwork\system\CodeIgniter.php(306): CodeIgniter\CodeIgniter->handleRequest(NULL, Object(Config\Cache), false)
#9 C:\wamp64\www\burakwork\index.php(45): CodeIgniter\CodeIgniter->run()
#10 {main}
CRITICAL - 2020-03-04 11:23:43 --> Declaration of App\Controllers\Panel::initController() should be compatible with App\Controllers\BaseController::initController(CodeIgniter\HTTP\RequestInterface $request, CodeIgniter\HTTP\ResponseInterface $response, Psr\Log\LoggerInterface $logger)
#0 C:\wamp64\www\burakwork\app\Controllers\Panel.php(3): CodeIgniter\Debug\Exceptions->errorHandler(2, 'Declaration of ...', 'C:\\wamp64\\www\\b...', 3, Array)
#1 C:\wamp64\www\burakwork\system\Autoloader\Autoloader.php(365): require_once('C:\\wamp64\\www\\b...')
#2 C:\wamp64\www\burakwork\system\Autoloader\Autoloader.php(296): CodeIgniter\Autoloader\Autoloader->requireFile('C:\\wamp64\\www\\b...')
#3 C:\wamp64\www\burakwork\system\Autoloader\Autoloader.php(258): CodeIgniter\Autoloader\Autoloader->loadInNamespace('App\\Controllers...')
#4 [internal function]: CodeIgniter\Autoloader\Autoloader->loadClass('App\\Controllers...')
#5 [internal function]: spl_autoload_call('App\\Controllers...')
#6 C:\wamp64\www\burakwork\system\CodeIgniter.php(861): class_exists('\\App\\Controller...', true)
#7 C:\wamp64\www\burakwork\system\CodeIgniter.php(388): CodeIgniter\CodeIgniter->startController()
#8 C:\wamp64\www\burakwork\system\CodeIgniter.php(306): CodeIgniter\CodeIgniter->handleRequest(NULL, Object(Config\Cache), false)
#9 C:\wamp64\www\burakwork\index.php(45): CodeIgniter\CodeIgniter->run()
#10 {main}
CRITICAL - 2020-03-04 11:24:51 --> Declaration of App\Controllers\Panel::initController() should be compatible with App\Controllers\BaseController::initController(CodeIgniter\HTTP\RequestInterface $request, CodeIgniter\HTTP\ResponseInterface $response, Psr\Log\LoggerInterface $logger)
#0 C:\wamp64\www\burakwork\app\Controllers\Panel.php(3): CodeIgniter\Debug\Exceptions->errorHandler(2, 'Declaration of ...', 'C:\\wamp64\\www\\b...', 3, Array)
#1 C:\wamp64\www\burakwork\system\Autoloader\Autoloader.php(365): require_once('C:\\wamp64\\www\\b...')
#2 C:\wamp64\www\burakwork\system\Autoloader\Autoloader.php(296): CodeIgniter\Autoloader\Autoloader->requireFile('C:\\wamp64\\www\\b...')
#3 C:\wamp64\www\burakwork\system\Autoloader\Autoloader.php(258): CodeIgniter\Autoloader\Autoloader->loadInNamespace('App\\Controllers...')
#4 [internal function]: CodeIgniter\Autoloader\Autoloader->loadClass('App\\Controllers...')
#5 [internal function]: spl_autoload_call('App\\Controllers...')
#6 C:\wamp64\www\burakwork\system\CodeIgniter.php(861): class_exists('\\App\\Controller...', true)
#7 C:\wamp64\www\burakwork\system\CodeIgniter.php(388): CodeIgniter\CodeIgniter->startController()
#8 C:\wamp64\www\burakwork\system\CodeIgniter.php(306): CodeIgniter\CodeIgniter->handleRequest(NULL, Object(Config\Cache), false)
#9 C:\wamp64\www\burakwork\index.php(45): CodeIgniter\CodeIgniter->run()
#10 {main}
CRITICAL - 2020-03-04 11:25:12 --> Undefined property: App\Controllers\Panel::$session
#0 C:\wamp64\www\burakwork\app\Controllers\Panel.php(6): CodeIgniter\Debug\Exceptions->errorHandler(8, 'Undefined prope...', 'C:\\wamp64\\www\\b...', 6, Array)
#1 C:\wamp64\www\burakwork\system\CodeIgniter.php(882): App\Controllers\Panel->__construct()
#2 C:\wamp64\www\burakwork\system\CodeIgniter.php(393): CodeIgniter\CodeIgniter->createController()
#3 C:\wamp64\www\burakwork\system\CodeIgniter.php(306): CodeIgniter\CodeIgniter->handleRequest(NULL, Object(Config\Cache), false)
#4 C:\wamp64\www\burakwork\index.php(45): CodeIgniter\CodeIgniter->run()
#5 {main}
CRITICAL - 2020-03-04 11:25:13 --> Undefined property: App\Controllers\Panel::$session
#0 C:\wamp64\www\burakwork\app\Controllers\Panel.php(6): CodeIgniter\Debug\Exceptions->errorHandler(8, 'Undefined prope...', 'C:\\wamp64\\www\\b...', 6, Array)
#1 C:\wamp64\www\burakwork\system\CodeIgniter.php(882): App\Controllers\Panel->__construct()
#2 C:\wamp64\www\burakwork\system\CodeIgniter.php(393): CodeIgniter\CodeIgniter->createController()
#3 C:\wamp64\www\burakwork\system\CodeIgniter.php(306): CodeIgniter\CodeIgniter->handleRequest(NULL, Object(Config\Cache), false)
#4 C:\wamp64\www\burakwork\index.php(45): CodeIgniter\CodeIgniter->run()
#5 {main}
CRITICAL - 2020-03-04 11:25:13 --> Undefined property: App\Controllers\Panel::$session
#0 C:\wamp64\www\burakwork\app\Controllers\Panel.php(6): CodeIgniter\Debug\Exceptions->errorHandler(8, 'Undefined prope...', 'C:\\wamp64\\www\\b...', 6, Array)
#1 C:\wamp64\www\burakwork\system\CodeIgniter.php(882): App\Controllers\Panel->__construct()
#2 C:\wamp64\www\burakwork\system\CodeIgniter.php(393): CodeIgniter\CodeIgniter->createController()
#3 C:\wamp64\www\burakwork\system\CodeIgniter.php(306): CodeIgniter\CodeIgniter->handleRequest(NULL, Object(Config\Cache), false)
#4 C:\wamp64\www\burakwork\index.php(45): CodeIgniter\CodeIgniter->run()
#5 {main}
CRITICAL - 2020-03-04 11:25:55 --> Undefined variable: request
#0 C:\wamp64\www\burakwork\app\Controllers\Panel.php(6): CodeIgniter\Debug\Exceptions->errorHandler(8, 'Undefined varia...', 'C:\\wamp64\\www\\b...', 6, Array)
#1 C:\wamp64\www\burakwork\system\CodeIgniter.php(882): App\Controllers\Panel->__construct()
#2 C:\wamp64\www\burakwork\system\CodeIgniter.php(393): CodeIgniter\CodeIgniter->createController()
#3 C:\wamp64\www\burakwork\system\CodeIgniter.php(306): CodeIgniter\CodeIgniter->handleRequest(NULL, Object(Config\Cache), false)
#4 C:\wamp64\www\burakwork\index.php(45): CodeIgniter\CodeIgniter->run()
#5 {main}
CRITICAL - 2020-03-04 11:25:56 --> Undefined variable: request
#0 C:\wamp64\www\burakwork\app\Controllers\Panel.php(6): CodeIgniter\Debug\Exceptions->errorHandler(8, 'Undefined varia...', 'C:\\wamp64\\www\\b...', 6, Array)
#1 C:\wamp64\www\burakwork\system\CodeIgniter.php(882): App\Controllers\Panel->__construct()
#2 C:\wamp64\www\burakwork\system\CodeIgniter.php(393): CodeIgniter\CodeIgniter->createController()
#3 C:\wamp64\www\burakwork\system\CodeIgniter.php(306): CodeIgniter\CodeIgniter->handleRequest(NULL, Object(Config\Cache), false)
#4 C:\wamp64\www\burakwork\index.php(45): CodeIgniter\CodeIgniter->run()
#5 {main}
CRITICAL - 2020-03-04 11:26:27 --> 
#0 C:\wamp64\www\burakwork\system\HTTP\RedirectResponse.php(92): CodeIgniter\HTTP\Exceptions\HTTPException::forInvalidRedirectRoute('')
#1 C:\wamp64\www\burakwork\system\Common.php(798): CodeIgniter\HTTP\RedirectResponse->route(false)
#2 C:\wamp64\www\burakwork\app\Controllers\Panel.php(9): redirect('/hgfghf')
#3 C:\wamp64\www\burakwork\system\CodeIgniter.php(882): App\Controllers\Panel->__construct()
#4 C:\wamp64\www\burakwork\system\CodeIgniter.php(393): CodeIgniter\CodeIgniter->createController()
#5 C:\wamp64\www\burakwork\system\CodeIgniter.php(306): CodeIgniter\CodeIgniter->handleRequest(NULL, Object(Config\Cache), false)
#6 C:\wamp64\www\burakwork\index.php(45): CodeIgniter\CodeIgniter->run()
#7 {main}
CRITICAL - 2020-03-04 11:34:03 --> syntax error, unexpected '}'
#0 C:\wamp64\www\burakwork\system\Autoloader\Autoloader.php(296): CodeIgniter\Autoloader\Autoloader->requireFile('C:\\wamp64\\www\\b...')
#1 C:\wamp64\www\burakwork\system\Autoloader\Autoloader.php(258): CodeIgniter\Autoloader\Autoloader->loadInNamespace('App\\Controllers...')
#2 [internal function]: CodeIgniter\Autoloader\Autoloader->loadClass('App\\Controllers...')
#3 [internal function]: spl_autoload_call('App\\Controllers...')
#4 C:\wamp64\www\burakwork\system\CodeIgniter.php(861): class_exists('\\App\\Controller...', true)
#5 C:\wamp64\www\burakwork\system\CodeIgniter.php(388): CodeIgniter\CodeIgniter->startController()
#6 C:\wamp64\www\burakwork\system\CodeIgniter.php(306): CodeIgniter\CodeIgniter->handleRequest(NULL, Object(Config\Cache), false)
#7 C:\wamp64\www\burakwork\index.php(45): CodeIgniter\CodeIgniter->run()
#8 {main}
CRITICAL - 2020-03-04 11:37:28 --> Undefined variable: user
#0 C:\wamp64\www\burakwork\app\Controllers\Panel.php(11): CodeIgniter\Debug\Exceptions->errorHandler(8, 'Undefined varia...', 'C:\\wamp64\\www\\b...', 11, Array)
#1 C:\wamp64\www\burakwork\system\CodeIgniter.php(882): App\Controllers\Panel->__construct()
#2 C:\wamp64\www\burakwork\system\CodeIgniter.php(393): CodeIgniter\CodeIgniter->createController()
#3 C:\wamp64\www\burakwork\system\CodeIgniter.php(306): CodeIgniter\CodeIgniter->handleRequest(NULL, Object(Config\Cache), false)
#4 C:\wamp64\www\burakwork\index.php(45): CodeIgniter\CodeIgniter->run()
#5 {main}
CRITICAL - 2020-03-04 11:37:49 --> Call to undefined method CodeIgniter\Session\Session::item()
#0 C:\wamp64\www\burakwork\system\CodeIgniter.php(882): App\Controllers\Panel->__construct()
#1 C:\wamp64\www\burakwork\system\CodeIgniter.php(393): CodeIgniter\CodeIgniter->createController()
#2 C:\wamp64\www\burakwork\system\CodeIgniter.php(306): CodeIgniter\CodeIgniter->handleRequest(NULL, Object(Config\Cache), false)
#3 C:\wamp64\www\burakwork\index.php(45): CodeIgniter\CodeIgniter->run()
#4 {main}
CRITICAL - 2020-03-04 11:37:54 --> You must set the database table to be used with your query.
#0 C:\wamp64\www\burakwork\system\Model.php(1190): CodeIgniter\Database\BaseConnection->table(NULL)
#1 C:\wamp64\www\burakwork\system\Model.php(1700): CodeIgniter\Model->builder()
#2 C:\wamp64\www\burakwork\app\Models\AuthModel.php(8): CodeIgniter\Model->__call('where', Array)
#3 C:\wamp64\www\burakwork\app\Controllers\Panel.php(10): App\Models\AuthModel->get_user(NULL)
#4 C:\wamp64\www\burakwork\system\CodeIgniter.php(882): App\Controllers\Panel->__construct()
#5 C:\wamp64\www\burakwork\system\CodeIgniter.php(393): CodeIgniter\CodeIgniter->createController()
#6 C:\wamp64\www\burakwork\system\CodeIgniter.php(306): CodeIgniter\CodeIgniter->handleRequest(NULL, Object(Config\Cache), false)
#7 C:\wamp64\www\burakwork\index.php(45): CodeIgniter\CodeIgniter->run()
#8 {main}
CRITICAL - 2020-03-04 11:41:07 --> 
#0 C:\wamp64\www\burakwork\system\HTTP\RedirectResponse.php(92): CodeIgniter\HTTP\Exceptions\HTTPException::forInvalidRedirectRoute('')
#1 C:\wamp64\www\burakwork\system\Common.php(798): CodeIgniter\HTTP\RedirectResponse->route(false)
#2 C:\wamp64\www\burakwork\app\Controllers\Panel.php(13): redirect('/login\n\t\t\t')
#3 C:\wamp64\www\burakwork\system\CodeIgniter.php(882): App\Controllers\Panel->__construct()
#4 C:\wamp64\www\burakwork\system\CodeIgniter.php(393): CodeIgniter\CodeIgniter->createController()
#5 C:\wamp64\www\burakwork\system\CodeIgniter.php(306): CodeIgniter\CodeIgniter->handleRequest(NULL, Object(Config\Cache), false)
#6 C:\wamp64\www\burakwork\index.php(45): CodeIgniter\CodeIgniter->run()
#7 {main}
CRITICAL - 2020-03-04 11:41:08 --> 
#0 C:\wamp64\www\burakwork\system\HTTP\RedirectResponse.php(92): CodeIgniter\HTTP\Exceptions\HTTPException::forInvalidRedirectRoute('')
#1 C:\wamp64\www\burakwork\system\Common.php(798): CodeIgniter\HTTP\RedirectResponse->route(false)
#2 C:\wamp64\www\burakwork\app\Controllers\Panel.php(13): redirect('/login\n\t\t\t')
#3 C:\wamp64\www\burakwork\system\CodeIgniter.php(882): App\Controllers\Panel->__construct()
#4 C:\wamp64\www\burakwork\system\CodeIgniter.php(393): CodeIgniter\CodeIgniter->createController()
#5 C:\wamp64\www\burakwork\system\CodeIgniter.php(306): CodeIgniter\CodeIgniter->handleRequest(NULL, Object(Config\Cache), false)
#6 C:\wamp64\www\burakwork\index.php(45): CodeIgniter\CodeIgniter->run()
#7 {main}
CRITICAL - 2020-03-04 11:41:26 --> 
#0 C:\wamp64\www\burakwork\system\HTTP\RedirectResponse.php(92): CodeIgniter\HTTP\Exceptions\HTTPException::forInvalidRedirectRoute('')
#1 C:\wamp64\www\burakwork\system\Common.php(798): CodeIgniter\HTTP\RedirectResponse->route(false)
#2 C:\wamp64\www\burakwork\app\Controllers\Panel.php(13): redirect('http://burakwor...')
#3 C:\wamp64\www\burakwork\system\CodeIgniter.php(882): App\Controllers\Panel->__construct()
#4 C:\wamp64\www\burakwork\system\CodeIgniter.php(393): CodeIgniter\CodeIgniter->createController()
#5 C:\wamp64\www\burakwork\system\CodeIgniter.php(306): CodeIgniter\CodeIgniter->handleRequest(NULL, Object(Config\Cache), false)
#6 C:\wamp64\www\burakwork\index.php(45): CodeIgniter\CodeIgniter->run()
#7 {main}
CRITICAL - 2020-03-04 11:41:26 --> 
#0 C:\wamp64\www\burakwork\system\HTTP\RedirectResponse.php(92): CodeIgniter\HTTP\Exceptions\HTTPException::forInvalidRedirectRoute('')
#1 C:\wamp64\www\burakwork\system\Common.php(798): CodeIgniter\HTTP\RedirectResponse->route(false)
#2 C:\wamp64\www\burakwork\app\Controllers\Panel.php(13): redirect('http://burakwor...')
#3 C:\wamp64\www\burakwork\system\CodeIgniter.php(882): App\Controllers\Panel->__construct()
#4 C:\wamp64\www\burakwork\system\CodeIgniter.php(393): CodeIgniter\CodeIgniter->createController()
#5 C:\wamp64\www\burakwork\system\CodeIgniter.php(306): CodeIgniter\CodeIgniter->handleRequest(NULL, Object(Config\Cache), false)
#6 C:\wamp64\www\burakwork\index.php(45): CodeIgniter\CodeIgniter->run()
#7 {main}
CRITICAL - 2020-03-04 11:44:35 --> 
#0 C:\wamp64\www\burakwork\system\HTTP\RedirectResponse.php(92): CodeIgniter\HTTP\Exceptions\HTTPException::forInvalidRedirectRoute('')
#1 C:\wamp64\www\burakwork\system\Common.php(798): CodeIgniter\HTTP\RedirectResponse->route(false)
#2 C:\wamp64\www\burakwork\app\Controllers\Panel.php(13): redirect('http://burakwor...')
#3 C:\wamp64\www\burakwork\system\CodeIgniter.php(882): App\Controllers\Panel->__construct()
#4 C:\wamp64\www\burakwork\system\CodeIgniter.php(393): CodeIgniter\CodeIgniter->createController()
#5 C:\wamp64\www\burakwork\system\CodeIgniter.php(306): CodeIgniter\CodeIgniter->handleRequest(NULL, Object(Config\Cache), false)
#6 C:\wamp64\www\burakwork\index.php(45): CodeIgniter\CodeIgniter->run()
#7 {main}
CRITICAL - 2020-03-04 11:47:46 --> 
#0 C:\wamp64\www\burakwork\system\HTTP\RedirectResponse.php(92): CodeIgniter\HTTP\Exceptions\HTTPException::forInvalidRedirectRoute('')
#1 C:\wamp64\www\burakwork\system\Common.php(798): CodeIgniter\HTTP\RedirectResponse->route(false)
#2 C:\wamp64\www\burakwork\app\Controllers\Panel.php(13): redirect('login')
#3 C:\wamp64\www\burakwork\system\CodeIgniter.php(882): App\Controllers\Panel->__construct()
#4 C:\wamp64\www\burakwork\system\CodeIgniter.php(393): CodeIgniter\CodeIgniter->createController()
#5 C:\wamp64\www\burakwork\system\CodeIgniter.php(306): CodeIgniter\CodeIgniter->handleRequest(NULL, Object(Config\Cache), false)
#6 C:\wamp64\www\burakwork\index.php(45): CodeIgniter\CodeIgniter->run()
#7 {main}
CRITICAL - 2020-03-04 11:48:05 --> Undefined property: App\Controllers\Panel::$user
#0 C:\wamp64\www\burakwork\app\Controllers\Panel.php(19): CodeIgniter\Debug\Exceptions->errorHandler(8, 'Undefined prope...', 'C:\\wamp64\\www\\b...', 19, Array)
#1 C:\wamp64\www\burakwork\system\CodeIgniter.php(910): App\Controllers\Panel->dashboard()
#2 C:\wamp64\www\burakwork\system\CodeIgniter.php(398): CodeIgniter\CodeIgniter->runController(Object(App\Controllers\Panel))
#3 C:\wamp64\www\burakwork\system\CodeIgniter.php(306): CodeIgniter\CodeIgniter->handleRequest(NULL, Object(Config\Cache), false)
#4 C:\wamp64\www\burakwork\index.php(45): CodeIgniter\CodeIgniter->run()
#5 {main}
CRITICAL - 2020-03-04 11:48:45 --> Undefined property: App\Controllers\Panel::$user
#0 C:\wamp64\www\burakwork\app\Controllers\Panel.php(19): CodeIgniter\Debug\Exceptions->errorHandler(8, 'Undefined prope...', 'C:\\wamp64\\www\\b...', 19, Array)
#1 C:\wamp64\www\burakwork\system\CodeIgniter.php(910): App\Controllers\Panel->dashboard()
#2 C:\wamp64\www\burakwork\system\CodeIgniter.php(398): CodeIgniter\CodeIgniter->runController(Object(App\Controllers\Panel))
#3 C:\wamp64\www\burakwork\system\CodeIgniter.php(306): CodeIgniter\CodeIgniter->handleRequest(NULL, Object(Config\Cache), false)
#4 C:\wamp64\www\burakwork\index.php(45): CodeIgniter\CodeIgniter->run()
#5 {main}
CRITICAL - 2020-03-04 11:51:13 --> 
#0 C:\wamp64\www\burakwork\system\HTTP\RedirectResponse.php(92): CodeIgniter\HTTP\Exceptions\HTTPException::forInvalidRedirectRoute('')
#1 C:\wamp64\www\burakwork\system\Common.php(798): CodeIgniter\HTTP\RedirectResponse->route(false)
#2 C:\wamp64\www\burakwork\app\Controllers\Panel.php(14): redirect('/login')
#3 C:\wamp64\www\burakwork\system\CodeIgniter.php(882): App\Controllers\Panel->__construct()
#4 C:\wamp64\www\burakwork\system\CodeIgniter.php(393): CodeIgniter\CodeIgniter->createController()
#5 C:\wamp64\www\burakwork\system\CodeIgniter.php(306): CodeIgniter\CodeIgniter->handleRequest(NULL, Object(Config\Cache), false)
#6 C:\wamp64\www\burakwork\index.php(45): CodeIgniter\CodeIgniter->run()
#7 {main}
CRITICAL - 2020-03-04 11:54:07 --> 
#0 C:\wamp64\www\burakwork\system\HTTP\RedirectResponse.php(92): CodeIgniter\HTTP\Exceptions\HTTPException::forInvalidRedirectRoute('')
#1 C:\wamp64\www\burakwork\system\Common.php(798): CodeIgniter\HTTP\RedirectResponse->route(false)
#2 C:\wamp64\www\burakwork\app\Controllers\Panel.php(14): redirect('/login')
#3 C:\wamp64\www\burakwork\system\CodeIgniter.php(882): App\Controllers\Panel->__construct()
#4 C:\wamp64\www\burakwork\system\CodeIgniter.php(393): CodeIgniter\CodeIgniter->createController()
#5 C:\wamp64\www\burakwork\system\CodeIgniter.php(306): CodeIgniter\CodeIgniter->handleRequest(NULL, Object(Config\Cache), false)
#6 C:\wamp64\www\burakwork\index.php(45): CodeIgniter\CodeIgniter->run()
#7 {main}
CRITICAL - 2020-03-04 11:57:59 --> syntax error, unexpected 'exit' (T_EXIT)
#0 C:\wamp64\www\burakwork\system\Autoloader\Autoloader.php(296): CodeIgniter\Autoloader\Autoloader->requireFile('C:\\wamp64\\www\\b...')
#1 C:\wamp64\www\burakwork\system\Autoloader\Autoloader.php(258): CodeIgniter\Autoloader\Autoloader->loadInNamespace('App\\Controllers...')
#2 [internal function]: CodeIgniter\Autoloader\Autoloader->loadClass('App\\Controllers...')
#3 [internal function]: spl_autoload_call('App\\Controllers...')
#4 C:\wamp64\www\burakwork\system\CodeIgniter.php(861): class_exists('\\App\\Controller...', true)
#5 C:\wamp64\www\burakwork\system\CodeIgniter.php(388): CodeIgniter\CodeIgniter->startController()
#6 C:\wamp64\www\burakwork\system\CodeIgniter.php(306): CodeIgniter\CodeIgniter->handleRequest(NULL, Object(Config\Cache), false)
#7 C:\wamp64\www\burakwork\index.php(45): CodeIgniter\CodeIgniter->run()
#8 {main}
CRITICAL - 2020-03-04 11:58:48 --> Undefined property: App\Controllers\Auth::$session
#0 C:\wamp64\www\burakwork\app\Controllers\Auth.php(6): CodeIgniter\Debug\Exceptions->errorHandler(8, 'Undefined prope...', 'C:\\wamp64\\www\\b...', 6, Array)
#1 C:\wamp64\www\burakwork\system\CodeIgniter.php(882): App\Controllers\Auth->__construct()
#2 C:\wamp64\www\burakwork\system\CodeIgniter.php(393): CodeIgniter\CodeIgniter->createController()
#3 C:\wamp64\www\burakwork\system\CodeIgniter.php(306): CodeIgniter\CodeIgniter->handleRequest(NULL, Object(Config\Cache), false)
#4 C:\wamp64\www\burakwork\index.php(45): CodeIgniter\CodeIgniter->run()
#5 {main}
CRITICAL - 2020-03-04 11:58:58 --> Undefined property: App\Controllers\Auth::$session
#0 C:\wamp64\www\burakwork\app\Controllers\Auth.php(7): CodeIgniter\Debug\Exceptions->errorHandler(8, 'Undefined prope...', 'C:\\wamp64\\www\\b...', 7, Array)
#1 C:\wamp64\www\burakwork\system\CodeIgniter.php(882): App\Controllers\Auth->__construct()
#2 C:\wamp64\www\burakwork\system\CodeIgniter.php(393): CodeIgniter\CodeIgniter->createController()
#3 C:\wamp64\www\burakwork\system\CodeIgniter.php(306): CodeIgniter\CodeIgniter->handleRequest(NULL, Object(Config\Cache), false)
#4 C:\wamp64\www\burakwork\index.php(45): CodeIgniter\CodeIgniter->run()
#5 {main}
CRITICAL - 2020-03-04 11:58:59 --> Undefined property: App\Controllers\Auth::$session
#0 C:\wamp64\www\burakwork\app\Controllers\Auth.php(7): CodeIgniter\Debug\Exceptions->errorHandler(8, 'Undefined prope...', 'C:\\wamp64\\www\\b...', 7, Array)
#1 C:\wamp64\www\burakwork\system\CodeIgniter.php(882): App\Controllers\Auth->__construct()
#2 C:\wamp64\www\burakwork\system\CodeIgniter.php(393): CodeIgniter\CodeIgniter->createController()
#3 C:\wamp64\www\burakwork\system\CodeIgniter.php(306): CodeIgniter\CodeIgniter->handleRequest(NULL, Object(Config\Cache), false)
#4 C:\wamp64\www\burakwork\index.php(45): CodeIgniter\CodeIgniter->run()
#5 {main}
CRITICAL - 2020-03-04 11:59:20 --> Invalid file: login.php
#0 C:\wamp64\www\burakwork\system\View\View.php(224): CodeIgniter\Exceptions\FrameworkException::forInvalidFile('login.php')
#1 C:\wamp64\www\burakwork\system\Common.php(1071): CodeIgniter\View\View->render('login', Array, true)
#2 C:\wamp64\www\burakwork\app\Controllers\Auth.php(16): view('login')
#3 C:\wamp64\www\burakwork\system\CodeIgniter.php(910): App\Controllers\Auth->login()
#4 C:\wamp64\www\burakwork\system\CodeIgniter.php(398): CodeIgniter\CodeIgniter->runController(Object(App\Controllers\Auth))
#5 C:\wamp64\www\burakwork\system\CodeIgniter.php(306): CodeIgniter\CodeIgniter->handleRequest(NULL, Object(Config\Cache), false)
#6 C:\wamp64\www\burakwork\index.php(45): CodeIgniter\CodeIgniter->run()
#7 {main}
CRITICAL - 2020-03-04 11:59:21 --> Invalid file: login.php
#0 C:\wamp64\www\burakwork\system\View\View.php(224): CodeIgniter\Exceptions\FrameworkException::forInvalidFile('login.php')
#1 C:\wamp64\www\burakwork\system\Common.php(1071): CodeIgniter\View\View->render('login', Array, true)
#2 C:\wamp64\www\burakwork\app\Controllers\Auth.php(16): view('login')
#3 C:\wamp64\www\burakwork\system\CodeIgniter.php(910): App\Controllers\Auth->login()
#4 C:\wamp64\www\burakwork\system\CodeIgniter.php(398): CodeIgniter\CodeIgniter->runController(Object(App\Controllers\Auth))
#5 C:\wamp64\www\burakwork\system\CodeIgniter.php(306): CodeIgniter\CodeIgniter->handleRequest(NULL, Object(Config\Cache), false)
#6 C:\wamp64\www\burakwork\index.php(45): CodeIgniter\CodeIgniter->run()
#7 {main}
CRITICAL - 2020-03-04 12:00:36 --> Invalid file: login.php
#0 C:\wamp64\www\burakwork\system\View\View.php(224): CodeIgniter\Exceptions\FrameworkException::forInvalidFile('login.php')
#1 C:\wamp64\www\burakwork\system\Common.php(1071): CodeIgniter\View\View->render('login', Array, true)
#2 C:\wamp64\www\burakwork\app\Controllers\Auth.php(17): view('login')
#3 C:\wamp64\www\burakwork\system\CodeIgniter.php(910): App\Controllers\Auth->login()
#4 C:\wamp64\www\burakwork\system\CodeIgniter.php(398): CodeIgniter\CodeIgniter->runController(Object(App\Controllers\Auth))
#5 C:\wamp64\www\burakwork\system\CodeIgniter.php(306): CodeIgniter\CodeIgniter->handleRequest(NULL, Object(Config\Cache), false)
#6 C:\wamp64\www\burakwork\index.php(45): CodeIgniter\CodeIgniter->run()
#7 {main}
CRITICAL - 2020-03-04 12:00:36 --> Invalid file: login.php
#0 C:\wamp64\www\burakwork\system\View\View.php(224): CodeIgniter\Exceptions\FrameworkException::forInvalidFile('login.php')
#1 C:\wamp64\www\burakwork\system\Common.php(1071): CodeIgniter\View\View->render('login', Array, true)
#2 C:\wamp64\www\burakwork\app\Controllers\Auth.php(17): view('login')
#3 C:\wamp64\www\burakwork\system\CodeIgniter.php(910): App\Controllers\Auth->login()
#4 C:\wamp64\www\burakwork\system\CodeIgniter.php(398): CodeIgniter\CodeIgniter->runController(Object(App\Controllers\Auth))
#5 C:\wamp64\www\burakwork\system\CodeIgniter.php(306): CodeIgniter\CodeIgniter->handleRequest(NULL, Object(Config\Cache), false)
#6 C:\wamp64\www\burakwork\index.php(45): CodeIgniter\CodeIgniter->run()
#7 {main}
CRITICAL - 2020-03-04 12:01:03 --> Undefined variable: data
#0 C:\wamp64\www\burakwork\app\Controllers\Auth.php(17): CodeIgniter\Debug\Exceptions->errorHandler(8, 'Undefined varia...', 'C:\\wamp64\\www\\b...', 17, Array)
#1 C:\wamp64\www\burakwork\system\CodeIgniter.php(910): App\Controllers\Auth->login()
#2 C:\wamp64\www\burakwork\system\CodeIgniter.php(398): CodeIgniter\CodeIgniter->runController(Object(App\Controllers\Auth))
#3 C:\wamp64\www\burakwork\system\CodeIgniter.php(306): CodeIgniter\CodeIgniter->handleRequest(NULL, Object(Config\Cache), false)
#4 C:\wamp64\www\burakwork\index.php(45): CodeIgniter\CodeIgniter->run()
#5 {main}
CRITICAL - 2020-03-04 12:01:04 --> Undefined variable: data
#0 C:\wamp64\www\burakwork\app\Controllers\Auth.php(17): CodeIgniter\Debug\Exceptions->errorHandler(8, 'Undefined varia...', 'C:\\wamp64\\www\\b...', 17, Array)
#1 C:\wamp64\www\burakwork\system\CodeIgniter.php(910): App\Controllers\Auth->login()
#2 C:\wamp64\www\burakwork\system\CodeIgniter.php(398): CodeIgniter\CodeIgniter->runController(Object(App\Controllers\Auth))
#3 C:\wamp64\www\burakwork\system\CodeIgniter.php(306): CodeIgniter\CodeIgniter->handleRequest(NULL, Object(Config\Cache), false)
#4 C:\wamp64\www\burakwork\index.php(45): CodeIgniter\CodeIgniter->run()
#5 {main}
CRITICAL - 2020-03-04 12:01:25 --> syntax error, unexpected ';'
#0 C:\wamp64\www\burakwork\system\Autoloader\Autoloader.php(296): CodeIgniter\Autoloader\Autoloader->requireFile('C:\\wamp64\\www\\b...')
#1 C:\wamp64\www\burakwork\system\Autoloader\Autoloader.php(258): CodeIgniter\Autoloader\Autoloader->loadInNamespace('App\\Controllers...')
#2 [internal function]: CodeIgniter\Autoloader\Autoloader->loadClass('App\\Controllers...')
#3 [internal function]: spl_autoload_call('App\\Controllers...')
#4 C:\wamp64\www\burakwork\system\CodeIgniter.php(861): class_exists('\\App\\Controller...', true)
#5 C:\wamp64\www\burakwork\system\CodeIgniter.php(388): CodeIgniter\CodeIgniter->startController()
#6 C:\wamp64\www\burakwork\system\CodeIgniter.php(306): CodeIgniter\CodeIgniter->handleRequest(NULL, Object(Config\Cache), false)
#7 C:\wamp64\www\burakwork\index.php(45): CodeIgniter\CodeIgniter->run()
#8 {main}
CRITICAL - 2020-03-04 12:01:33 --> Undefined variable: data
#0 C:\wamp64\www\burakwork\app\Controllers\Auth.php(16): CodeIgniter\Debug\Exceptions->errorHandler(8, 'Undefined varia...', 'C:\\wamp64\\www\\b...', 16, Array)
#1 C:\wamp64\www\burakwork\system\CodeIgniter.php(910): App\Controllers\Auth->login()
#2 C:\wamp64\www\burakwork\system\CodeIgniter.php(398): CodeIgniter\CodeIgniter->runController(Object(App\Controllers\Auth))
#3 C:\wamp64\www\burakwork\system\CodeIgniter.php(306): CodeIgniter\CodeIgniter->handleRequest(NULL, Object(Config\Cache), false)
#4 C:\wamp64\www\burakwork\index.php(45): CodeIgniter\CodeIgniter->run()
#5 {main}
CRITICAL - 2020-03-04 12:01:33 --> Undefined variable: data
#0 C:\wamp64\www\burakwork\app\Controllers\Auth.php(16): CodeIgniter\Debug\Exceptions->errorHandler(8, 'Undefined varia...', 'C:\\wamp64\\www\\b...', 16, Array)
#1 C:\wamp64\www\burakwork\system\CodeIgniter.php(910): App\Controllers\Auth->login()
#2 C:\wamp64\www\burakwork\system\CodeIgniter.php(398): CodeIgniter\CodeIgniter->runController(Object(App\Controllers\Auth))
#3 C:\wamp64\www\burakwork\system\CodeIgniter.php(306): CodeIgniter\CodeIgniter->handleRequest(NULL, Object(Config\Cache), false)
#4 C:\wamp64\www\burakwork\index.php(45): CodeIgniter\CodeIgniter->run()
#5 {main}
CRITICAL - 2020-03-04 12:01:38 --> Undefined variable: data
#0 C:\wamp64\www\burakwork\app\Controllers\Auth.php(17): CodeIgniter\Debug\Exceptions->errorHandler(8, 'Undefined varia...', 'C:\\wamp64\\www\\b...', 17, Array)
#1 C:\wamp64\www\burakwork\system\CodeIgniter.php(910): App\Controllers\Auth->login()
#2 C:\wamp64\www\burakwork\system\CodeIgniter.php(398): CodeIgniter\CodeIgniter->runController(Object(App\Controllers\Auth))
#3 C:\wamp64\www\burakwork\system\CodeIgniter.php(306): CodeIgniter\CodeIgniter->handleRequest(NULL, Object(Config\Cache), false)
#4 C:\wamp64\www\burakwork\index.php(45): CodeIgniter\CodeIgniter->run()
#5 {main}
CRITICAL - 2020-03-04 12:02:35 --> Too few arguments to function CodeIgniter\View\Parser::__construct(), 0 passed in C:\wamp64\www\burakwork\app\Controllers\Auth.php on line 7 and at least 1 expected
#0 C:\wamp64\www\burakwork\app\Controllers\Auth.php(7): CodeIgniter\View\Parser->__construct()
#1 C:\wamp64\www\burakwork\system\CodeIgniter.php(882): App\Controllers\Auth->__construct()
#2 C:\wamp64\www\burakwork\system\CodeIgniter.php(393): CodeIgniter\CodeIgniter->createController()
#3 C:\wamp64\www\burakwork\system\CodeIgniter.php(306): CodeIgniter\CodeIgniter->handleRequest(NULL, Object(Config\Cache), false)
#4 C:\wamp64\www\burakwork\index.php(45): CodeIgniter\CodeIgniter->run()
#5 {main}
CRITICAL - 2020-03-04 12:02:38 --> Too few arguments to function CodeIgniter\View\Parser::__construct(), 0 passed in C:\wamp64\www\burakwork\app\Controllers\Auth.php on line 7 and at least 1 expected
#0 C:\wamp64\www\burakwork\app\Controllers\Auth.php(7): CodeIgniter\View\Parser->__construct()
#1 C:\wamp64\www\burakwork\system\CodeIgniter.php(882): App\Controllers\Auth->__construct()
#2 C:\wamp64\www\burakwork\system\CodeIgniter.php(393): CodeIgniter\CodeIgniter->createController()
#3 C:\wamp64\www\burakwork\system\CodeIgniter.php(306): CodeIgniter\CodeIgniter->handleRequest(NULL, Object(Config\Cache), false)
#4 C:\wamp64\www\burakwork\index.php(45): CodeIgniter\CodeIgniter->run()
#5 {main}
CRITICAL - 2020-03-04 12:03:06 --> Invalid file: login.php
#0 C:\wamp64\www\burakwork\system\View\View.php(224): CodeIgniter\Exceptions\FrameworkException::forInvalidFile('login.php')
#1 C:\wamp64\www\burakwork\system\Common.php(1071): CodeIgniter\View\View->render('login', Array, true)
#2 C:\wamp64\www\burakwork\app\Controllers\Auth.php(16): view('login')
#3 C:\wamp64\www\burakwork\system\CodeIgniter.php(910): App\Controllers\Auth->login()
#4 C:\wamp64\www\burakwork\system\CodeIgniter.php(398): CodeIgniter\CodeIgniter->runController(Object(App\Controllers\Auth))
#5 C:\wamp64\www\burakwork\system\CodeIgniter.php(306): CodeIgniter\CodeIgniter->handleRequest(NULL, Object(Config\Cache), false)
#6 C:\wamp64\www\burakwork\index.php(45): CodeIgniter\CodeIgniter->run()
#7 {main}
CRITICAL - 2020-03-04 12:03:07 --> Invalid file: login.php
#0 C:\wamp64\www\burakwork\system\View\View.php(224): CodeIgniter\Exceptions\FrameworkException::forInvalidFile('login.php')
#1 C:\wamp64\www\burakwork\system\Common.php(1071): CodeIgniter\View\View->render('login', Array, true)
#2 C:\wamp64\www\burakwork\app\Controllers\Auth.php(16): view('login')
#3 C:\wamp64\www\burakwork\system\CodeIgniter.php(910): App\Controllers\Auth->login()
#4 C:\wamp64\www\burakwork\system\CodeIgniter.php(398): CodeIgniter\CodeIgniter->runController(Object(App\Controllers\Auth))
#5 C:\wamp64\www\burakwork\system\CodeIgniter.php(306): CodeIgniter\CodeIgniter->handleRequest(NULL, Object(Config\Cache), false)
#6 C:\wamp64\www\burakwork\index.php(45): CodeIgniter\CodeIgniter->run()
#7 {main}
CRITICAL - 2020-03-04 12:04:19 --> Undefined variable: title
#0 C:\wamp64\www\burakwork\app\Views\login.php(8): CodeIgniter\Debug\Exceptions->errorHandler(8, 'Undefined varia...', 'C:\\wamp64\\www\\b...', 8, Array)
#1 C:\wamp64\www\burakwork\system\View\View.php(236): include('C:\\wamp64\\www\\b...')
#2 C:\wamp64\www\burakwork\system\Common.php(1071): CodeIgniter\View\View->render('login', Array, true)
#3 C:\wamp64\www\burakwork\app\Controllers\Auth.php(16): view('login')
#4 C:\wamp64\www\burakwork\system\CodeIgniter.php(910): App\Controllers\Auth->login()
#5 C:\wamp64\www\burakwork\system\CodeIgniter.php(398): CodeIgniter\CodeIgniter->runController(Object(App\Controllers\Auth))
#6 C:\wamp64\www\burakwork\system\CodeIgniter.php(306): CodeIgniter\CodeIgniter->handleRequest(NULL, Object(Config\Cache), false)
#7 C:\wamp64\www\burakwork\index.php(45): CodeIgniter\CodeIgniter->run()
#8 {main}
CRITICAL - 2020-03-04 12:19:39 --> Call to undefined method CodeIgniter\Database\MySQLi\Connection::where()
#0 C:\wamp64\www\burakwork\app\Views\login.php(3): App\Models\AuthModel->check_user('maillundmark@gm...', '1123456')
#1 C:\wamp64\www\burakwork\system\View\View.php(236): include('C:\\wamp64\\www\\b...')
#2 C:\wamp64\www\burakwork\system\Common.php(1071): CodeIgniter\View\View->render('login', Array, true)
#3 C:\wamp64\www\burakwork\app\Controllers\Auth.php(16): view('login')
#4 C:\wamp64\www\burakwork\system\CodeIgniter.php(910): App\Controllers\Auth->login()
#5 C:\wamp64\www\burakwork\system\CodeIgniter.php(398): CodeIgniter\CodeIgniter->runController(Object(App\Controllers\Auth))
#6 C:\wamp64\www\burakwork\system\CodeIgniter.php(306): CodeIgniter\CodeIgniter->handleRequest(NULL, Object(Config\Cache), false)
#7 C:\wamp64\www\burakwork\index.php(45): CodeIgniter\CodeIgniter->run()
#8 {main}
CRITICAL - 2020-03-04 12:19:40 --> Call to undefined method CodeIgniter\Database\MySQLi\Connection::where()
#0 C:\wamp64\www\burakwork\app\Views\login.php(3): App\Models\AuthModel->check_user('maillundmark@gm...', '1123456')
#1 C:\wamp64\www\burakwork\system\View\View.php(236): include('C:\\wamp64\\www\\b...')
#2 C:\wamp64\www\burakwork\system\Common.php(1071): CodeIgniter\View\View->render('login', Array, true)
#3 C:\wamp64\www\burakwork\app\Controllers\Auth.php(16): view('login')
#4 C:\wamp64\www\burakwork\system\CodeIgniter.php(910): App\Controllers\Auth->login()
#5 C:\wamp64\www\burakwork\system\CodeIgniter.php(398): CodeIgniter\CodeIgniter->runController(Object(App\Controllers\Auth))
#6 C:\wamp64\www\burakwork\system\CodeIgniter.php(306): CodeIgniter\CodeIgniter->handleRequest(NULL, Object(Config\Cache), false)
#7 C:\wamp64\www\burakwork\index.php(45): CodeIgniter\CodeIgniter->run()
#8 {main}
CRITICAL - 2020-03-04 12:19:41 --> Call to undefined method CodeIgniter\Database\MySQLi\Connection::where()
#0 C:\wamp64\www\burakwork\app\Views\login.php(3): App\Models\AuthModel->check_user('maillundmark@gm...', '1123456')
#1 C:\wamp64\www\burakwork\system\View\View.php(236): include('C:\\wamp64\\www\\b...')
#2 C:\wamp64\www\burakwork\system\Common.php(1071): CodeIgniter\View\View->render('login', Array, true)
#3 C:\wamp64\www\burakwork\app\Controllers\Auth.php(16): view('login')
#4 C:\wamp64\www\burakwork\system\CodeIgniter.php(910): App\Controllers\Auth->login()
#5 C:\wamp64\www\burakwork\system\CodeIgniter.php(398): CodeIgniter\CodeIgniter->runController(Object(App\Controllers\Auth))
#6 C:\wamp64\www\burakwork\system\CodeIgniter.php(306): CodeIgniter\CodeIgniter->handleRequest(NULL, Object(Config\Cache), false)
#7 C:\wamp64\www\burakwork\index.php(45): CodeIgniter\CodeIgniter->run()
#8 {main}
CRITICAL - 2020-03-04 12:19:41 --> Call to undefined method CodeIgniter\Database\MySQLi\Connection::where()
#0 C:\wamp64\www\burakwork\app\Views\login.php(3): App\Models\AuthModel->check_user('maillundmark@gm...', '1123456')
#1 C:\wamp64\www\burakwork\system\View\View.php(236): include('C:\\wamp64\\www\\b...')
#2 C:\wamp64\www\burakwork\system\Common.php(1071): CodeIgniter\View\View->render('login', Array, true)
#3 C:\wamp64\www\burakwork\app\Controllers\Auth.php(16): view('login')
#4 C:\wamp64\www\burakwork\system\CodeIgniter.php(910): App\Controllers\Auth->login()
#5 C:\wamp64\www\burakwork\system\CodeIgniter.php(398): CodeIgniter\CodeIgniter->runController(Object(App\Controllers\Auth))
#6 C:\wamp64\www\burakwork\system\CodeIgniter.php(306): CodeIgniter\CodeIgniter->handleRequest(NULL, Object(Config\Cache), false)
#7 C:\wamp64\www\burakwork\index.php(45): CodeIgniter\CodeIgniter->run()
#8 {main}
