CRITICAL - 2020-03-12 16:47:24 --> Using $this when not in object context
#0 [internal function]: CodeIgniter\Events\Events::Config\{closure}()
#1 C:\wamp64\www\burakwork\system\Events\Events.php(188): call_user_func(Object(Closure))
#2 C:\wamp64\www\burakwork\system\CodeIgniter.php(396): CodeIgniter\Events\Events::trigger('post_controller...')
#3 C:\wamp64\www\burakwork\system\CodeIgniter.php(306): CodeIgniter\CodeIgniter->handleRequest(NULL, Object(Config\Cache), false)
#4 C:\wamp64\www\burakwork\index.php(45): CodeIgniter\CodeIgniter->run()
#5 {main}
CRITICAL - 2020-03-12 16:47:24 --> Using $this when not in object context
#0 [internal function]: CodeIgniter\Events\Events::Config\{closure}()
#1 C:\wamp64\www\burakwork\system\Events\Events.php(188): call_user_func(Object(Closure))
#2 C:\wamp64\www\burakwork\system\CodeIgniter.php(396): CodeIgniter\Events\Events::trigger('post_controller...')
#3 C:\wamp64\www\burakwork\system\CodeIgniter.php(306): CodeIgniter\CodeIgniter->handleRequest(NULL, Object(Config\Cache), false)
#4 C:\wamp64\www\burakwork\index.php(45): CodeIgniter\CodeIgniter->run()
#5 {main}
CRITICAL - 2020-03-12 16:52:19 --> Cannot use object of type Config\App as array
#0 [internal function]: CodeIgniter\Events\Events::Config\{closure}()
#1 C:\wamp64\www\burakwork\system\Events\Events.php(188): call_user_func(Object(Closure))
#2 C:\wamp64\www\burakwork\system\CodeIgniter.php(396): CodeIgniter\Events\Events::trigger('post_controller...')
#3 C:\wamp64\www\burakwork\system\CodeIgniter.php(306): CodeIgniter\CodeIgniter->handleRequest(NULL, Object(Config\Cache), false)
#4 C:\wamp64\www\burakwork\index.php(45): CodeIgniter\CodeIgniter->run()
#5 {main}
CRITICAL - 2020-03-12 16:52:20 --> Cannot use object of type Config\App as array
#0 [internal function]: CodeIgniter\Events\Events::Config\{closure}()
#1 C:\wamp64\www\burakwork\system\Events\Events.php(188): call_user_func(Object(Closure))
#2 C:\wamp64\www\burakwork\system\CodeIgniter.php(396): CodeIgniter\Events\Events::trigger('post_controller...')
#3 C:\wamp64\www\burakwork\system\CodeIgniter.php(306): CodeIgniter\CodeIgniter->handleRequest(NULL, Object(Config\Cache), false)
#4 C:\wamp64\www\burakwork\index.php(45): CodeIgniter\CodeIgniter->run()
#5 {main}
CRITICAL - 2020-03-12 16:52:20 --> Cannot use object of type Config\App as array
#0 [internal function]: CodeIgniter\Events\Events::Config\{closure}()
#1 C:\wamp64\www\burakwork\system\Events\Events.php(188): call_user_func(Object(Closure))
#2 C:\wamp64\www\burakwork\system\CodeIgniter.php(396): CodeIgniter\Events\Events::trigger('post_controller...')
#3 C:\wamp64\www\burakwork\system\CodeIgniter.php(306): CodeIgniter\CodeIgniter->handleRequest(NULL, Object(Config\Cache), false)
#4 C:\wamp64\www\burakwork\index.php(45): CodeIgniter\CodeIgniter->run()
#5 {main}
CRITICAL - 2020-03-12 16:52:20 --> Cannot use object of type Config\App as array
#0 [internal function]: CodeIgniter\Events\Events::Config\{closure}()
#1 C:\wamp64\www\burakwork\system\Events\Events.php(188): call_user_func(Object(Closure))
#2 C:\wamp64\www\burakwork\system\CodeIgniter.php(396): CodeIgniter\Events\Events::trigger('post_controller...')
#3 C:\wamp64\www\burakwork\system\CodeIgniter.php(306): CodeIgniter\CodeIgniter->handleRequest(NULL, Object(Config\Cache), false)
#4 C:\wamp64\www\burakwork\index.php(45): CodeIgniter\CodeIgniter->run()
#5 {main}
CRITICAL - 2020-03-12 16:52:21 --> Cannot use object of type Config\App as array
#0 [internal function]: CodeIgniter\Events\Events::Config\{closure}()
#1 C:\wamp64\www\burakwork\system\Events\Events.php(188): call_user_func(Object(Closure))
#2 C:\wamp64\www\burakwork\system\CodeIgniter.php(396): CodeIgniter\Events\Events::trigger('post_controller...')
#3 C:\wamp64\www\burakwork\system\CodeIgniter.php(306): CodeIgniter\CodeIgniter->handleRequest(NULL, Object(Config\Cache), false)
#4 C:\wamp64\www\burakwork\index.php(45): CodeIgniter\CodeIgniter->run()
#5 {main}
CRITICAL - 2020-03-12 17:00:26 --> Invalid file: general_settings.php
#0 C:\wamp64\www\burakwork\system\View\View.php(224): CodeIgniter\Exceptions\FrameworkException::forInvalidFile('general_setting...')
#1 C:\wamp64\www\burakwork\system\Common.php(1071): CodeIgniter\View\View->render('general_setting...', Array, true)
#2 C:\wamp64\www\burakwork\app\Controllers\Panel.php(124): view('general_setting...')
#3 C:\wamp64\www\burakwork\system\CodeIgniter.php(910): App\Controllers\Panel->general_settings()
#4 C:\wamp64\www\burakwork\system\CodeIgniter.php(398): CodeIgniter\CodeIgniter->runController(Object(App\Controllers\Panel))
#5 C:\wamp64\www\burakwork\system\CodeIgniter.php(306): CodeIgniter\CodeIgniter->handleRequest(NULL, Object(Config\Cache), false)
#6 C:\wamp64\www\burakwork\index.php(45): CodeIgniter\CodeIgniter->run()
#7 {main}
CRITICAL - 2020-03-12 17:00:27 --> Invalid file: general_settings.php
#0 C:\wamp64\www\burakwork\system\View\View.php(224): CodeIgniter\Exceptions\FrameworkException::forInvalidFile('general_setting...')
#1 C:\wamp64\www\burakwork\system\Common.php(1071): CodeIgniter\View\View->render('general_setting...', Array, true)
#2 C:\wamp64\www\burakwork\app\Controllers\Panel.php(124): view('general_setting...')
#3 C:\wamp64\www\burakwork\system\CodeIgniter.php(910): App\Controllers\Panel->general_settings()
#4 C:\wamp64\www\burakwork\system\CodeIgniter.php(398): CodeIgniter\CodeIgniter->runController(Object(App\Controllers\Panel))
#5 C:\wamp64\www\burakwork\system\CodeIgniter.php(306): CodeIgniter\CodeIgniter->handleRequest(NULL, Object(Config\Cache), false)
#6 C:\wamp64\www\burakwork\index.php(45): CodeIgniter\CodeIgniter->run()
#7 {main}
CRITICAL - 2020-03-12 17:00:28 --> Invalid file: general_settings.php
#0 C:\wamp64\www\burakwork\system\View\View.php(224): CodeIgniter\Exceptions\FrameworkException::forInvalidFile('general_setting...')
#1 C:\wamp64\www\burakwork\system\Common.php(1071): CodeIgniter\View\View->render('general_setting...', Array, true)
#2 C:\wamp64\www\burakwork\app\Controllers\Panel.php(124): view('general_setting...')
#3 C:\wamp64\www\burakwork\system\CodeIgniter.php(910): App\Controllers\Panel->general_settings()
#4 C:\wamp64\www\burakwork\system\CodeIgniter.php(398): CodeIgniter\CodeIgniter->runController(Object(App\Controllers\Panel))
#5 C:\wamp64\www\burakwork\system\CodeIgniter.php(306): CodeIgniter\CodeIgniter->handleRequest(NULL, Object(Config\Cache), false)
#6 C:\wamp64\www\burakwork\index.php(45): CodeIgniter\CodeIgniter->run()
#7 {main}
