CRITICAL - 2020-03-01 05:44:23 --> Call to undefined method CodeIgniter\View\View::session()
#0 C:\wamp64\www\burakwork\system\View\View.php(236): include()
#1 C:\wamp64\www\burakwork\system\Common.php(1071): CodeIgniter\View\View->render('header', Array, true)
#2 C:\wamp64\www\burakwork\app\Controllers\Home.php(7): view('header')
#3 C:\wamp64\www\burakwork\system\CodeIgniter.php(910): App\Controllers\Home->index()
#4 C:\wamp64\www\burakwork\system\CodeIgniter.php(398): CodeIgniter\CodeIgniter->runController(Object(App\Controllers\Home))
#5 C:\wamp64\www\burakwork\system\CodeIgniter.php(306): CodeIgniter\CodeIgniter->handleRequest(NULL, Object(Config\Cache), false)
#6 C:\wamp64\www\burakwork\index.php(45): CodeIgniter\CodeIgniter->run()
#7 {main}
CRITICAL - 2020-03-01 05:44:23 --> Call to undefined method CodeIgniter\View\View::session()
#0 C:\wamp64\www\burakwork\system\View\View.php(236): include()
#1 C:\wamp64\www\burakwork\system\Common.php(1071): CodeIgniter\View\View->render('header', Array, true)
#2 C:\wamp64\www\burakwork\app\Controllers\Home.php(7): view('header')
#3 C:\wamp64\www\burakwork\system\CodeIgniter.php(910): App\Controllers\Home->index()
#4 C:\wamp64\www\burakwork\system\CodeIgniter.php(398): CodeIgniter\CodeIgniter->runController(Object(App\Controllers\Home))
#5 C:\wamp64\www\burakwork\system\CodeIgniter.php(306): CodeIgniter\CodeIgniter->handleRequest(NULL, Object(Config\Cache), false)
#6 C:\wamp64\www\burakwork\index.php(45): CodeIgniter\CodeIgniter->run()
#7 {main}
CRITICAL - 2020-03-01 05:44:24 --> Call to undefined method CodeIgniter\View\View::session()
#0 C:\wamp64\www\burakwork\system\View\View.php(236): include()
#1 C:\wamp64\www\burakwork\system\Common.php(1071): CodeIgniter\View\View->render('header', Array, true)
#2 C:\wamp64\www\burakwork\app\Controllers\Home.php(7): view('header')
#3 C:\wamp64\www\burakwork\system\CodeIgniter.php(910): App\Controllers\Home->index()
#4 C:\wamp64\www\burakwork\system\CodeIgniter.php(398): CodeIgniter\CodeIgniter->runController(Object(App\Controllers\Home))
#5 C:\wamp64\www\burakwork\system\CodeIgniter.php(306): CodeIgniter\CodeIgniter->handleRequest(NULL, Object(Config\Cache), false)
#6 C:\wamp64\www\burakwork\index.php(45): CodeIgniter\CodeIgniter->run()
#7 {main}
CRITICAL - 2020-03-01 05:44:30 --> Undefined property: CodeIgniter\View\View::$session
#0 C:\wamp64\www\burakwork\app\Views\header.php(21): CodeIgniter\Debug\Exceptions->errorHandler(8, 'Undefined prope...', 'C:\\wamp64\\www\\b...', 21, Array)
#1 C:\wamp64\www\burakwork\system\View\View.php(236): include('C:\\wamp64\\www\\b...')
#2 C:\wamp64\www\burakwork\system\Common.php(1071): CodeIgniter\View\View->render('header', Array, true)
#3 C:\wamp64\www\burakwork\app\Controllers\Home.php(7): view('header')
#4 C:\wamp64\www\burakwork\system\CodeIgniter.php(910): App\Controllers\Home->index()
#5 C:\wamp64\www\burakwork\system\CodeIgniter.php(398): CodeIgniter\CodeIgniter->runController(Object(App\Controllers\Home))
#6 C:\wamp64\www\burakwork\system\CodeIgniter.php(306): CodeIgniter\CodeIgniter->handleRequest(NULL, Object(Config\Cache), false)
#7 C:\wamp64\www\burakwork\index.php(45): CodeIgniter\CodeIgniter->run()
#8 {main}
CRITICAL - 2020-03-01 05:44:30 --> Undefined property: CodeIgniter\View\View::$session
#0 C:\wamp64\www\burakwork\app\Views\header.php(21): CodeIgniter\Debug\Exceptions->errorHandler(8, 'Undefined prope...', 'C:\\wamp64\\www\\b...', 21, Array)
#1 C:\wamp64\www\burakwork\system\View\View.php(236): include('C:\\wamp64\\www\\b...')
#2 C:\wamp64\www\burakwork\system\Common.php(1071): CodeIgniter\View\View->render('header', Array, true)
#3 C:\wamp64\www\burakwork\app\Controllers\Home.php(7): view('header')
#4 C:\wamp64\www\burakwork\system\CodeIgniter.php(910): App\Controllers\Home->index()
#5 C:\wamp64\www\burakwork\system\CodeIgniter.php(398): CodeIgniter\CodeIgniter->runController(Object(App\Controllers\Home))
#6 C:\wamp64\www\burakwork\system\CodeIgniter.php(306): CodeIgniter\CodeIgniter->handleRequest(NULL, Object(Config\Cache), false)
#7 C:\wamp64\www\burakwork\index.php(45): CodeIgniter\CodeIgniter->run()
#8 {main}
CRITICAL - 2020-03-01 05:44:31 --> Undefined property: CodeIgniter\View\View::$session
#0 C:\wamp64\www\burakwork\app\Views\header.php(21): CodeIgniter\Debug\Exceptions->errorHandler(8, 'Undefined prope...', 'C:\\wamp64\\www\\b...', 21, Array)
#1 C:\wamp64\www\burakwork\system\View\View.php(236): include('C:\\wamp64\\www\\b...')
#2 C:\wamp64\www\burakwork\system\Common.php(1071): CodeIgniter\View\View->render('header', Array, true)
#3 C:\wamp64\www\burakwork\app\Controllers\Home.php(7): view('header')
#4 C:\wamp64\www\burakwork\system\CodeIgniter.php(910): App\Controllers\Home->index()
#5 C:\wamp64\www\burakwork\system\CodeIgniter.php(398): CodeIgniter\CodeIgniter->runController(Object(App\Controllers\Home))
#6 C:\wamp64\www\burakwork\system\CodeIgniter.php(306): CodeIgniter\CodeIgniter->handleRequest(NULL, Object(Config\Cache), false)
#7 C:\wamp64\www\burakwork\index.php(45): CodeIgniter\CodeIgniter->run()
#8 {main}
CRITICAL - 2020-03-01 05:44:31 --> Undefined property: CodeIgniter\View\View::$session
#0 C:\wamp64\www\burakwork\app\Views\header.php(21): CodeIgniter\Debug\Exceptions->errorHandler(8, 'Undefined prope...', 'C:\\wamp64\\www\\b...', 21, Array)
#1 C:\wamp64\www\burakwork\system\View\View.php(236): include('C:\\wamp64\\www\\b...')
#2 C:\wamp64\www\burakwork\system\Common.php(1071): CodeIgniter\View\View->render('header', Array, true)
#3 C:\wamp64\www\burakwork\app\Controllers\Home.php(7): view('header')
#4 C:\wamp64\www\burakwork\system\CodeIgniter.php(910): App\Controllers\Home->index()
#5 C:\wamp64\www\burakwork\system\CodeIgniter.php(398): CodeIgniter\CodeIgniter->runController(Object(App\Controllers\Home))
#6 C:\wamp64\www\burakwork\system\CodeIgniter.php(306): CodeIgniter\CodeIgniter->handleRequest(NULL, Object(Config\Cache), false)
#7 C:\wamp64\www\burakwork\index.php(45): CodeIgniter\CodeIgniter->run()
#8 {main}
CRITICAL - 2020-03-01 05:44:37 --> Undefined variable: session
#0 C:\wamp64\www\burakwork\app\Views\header.php(21): CodeIgniter\Debug\Exceptions->errorHandler(8, 'Undefined varia...', 'C:\\wamp64\\www\\b...', 21, Array)
#1 C:\wamp64\www\burakwork\system\View\View.php(236): include('C:\\wamp64\\www\\b...')
#2 C:\wamp64\www\burakwork\system\Common.php(1071): CodeIgniter\View\View->render('header', Array, true)
#3 C:\wamp64\www\burakwork\app\Controllers\Home.php(7): view('header')
#4 C:\wamp64\www\burakwork\system\CodeIgniter.php(910): App\Controllers\Home->index()
#5 C:\wamp64\www\burakwork\system\CodeIgniter.php(398): CodeIgniter\CodeIgniter->runController(Object(App\Controllers\Home))
#6 C:\wamp64\www\burakwork\system\CodeIgniter.php(306): CodeIgniter\CodeIgniter->handleRequest(NULL, Object(Config\Cache), false)
#7 C:\wamp64\www\burakwork\index.php(45): CodeIgniter\CodeIgniter->run()
#8 {main}
CRITICAL - 2020-03-01 05:44:38 --> Undefined variable: session
#0 C:\wamp64\www\burakwork\app\Views\header.php(21): CodeIgniter\Debug\Exceptions->errorHandler(8, 'Undefined varia...', 'C:\\wamp64\\www\\b...', 21, Array)
#1 C:\wamp64\www\burakwork\system\View\View.php(236): include('C:\\wamp64\\www\\b...')
#2 C:\wamp64\www\burakwork\system\Common.php(1071): CodeIgniter\View\View->render('header', Array, true)
#3 C:\wamp64\www\burakwork\app\Controllers\Home.php(7): view('header')
#4 C:\wamp64\www\burakwork\system\CodeIgniter.php(910): App\Controllers\Home->index()
#5 C:\wamp64\www\burakwork\system\CodeIgniter.php(398): CodeIgniter\CodeIgniter->runController(Object(App\Controllers\Home))
#6 C:\wamp64\www\burakwork\system\CodeIgniter.php(306): CodeIgniter\CodeIgniter->handleRequest(NULL, Object(Config\Cache), false)
#7 C:\wamp64\www\burakwork\index.php(45): CodeIgniter\CodeIgniter->run()
#8 {main}
CRITICAL - 2020-03-01 05:44:38 --> Undefined variable: session
#0 C:\wamp64\www\burakwork\app\Views\header.php(21): CodeIgniter\Debug\Exceptions->errorHandler(8, 'Undefined varia...', 'C:\\wamp64\\www\\b...', 21, Array)
#1 C:\wamp64\www\burakwork\system\View\View.php(236): include('C:\\wamp64\\www\\b...')
#2 C:\wamp64\www\burakwork\system\Common.php(1071): CodeIgniter\View\View->render('header', Array, true)
#3 C:\wamp64\www\burakwork\app\Controllers\Home.php(7): view('header')
#4 C:\wamp64\www\burakwork\system\CodeIgniter.php(910): App\Controllers\Home->index()
#5 C:\wamp64\www\burakwork\system\CodeIgniter.php(398): CodeIgniter\CodeIgniter->runController(Object(App\Controllers\Home))
#6 C:\wamp64\www\burakwork\system\CodeIgniter.php(306): CodeIgniter\CodeIgniter->handleRequest(NULL, Object(Config\Cache), false)
#7 C:\wamp64\www\burakwork\index.php(45): CodeIgniter\CodeIgniter->run()
#8 {main}
CRITICAL - 2020-03-01 05:44:54 --> Undefined property: CodeIgniter\View\View::$session
#0 C:\wamp64\www\burakwork\app\Views\header.php(21): CodeIgniter\Debug\Exceptions->errorHandler(8, 'Undefined prope...', 'C:\\wamp64\\www\\b...', 21, Array)
#1 C:\wamp64\www\burakwork\system\View\View.php(236): include('C:\\wamp64\\www\\b...')
#2 C:\wamp64\www\burakwork\system\Common.php(1071): CodeIgniter\View\View->render('header', Array, true)
#3 C:\wamp64\www\burakwork\app\Controllers\Home.php(7): view('header')
#4 C:\wamp64\www\burakwork\system\CodeIgniter.php(910): App\Controllers\Home->index()
#5 C:\wamp64\www\burakwork\system\CodeIgniter.php(398): CodeIgniter\CodeIgniter->runController(Object(App\Controllers\Home))
#6 C:\wamp64\www\burakwork\system\CodeIgniter.php(306): CodeIgniter\CodeIgniter->handleRequest(NULL, Object(Config\Cache), false)
#7 C:\wamp64\www\burakwork\index.php(45): CodeIgniter\CodeIgniter->run()
#8 {main}
CRITICAL - 2020-03-01 05:44:54 --> Undefined property: CodeIgniter\View\View::$session
#0 C:\wamp64\www\burakwork\app\Views\header.php(21): CodeIgniter\Debug\Exceptions->errorHandler(8, 'Undefined prope...', 'C:\\wamp64\\www\\b...', 21, Array)
#1 C:\wamp64\www\burakwork\system\View\View.php(236): include('C:\\wamp64\\www\\b...')
#2 C:\wamp64\www\burakwork\system\Common.php(1071): CodeIgniter\View\View->render('header', Array, true)
#3 C:\wamp64\www\burakwork\app\Controllers\Home.php(7): view('header')
#4 C:\wamp64\www\burakwork\system\CodeIgniter.php(910): App\Controllers\Home->index()
#5 C:\wamp64\www\burakwork\system\CodeIgniter.php(398): CodeIgniter\CodeIgniter->runController(Object(App\Controllers\Home))
#6 C:\wamp64\www\burakwork\system\CodeIgniter.php(306): CodeIgniter\CodeIgniter->handleRequest(NULL, Object(Config\Cache), false)
#7 C:\wamp64\www\burakwork\index.php(45): CodeIgniter\CodeIgniter->run()
#8 {main}
CRITICAL - 2020-03-01 05:44:54 --> Undefined property: CodeIgniter\View\View::$session
#0 C:\wamp64\www\burakwork\app\Views\header.php(21): CodeIgniter\Debug\Exceptions->errorHandler(8, 'Undefined prope...', 'C:\\wamp64\\www\\b...', 21, Array)
#1 C:\wamp64\www\burakwork\system\View\View.php(236): include('C:\\wamp64\\www\\b...')
#2 C:\wamp64\www\burakwork\system\Common.php(1071): CodeIgniter\View\View->render('header', Array, true)
#3 C:\wamp64\www\burakwork\app\Controllers\Home.php(7): view('header')
#4 C:\wamp64\www\burakwork\system\CodeIgniter.php(910): App\Controllers\Home->index()
#5 C:\wamp64\www\burakwork\system\CodeIgniter.php(398): CodeIgniter\CodeIgniter->runController(Object(App\Controllers\Home))
#6 C:\wamp64\www\burakwork\system\CodeIgniter.php(306): CodeIgniter\CodeIgniter->handleRequest(NULL, Object(Config\Cache), false)
#7 C:\wamp64\www\burakwork\index.php(45): CodeIgniter\CodeIgniter->run()
#8 {main}
CRITICAL - 2020-03-01 05:45:01 --> Undefined variable: session
#0 C:\wamp64\www\burakwork\app\Views\header.php(21): CodeIgniter\Debug\Exceptions->errorHandler(8, 'Undefined varia...', 'C:\\wamp64\\www\\b...', 21, Array)
#1 C:\wamp64\www\burakwork\system\View\View.php(236): include('C:\\wamp64\\www\\b...')
#2 C:\wamp64\www\burakwork\system\Common.php(1071): CodeIgniter\View\View->render('header', Array, true)
#3 C:\wamp64\www\burakwork\app\Controllers\Home.php(7): view('header')
#4 C:\wamp64\www\burakwork\system\CodeIgniter.php(910): App\Controllers\Home->index()
#5 C:\wamp64\www\burakwork\system\CodeIgniter.php(398): CodeIgniter\CodeIgniter->runController(Object(App\Controllers\Home))
#6 C:\wamp64\www\burakwork\system\CodeIgniter.php(306): CodeIgniter\CodeIgniter->handleRequest(NULL, Object(Config\Cache), false)
#7 C:\wamp64\www\burakwork\index.php(45): CodeIgniter\CodeIgniter->run()
#8 {main}
CRITICAL - 2020-03-01 05:45:01 --> Undefined variable: session
#0 C:\wamp64\www\burakwork\app\Views\header.php(21): CodeIgniter\Debug\Exceptions->errorHandler(8, 'Undefined varia...', 'C:\\wamp64\\www\\b...', 21, Array)
#1 C:\wamp64\www\burakwork\system\View\View.php(236): include('C:\\wamp64\\www\\b...')
#2 C:\wamp64\www\burakwork\system\Common.php(1071): CodeIgniter\View\View->render('header', Array, true)
#3 C:\wamp64\www\burakwork\app\Controllers\Home.php(7): view('header')
#4 C:\wamp64\www\burakwork\system\CodeIgniter.php(910): App\Controllers\Home->index()
#5 C:\wamp64\www\burakwork\system\CodeIgniter.php(398): CodeIgniter\CodeIgniter->runController(Object(App\Controllers\Home))
#6 C:\wamp64\www\burakwork\system\CodeIgniter.php(306): CodeIgniter\CodeIgniter->handleRequest(NULL, Object(Config\Cache), false)
#7 C:\wamp64\www\burakwork\index.php(45): CodeIgniter\CodeIgniter->run()
#8 {main}
CRITICAL - 2020-03-01 05:45:02 --> Undefined variable: session
#0 C:\wamp64\www\burakwork\app\Views\header.php(21): CodeIgniter\Debug\Exceptions->errorHandler(8, 'Undefined varia...', 'C:\\wamp64\\www\\b...', 21, Array)
#1 C:\wamp64\www\burakwork\system\View\View.php(236): include('C:\\wamp64\\www\\b...')
#2 C:\wamp64\www\burakwork\system\Common.php(1071): CodeIgniter\View\View->render('header', Array, true)
#3 C:\wamp64\www\burakwork\app\Controllers\Home.php(7): view('header')
#4 C:\wamp64\www\burakwork\system\CodeIgniter.php(910): App\Controllers\Home->index()
#5 C:\wamp64\www\burakwork\system\CodeIgniter.php(398): CodeIgniter\CodeIgniter->runController(Object(App\Controllers\Home))
#6 C:\wamp64\www\burakwork\system\CodeIgniter.php(306): CodeIgniter\CodeIgniter->handleRequest(NULL, Object(Config\Cache), false)
#7 C:\wamp64\www\burakwork\index.php(45): CodeIgniter\CodeIgniter->run()
#8 {main}
CRITICAL - 2020-03-01 05:45:39 --> Undefined variable: session
#0 C:\wamp64\www\burakwork\app\Views\header.php(21): CodeIgniter\Debug\Exceptions->errorHandler(8, 'Undefined varia...', 'C:\\wamp64\\www\\b...', 21, Array)
#1 C:\wamp64\www\burakwork\system\View\View.php(236): include('C:\\wamp64\\www\\b...')
#2 C:\wamp64\www\burakwork\system\Common.php(1071): CodeIgniter\View\View->render('header', Array, true)
#3 C:\wamp64\www\burakwork\app\Controllers\Home.php(7): view('header')
#4 C:\wamp64\www\burakwork\system\CodeIgniter.php(910): App\Controllers\Home->index()
#5 C:\wamp64\www\burakwork\system\CodeIgniter.php(398): CodeIgniter\CodeIgniter->runController(Object(App\Controllers\Home))
#6 C:\wamp64\www\burakwork\system\CodeIgniter.php(306): CodeIgniter\CodeIgniter->handleRequest(NULL, Object(Config\Cache), false)
#7 C:\wamp64\www\burakwork\index.php(45): CodeIgniter\CodeIgniter->run()
#8 {main}
CRITICAL - 2020-03-01 05:45:40 --> Undefined variable: session
#0 C:\wamp64\www\burakwork\app\Views\header.php(21): CodeIgniter\Debug\Exceptions->errorHandler(8, 'Undefined varia...', 'C:\\wamp64\\www\\b...', 21, Array)
#1 C:\wamp64\www\burakwork\system\View\View.php(236): include('C:\\wamp64\\www\\b...')
#2 C:\wamp64\www\burakwork\system\Common.php(1071): CodeIgniter\View\View->render('header', Array, true)
#3 C:\wamp64\www\burakwork\app\Controllers\Home.php(7): view('header')
#4 C:\wamp64\www\burakwork\system\CodeIgniter.php(910): App\Controllers\Home->index()
#5 C:\wamp64\www\burakwork\system\CodeIgniter.php(398): CodeIgniter\CodeIgniter->runController(Object(App\Controllers\Home))
#6 C:\wamp64\www\burakwork\system\CodeIgniter.php(306): CodeIgniter\CodeIgniter->handleRequest(NULL, Object(Config\Cache), false)
#7 C:\wamp64\www\burakwork\index.php(45): CodeIgniter\CodeIgniter->run()
#8 {main}
CRITICAL - 2020-03-01 05:46:10 --> Undefined variable: session
#0 C:\wamp64\www\burakwork\app\Controllers\Home.php(7): CodeIgniter\Debug\Exceptions->errorHandler(8, 'Undefined varia...', 'C:\\wamp64\\www\\b...', 7, Array)
#1 C:\wamp64\www\burakwork\system\CodeIgniter.php(910): App\Controllers\Home->index()
#2 C:\wamp64\www\burakwork\system\CodeIgniter.php(398): CodeIgniter\CodeIgniter->runController(Object(App\Controllers\Home))
#3 C:\wamp64\www\burakwork\system\CodeIgniter.php(306): CodeIgniter\CodeIgniter->handleRequest(NULL, Object(Config\Cache), false)
#4 C:\wamp64\www\burakwork\index.php(45): CodeIgniter\CodeIgniter->run()
#5 {main}
CRITICAL - 2020-03-01 05:46:11 --> Undefined variable: session
#0 C:\wamp64\www\burakwork\app\Controllers\Home.php(7): CodeIgniter\Debug\Exceptions->errorHandler(8, 'Undefined varia...', 'C:\\wamp64\\www\\b...', 7, Array)
#1 C:\wamp64\www\burakwork\system\CodeIgniter.php(910): App\Controllers\Home->index()
#2 C:\wamp64\www\burakwork\system\CodeIgniter.php(398): CodeIgniter\CodeIgniter->runController(Object(App\Controllers\Home))
#3 C:\wamp64\www\burakwork\system\CodeIgniter.php(306): CodeIgniter\CodeIgniter->handleRequest(NULL, Object(Config\Cache), false)
#4 C:\wamp64\www\burakwork\index.php(45): CodeIgniter\CodeIgniter->run()
#5 {main}
CRITICAL - 2020-03-01 05:46:27 --> Undefined variable: session
#0 C:\wamp64\www\burakwork\app\Controllers\Home.php(7): CodeIgniter\Debug\Exceptions->errorHandler(8, 'Undefined varia...', 'C:\\wamp64\\www\\b...', 7, Array)
#1 C:\wamp64\www\burakwork\system\CodeIgniter.php(910): App\Controllers\Home->index()
#2 C:\wamp64\www\burakwork\system\CodeIgniter.php(398): CodeIgniter\CodeIgniter->runController(Object(App\Controllers\Home))
#3 C:\wamp64\www\burakwork\system\CodeIgniter.php(306): CodeIgniter\CodeIgniter->handleRequest(NULL, Object(Config\Cache), false)
#4 C:\wamp64\www\burakwork\index.php(45): CodeIgniter\CodeIgniter->run()
#5 {main}
CRITICAL - 2020-03-01 05:46:33 --> Undefined variable: session
#0 C:\wamp64\www\burakwork\app\Controllers\Home.php(7): CodeIgniter\Debug\Exceptions->errorHandler(8, 'Undefined varia...', 'C:\\wamp64\\www\\b...', 7, Array)
#1 C:\wamp64\www\burakwork\system\CodeIgniter.php(910): App\Controllers\Home->index()
#2 C:\wamp64\www\burakwork\system\CodeIgniter.php(398): CodeIgniter\CodeIgniter->runController(Object(App\Controllers\Home))
#3 C:\wamp64\www\burakwork\system\CodeIgniter.php(306): CodeIgniter\CodeIgniter->handleRequest(NULL, Object(Config\Cache), false)
#4 C:\wamp64\www\burakwork\index.php(45): CodeIgniter\CodeIgniter->run()
#5 {main}
CRITICAL - 2020-03-01 05:46:34 --> Undefined variable: session
#0 C:\wamp64\www\burakwork\app\Controllers\Home.php(7): CodeIgniter\Debug\Exceptions->errorHandler(8, 'Undefined varia...', 'C:\\wamp64\\www\\b...', 7, Array)
#1 C:\wamp64\www\burakwork\system\CodeIgniter.php(910): App\Controllers\Home->index()
#2 C:\wamp64\www\burakwork\system\CodeIgniter.php(398): CodeIgniter\CodeIgniter->runController(Object(App\Controllers\Home))
#3 C:\wamp64\www\burakwork\system\CodeIgniter.php(306): CodeIgniter\CodeIgniter->handleRequest(NULL, Object(Config\Cache), false)
#4 C:\wamp64\www\burakwork\index.php(45): CodeIgniter\CodeIgniter->run()
#5 {main}
CRITICAL - 2020-03-01 05:46:50 --> Undefined variable: data
#0 C:\wamp64\www\burakwork\app\Controllers\Home.php(7): CodeIgniter\Debug\Exceptions->errorHandler(8, 'Undefined varia...', 'C:\\wamp64\\www\\b...', 7, Array)
#1 C:\wamp64\www\burakwork\system\CodeIgniter.php(910): App\Controllers\Home->index()
#2 C:\wamp64\www\burakwork\system\CodeIgniter.php(398): CodeIgniter\CodeIgniter->runController(Object(App\Controllers\Home))
#3 C:\wamp64\www\burakwork\system\CodeIgniter.php(306): CodeIgniter\CodeIgniter->handleRequest(NULL, Object(Config\Cache), false)
#4 C:\wamp64\www\burakwork\index.php(45): CodeIgniter\CodeIgniter->run()
#5 {main}
CRITICAL - 2020-03-01 05:46:56 --> Undefined property: App\Controllers\Home::$session
#0 C:\wamp64\www\burakwork\app\Controllers\BaseController.php(40): CodeIgniter\Debug\Exceptions->errorHandler(8, 'Undefined prope...', 'C:\\wamp64\\www\\b...', 40, Array)
#1 C:\wamp64\www\burakwork\system\CodeIgniter.php(883): App\Controllers\BaseController->initController(Object(CodeIgniter\HTTP\IncomingRequest), Object(CodeIgniter\HTTP\Response), Object(CodeIgniter\Log\Logger))
#2 C:\wamp64\www\burakwork\system\CodeIgniter.php(393): CodeIgniter\CodeIgniter->createController()
#3 C:\wamp64\www\burakwork\system\CodeIgniter.php(306): CodeIgniter\CodeIgniter->handleRequest(NULL, Object(Config\Cache), false)
#4 C:\wamp64\www\burakwork\index.php(45): CodeIgniter\CodeIgniter->run()
#5 {main}
CRITICAL - 2020-03-01 05:46:56 --> Undefined property: App\Controllers\Home::$session
#0 C:\wamp64\www\burakwork\app\Controllers\BaseController.php(40): CodeIgniter\Debug\Exceptions->errorHandler(8, 'Undefined prope...', 'C:\\wamp64\\www\\b...', 40, Array)
#1 C:\wamp64\www\burakwork\system\CodeIgniter.php(883): App\Controllers\BaseController->initController(Object(CodeIgniter\HTTP\IncomingRequest), Object(CodeIgniter\HTTP\Response), Object(CodeIgniter\Log\Logger))
#2 C:\wamp64\www\burakwork\system\CodeIgniter.php(393): CodeIgniter\CodeIgniter->createController()
#3 C:\wamp64\www\burakwork\system\CodeIgniter.php(306): CodeIgniter\CodeIgniter->handleRequest(NULL, Object(Config\Cache), false)
#4 C:\wamp64\www\burakwork\index.php(45): CodeIgniter\CodeIgniter->run()
#5 {main}
CRITICAL - 2020-03-01 05:46:56 --> Undefined property: App\Controllers\Home::$session
#0 C:\wamp64\www\burakwork\app\Controllers\BaseController.php(40): CodeIgniter\Debug\Exceptions->errorHandler(8, 'Undefined prope...', 'C:\\wamp64\\www\\b...', 40, Array)
#1 C:\wamp64\www\burakwork\system\CodeIgniter.php(883): App\Controllers\BaseController->initController(Object(CodeIgniter\HTTP\IncomingRequest), Object(CodeIgniter\HTTP\Response), Object(CodeIgniter\Log\Logger))
#2 C:\wamp64\www\burakwork\system\CodeIgniter.php(393): CodeIgniter\CodeIgniter->createController()
#3 C:\wamp64\www\burakwork\system\CodeIgniter.php(306): CodeIgniter\CodeIgniter->handleRequest(NULL, Object(Config\Cache), false)
#4 C:\wamp64\www\burakwork\index.php(45): CodeIgniter\CodeIgniter->run()
#5 {main}
